This is pdfTeX, Version 3.14159265-2.6-1.40.19 (TeX Live 2019/dev/Debian) (preloaded format=pdflatex 2019.4.20)  6 SEP 2019 16:26
entering extended mode
 restricted \write18 enabled.
 %&-line parsing enabled.
**old_series_new_signals.tex
(./old_series_new_signals.tex
LaTeX2e <2018-12-01>
(/usr/share/texlive/texmf-dist/tex/latex/base/article.cls
Document Class: article 2018/09/03 v1.4i Standard LaTeX document class
(/usr/share/texlive/texmf-dist/tex/latex/base/size10.clo
File: size10.clo 2018/09/03 v1.4i Standard LaTeX file (size option)
)
\c@part=\count80
\c@section=\count81
\c@subsection=\count82
\c@subsubsection=\count83
\c@paragraph=\count84
\c@subparagraph=\count85
\c@figure=\count86
\c@table=\count87
\abovecaptionskip=\skip41
\belowcaptionskip=\skip42
\bibindent=\dimen102
)
(/usr/share/texlive/texmf-dist/tex/generic/babel/babel.sty
Package: babel 2018/11/13 3.27 The Babel package

(/usr/share/texlive/texmf-dist/tex/generic/babel/switch.def
File: switch.def 2018/11/13 3.27 Babel switching mechanism
)
(/usr/share/texlive/texmf-dist/tex/generic/babel-english/english.ldf
Language: english 2017/06/06 v3.3r English support from the babel system

(/usr/share/texlive/texmf-dist/tex/generic/babel/babel.def
File: babel.def 2018/11/13 3.27 Babel common definitions
\babel@savecnt=\count88
\U@D=\dimen103

(/usr/share/texlive/texmf-dist/tex/generic/babel/txtbabel.def)
\bbl@dirlevel=\count89
)
\l@british = a dialect from \language\l@english 
\l@UKenglish = a dialect from \language\l@english 
\l@canadian = a dialect from \language\l@american 
\l@australian = a dialect from \language\l@british 
\l@newzealand = a dialect from \language\l@british 
)
(/usr/share/texlive/texmf-dist/tex/generic/babel-spanish/spanish.ldf
Language: spanish.ldf 2016/03/03 v5.0p Spanish support from the babel system
\es@quottoks=\toks14
\es@quotdepth=\count90
Package babel Info: Making " an active character on input line 561.
Package babel Info: Making . an active character on input line 662.
Package babel Info: Making < an active character on input line 707.
Package babel Info: Making > an active character on input line 707.
))
(/usr/share/texlive/texmf-dist/tex/latex/base/inputenc.sty
Package: inputenc 2018/08/11 v1.3c Input encoding file
\inpenc@prehook=\toks15
\inpenc@posthook=\toks16

(/usr/share/texlive/texmf-dist/tex/latex/ucs/utf8x.def
File: utf8x.def 2004/10/17 UCS: Input encoding UTF-8
))
(/usr/share/texlive/texmf-dist/tex/latex/ucs/ucs.sty
Package: ucs 2013/05/11 v2.2 UCS: Unicode input support

(/usr/share/texlive/texmf-dist/tex/latex/ucs/data/uni-global.def
File: uni-global.def 2013/05/13 UCS: Unicode global data
)
\uc@secondtry=\count91
\uc@combtoks=\toks17
\uc@combtoksb=\toks18
\uc@temptokena=\toks19
)
(/usr/share/texlive/texmf-dist/tex/latex/base/fontenc.sty
Package: fontenc 2018/08/11 v2.0j Standard LaTeX package

(/usr/share/texlive/texmf-dist/tex/latex/base/t1enc.def
File: t1enc.def 2018/08/11 v2.0j Standard LaTeX file
LaTeX Font Info:    Redeclaring font encoding T1 on input line 48.
))
(/usr/share/texlive/texmf-dist/tex/latex/lipsum/lipsum.sty
(/usr/share/texlive/texmf-dist/tex/latex/l3kernel/expl3.sty
Package: expl3 2019-02-15 L3 programming layer (loader) 

(/usr/share/texlive/texmf-dist/tex/latex/l3kernel/expl3-code.tex
Package: expl3 2019-02-15 L3 programming layer (code)
\c_max_int=\count92
\l_tmpa_int=\count93
\l_tmpb_int=\count94
\g_tmpa_int=\count95
\g_tmpb_int=\count96
\g__kernel_prg_map_int=\count97
\c_log_iow=\count98
\l_iow_line_count_int=\count99
\l__iow_line_target_int=\count100
\l__iow_one_indent_int=\count101
\l__iow_indent_int=\count102
\c_zero_dim=\dimen104
\c_max_dim=\dimen105
\l_tmpa_dim=\dimen106
\l_tmpb_dim=\dimen107
\g_tmpa_dim=\dimen108
\g_tmpb_dim=\dimen109
\c_zero_skip=\skip43
\c_max_skip=\skip44
\l_tmpa_skip=\skip45
\l_tmpb_skip=\skip46
\g_tmpa_skip=\skip47
\g_tmpb_skip=\skip48
\c_zero_muskip=\muskip10
\c_max_muskip=\muskip11
\l_tmpa_muskip=\muskip12
\l_tmpb_muskip=\muskip13
\g_tmpa_muskip=\muskip14
\g_tmpb_muskip=\muskip15
\l_keys_choice_int=\count103
\l__intarray_loop_int=\count104
\c__intarray_sp_dim=\dimen110
\g__intarray_font_int=\count105
\c__fp_leading_shift_int=\count106
\c__fp_middle_shift_int=\count107
\c__fp_trailing_shift_int=\count108
\c__fp_big_leading_shift_int=\count109
\c__fp_big_middle_shift_int=\count110
\c__fp_big_trailing_shift_int=\count111
\c__fp_Bigg_leading_shift_int=\count112
\c__fp_Bigg_middle_shift_int=\count113
\c__fp_Bigg_trailing_shift_int=\count114
\c__kernel_randint_max_int=\count115
\g__fp_array_int=\count116
\l__fp_array_loop_int=\count117
\l__sort_length_int=\count118
\l__sort_min_int=\count119
\l__sort_top_int=\count120
\l__sort_max_int=\count121
\l__sort_true_max_int=\count122
\l__sort_block_int=\count123
\l__sort_begin_int=\count124
\l__sort_end_int=\count125
\l__sort_A_int=\count126
\l__sort_B_int=\count127
\l__sort_C_int=\count128
\l__tl_analysis_normal_int=\count129
\l__tl_analysis_index_int=\count130
\l__tl_analysis_nesting_int=\count131
\l__tl_analysis_type_int=\count132
\l__regex_internal_a_int=\count133
\l__regex_internal_b_int=\count134
\l__regex_internal_c_int=\count135
\l__regex_balance_int=\count136
\l__regex_group_level_int=\count137
\l__regex_mode_int=\count138
\c__regex_cs_in_class_mode_int=\count139
\c__regex_cs_mode_int=\count140
\l__regex_catcodes_int=\count141
\l__regex_default_catcodes_int=\count142
\c__regex_catcode_D_int=\count143
\c__regex_catcode_S_int=\count144
\c__regex_catcode_L_int=\count145
\c__regex_catcode_O_int=\count146
\c__regex_catcode_A_int=\count147
\c__regex_all_catcodes_int=\count148
\l__regex_show_lines_int=\count149
\l__regex_min_state_int=\count150
\l__regex_max_state_int=\count151
\l__regex_left_state_int=\count152
\l__regex_right_state_int=\count153
\l__regex_capturing_group_int=\count154
\l__regex_min_pos_int=\count155
\l__regex_max_pos_int=\count156
\l__regex_curr_pos_int=\count157
\l__regex_start_pos_int=\count158
\l__regex_success_pos_int=\count159
\l__regex_curr_char_int=\count160
\l__regex_curr_catcode_int=\count161
\l__regex_last_char_int=\count162
\l__regex_case_changed_char_int=\count163
\l__regex_curr_state_int=\count164
\l__regex_step_int=\count165
\l__regex_min_active_int=\count166
\l__regex_max_active_int=\count167
\l__regex_replacement_csnames_int=\count168
\l__regex_match_count_int=\count169
\l__regex_min_submatch_int=\count170
\l__regex_submatch_int=\count171
\l__regex_zeroth_submatch_int=\count172
\g__regex_trace_regex_int=\count173
\c_empty_box=\box27
\l_tmpa_box=\box28
\l_tmpb_box=\box29
\g_tmpa_box=\box30
\g_tmpb_box=\box31
\l__box_top_dim=\dimen111
\l__box_bottom_dim=\dimen112
\l__box_left_dim=\dimen113
\l__box_right_dim=\dimen114
\l__box_top_new_dim=\dimen115
\l__box_bottom_new_dim=\dimen116
\l__box_left_new_dim=\dimen117
\l__box_right_new_dim=\dimen118
\l__box_internal_box=\box32
\l__coffin_internal_box=\box33
\l__coffin_internal_dim=\dimen119
\l__coffin_offset_x_dim=\dimen120
\l__coffin_offset_y_dim=\dimen121
\l__coffin_x_dim=\dimen122
\l__coffin_y_dim=\dimen123
\l__coffin_x_prime_dim=\dimen124
\l__coffin_y_prime_dim=\dimen125
\c_empty_coffin=\box34
\l__coffin_aligned_coffin=\box35
\l__coffin_aligned_internal_coffin=\box36
\l_tmpa_coffin=\box37
\l_tmpb_coffin=\box38
\g_tmpa_coffin=\box39
\g_tmpb_coffin=\box40
\c__coffin_empty_coffin=\box41
\l__coffin_display_coffin=\box42
\l__coffin_display_coord_coffin=\box43
\l__coffin_display_pole_coffin=\box44
\l__coffin_display_offset_dim=\dimen126
\l__coffin_display_x_dim=\dimen127
\l__coffin_display_y_dim=\dimen128
\g__file_internal_ior=\read1
\l__coffin_bounding_shift_dim=\dimen129
\l__coffin_left_corner_dim=\dimen130
\l__coffin_right_corner_dim=\dimen131
\l__coffin_bottom_corner_dim=\dimen132
\l__coffin_top_corner_dim=\dimen133
\l__coffin_scaled_total_height_dim=\dimen134
\l__coffin_scaled_width_dim=\dimen135
\l__seq_internal_a_int=\count174
\l__seq_internal_b_int=\count175
)
(/usr/share/texlive/texmf-dist/tex/latex/l3kernel/l3pdfmode.def
File: l3pdfmode.def 2019-02-15 v L3 Experimental driver: PDF mode
\l__driver_color_stack_int=\count176
))
(/usr/share/texlive/texmf-dist/tex/latex/l3packages/xparse/xparse.sty
Package: xparse 2018-10-17 L3 Experimental document command parser
\l__xparse_current_arg_int=\count177
\g__xparse_grabber_int=\count178
\l__xparse_m_args_int=\count179
\l__xparse_mandatory_args_int=\count180
\l__xparse_v_nesting_int=\count181
)
Package: lipsum 2019/01/02 v2.2 150 paragraphs of Lorem Ipsum dummy text

(/usr/share/texlive/texmf-dist/tex/latex/lipsum/lipsum.ltd.tex
File: lipsum.ltd.tex 2019/01/02 v2.2 The Lorem ipsum dummy text
))
(/usr/share/texlive/texmf-dist/tex/latex/natbib/natbib.sty
Package: natbib 2010/09/13 8.31b (PWD, AO)
\bibhang=\skip49
\bibsep=\skip50
LaTeX Info: Redefining \cite on input line 694.
\c@NAT@ctr=\count182
)
(/usr/share/texlive/texmf-dist/tex/latex/amsmath/amsmath.sty
Package: amsmath 2018/12/01 v2.17b AMS math features
\@mathmargin=\skip51

For additional information on amsmath, use the `?' option.
(/usr/share/texlive/texmf-dist/tex/latex/amsmath/amstext.sty
Package: amstext 2000/06/29 v2.01 AMS text

(/usr/share/texlive/texmf-dist/tex/latex/amsmath/amsgen.sty
File: amsgen.sty 1999/11/30 v2.0 generic functions
\@emptytoks=\toks20
\ex@=\dimen136
))
(/usr/share/texlive/texmf-dist/tex/latex/amsmath/amsbsy.sty
Package: amsbsy 1999/11/29 v1.2d Bold Symbols
\pmbraise@=\dimen137
)
(/usr/share/texlive/texmf-dist/tex/latex/amsmath/amsopn.sty
Package: amsopn 2016/03/08 v2.02 operator names
)
\inf@bad=\count183
LaTeX Info: Redefining \frac on input line 223.
\uproot@=\count184
\leftroot@=\count185
LaTeX Info: Redefining \overline on input line 385.
\classnum@=\count186
\DOTSCASE@=\count187
LaTeX Info: Redefining \ldots on input line 482.
LaTeX Info: Redefining \dots on input line 485.
LaTeX Info: Redefining \cdots on input line 606.
\Mathstrutbox@=\box45
\strutbox@=\box46
\big@size=\dimen138
LaTeX Font Info:    Redeclaring font encoding OML on input line 729.
LaTeX Font Info:    Redeclaring font encoding OMS on input line 730.
\macc@depth=\count188
\c@MaxMatrixCols=\count189
\dotsspace@=\muskip16
\c@parentequation=\count190
\dspbrk@lvl=\count191
\tag@help=\toks21
\row@=\count192
\column@=\count193
\maxfields@=\count194
\andhelp@=\toks22
\eqnshift@=\dimen139
\alignsep@=\dimen140
\tagshift@=\dimen141
\tagwidth@=\dimen142
\totwidth@=\dimen143
\lineht@=\dimen144
\@envbody=\toks23
\multlinegap=\skip52
\multlinetaggap=\skip53
\mathdisplay@stack=\toks24
LaTeX Info: Redefining \[ on input line 2844.
LaTeX Info: Redefining \] on input line 2845.
)
(/usr/share/texlive/texmf-dist/tex/latex/graphics/graphicx.sty
Package: graphicx 2017/06/01 v1.1a Enhanced LaTeX Graphics (DPC,SPQR)

(/usr/share/texlive/texmf-dist/tex/latex/graphics/keyval.sty
Package: keyval 2014/10/28 v1.15 key=value parser (DPC)
\KV@toks@=\toks25
)
(/usr/share/texlive/texmf-dist/tex/latex/graphics/graphics.sty
Package: graphics 2017/06/25 v1.2c Standard LaTeX Graphics (DPC,SPQR)

(/usr/share/texlive/texmf-dist/tex/latex/graphics/trig.sty
Package: trig 2016/01/03 v1.10 sin cos tan (DPC)
)
(/usr/share/texlive/texmf-dist/tex/latex/graphics-cfg/graphics.cfg
File: graphics.cfg 2016/06/04 v1.11 sample graphics configuration
)
Package graphics Info: Driver file: pdftex.def on input line 99.

(/usr/share/texlive/texmf-dist/tex/latex/graphics-def/pdftex.def
File: pdftex.def 2018/01/08 v1.0l Graphics/color driver for pdftex
))
\Gin@req@height=\dimen145
\Gin@req@width=\dimen146
)
(/usr/share/texlive/texmf-dist/tex/latex/todonotes/todonotes.sty
Package: todonotes 2019/01/24 v1.1.2 Todonotes source and documentation.
Package: todonotes 2018/11/22

(/usr/share/texlive/texmf-dist/tex/latex/base/ifthen.sty
Package: ifthen 2014/09/29 v1.1c Standard LaTeX ifthen package (DPC)
)
(/usr/share/texlive/texmf-dist/tex/latex/xkeyval/xkeyval.sty
Package: xkeyval 2014/12/03 v2.7a package option processing (HA)

(/usr/share/texlive/texmf-dist/tex/generic/xkeyval/xkeyval.tex
(/usr/share/texlive/texmf-dist/tex/generic/xkeyval/xkvutils.tex
\XKV@toks=\toks26
\XKV@tempa@toks=\toks27
)
\XKV@depth=\count195
File: xkeyval.tex 2014/12/03 v2.7a key=value parser (HA)
))
(/usr/share/texlive/texmf-dist/tex/latex/xcolor/xcolor.sty
Package: xcolor 2016/05/11 v2.12 LaTeX color extensions (UK)

(/usr/share/texlive/texmf-dist/tex/latex/graphics-cfg/color.cfg
File: color.cfg 2016/01/02 v1.6 sample color configuration
)
Package xcolor Info: Driver file: pdftex.def on input line 225.
Package xcolor Info: Model `cmy' substituted by `cmy0' on input line 1348.
Package xcolor Info: Model `hsb' substituted by `rgb' on input line 1352.
Package xcolor Info: Model `RGB' extended on input line 1364.
Package xcolor Info: Model `HTML' substituted by `rgb' on input line 1366.
Package xcolor Info: Model `Hsb' substituted by `hsb' on input line 1367.
Package xcolor Info: Model `tHsb' substituted by `hsb' on input line 1368.
Package xcolor Info: Model `HSB' substituted by `hsb' on input line 1369.
Package xcolor Info: Model `Gray' substituted by `gray' on input line 1370.
Package xcolor Info: Model `wave' substituted by `hsb' on input line 1371.
)
(/usr/share/texlive/texmf-dist/tex/latex/pgf/frontendlayer/tikz.sty
(/usr/share/texlive/texmf-dist/tex/latex/pgf/basiclayer/pgf.sty
(/usr/share/texlive/texmf-dist/tex/latex/pgf/utilities/pgfrcs.sty
(/usr/share/texlive/texmf-dist/tex/generic/pgf/utilities/pgfutil-common.tex
\pgfutil@everybye=\toks28
\pgfutil@tempdima=\dimen147
\pgfutil@tempdimb=\dimen148

(/usr/share/texlive/texmf-dist/tex/generic/pgf/utilities/pgfutil-common-lists.t
ex)) (/usr/share/texlive/texmf-dist/tex/generic/pgf/utilities/pgfutil-latex.def
\pgfutil@abb=\box47
(/usr/share/texlive/texmf-dist/tex/latex/ms/everyshi.sty
Package: everyshi 2001/05/15 v3.00 EveryShipout Package (MS)
))
(/usr/share/texlive/texmf-dist/tex/generic/pgf/utilities/pgfrcs.code.tex
(/usr/share/texlive/texmf-dist/tex/generic/pgf/pgf.revision.tex)
Package: pgfrcs 2019/02/02 v3.1.1 (3.1.1)
))
Package: pgf 2019/02/02 v3.1.1 (3.1.1)

(/usr/share/texlive/texmf-dist/tex/latex/pgf/basiclayer/pgfcore.sty
(/usr/share/texlive/texmf-dist/tex/latex/pgf/systemlayer/pgfsys.sty
(/usr/share/texlive/texmf-dist/tex/generic/pgf/systemlayer/pgfsys.code.tex
Package: pgfsys 2019/02/02 v3.1.1 (3.1.1)

(/usr/share/texlive/texmf-dist/tex/generic/pgf/utilities/pgfkeys.code.tex
\pgfkeys@pathtoks=\toks29
\pgfkeys@temptoks=\toks30

(/usr/share/texlive/texmf-dist/tex/generic/pgf/utilities/pgfkeysfiltered.code.t
ex
\pgfkeys@tmptoks=\toks31
))
\pgf@x=\dimen149
\pgf@y=\dimen150
\pgf@xa=\dimen151
\pgf@ya=\dimen152
\pgf@xb=\dimen153
\pgf@yb=\dimen154
\pgf@xc=\dimen155
\pgf@yc=\dimen156
\w@pgf@writea=\write3
\r@pgf@reada=\read2
\c@pgf@counta=\count196
\c@pgf@countb=\count197
\c@pgf@countc=\count198
\c@pgf@countd=\count199
\t@pgf@toka=\toks32
\t@pgf@tokb=\toks33
\t@pgf@tokc=\toks34
\pgf@sys@id@count=\count266
 (/usr/share/texlive/texmf-dist/tex/generic/pgf/systemlayer/pgf.cfg
File: pgf.cfg 2019/02/02 v3.1.1 (3.1.1)
)
Driver file for pgf: pgfsys-pdftex.def

(/usr/share/texlive/texmf-dist/tex/generic/pgf/systemlayer/pgfsys-pdftex.def
File: pgfsys-pdftex.def 2019/02/02 v3.1.1 (3.1.1)

(/usr/share/texlive/texmf-dist/tex/generic/pgf/systemlayer/pgfsys-common-pdf.de
f
File: pgfsys-common-pdf.def 2019/02/02 v3.1.1 (3.1.1)
)))
(/usr/share/texlive/texmf-dist/tex/generic/pgf/systemlayer/pgfsyssoftpath.code.
tex
File: pgfsyssoftpath.code.tex 2019/02/02 v3.1.1 (3.1.1)
\pgfsyssoftpath@smallbuffer@items=\count267
\pgfsyssoftpath@bigbuffer@items=\count268
)
(/usr/share/texlive/texmf-dist/tex/generic/pgf/systemlayer/pgfsysprotocol.code.
tex
File: pgfsysprotocol.code.tex 2019/02/02 v3.1.1 (3.1.1)
))
(/usr/share/texlive/texmf-dist/tex/generic/pgf/basiclayer/pgfcore.code.tex
Package: pgfcore 2019/02/02 v3.1.1 (3.1.1)

(/usr/share/texlive/texmf-dist/tex/generic/pgf/math/pgfmath.code.tex
(/usr/share/texlive/texmf-dist/tex/generic/pgf/math/pgfmathcalc.code.tex
(/usr/share/texlive/texmf-dist/tex/generic/pgf/math/pgfmathutil.code.tex)
(/usr/share/texlive/texmf-dist/tex/generic/pgf/math/pgfmathparser.code.tex
\pgfmath@dimen=\dimen157
\pgfmath@count=\count269
\pgfmath@box=\box48
\pgfmath@toks=\toks35
\pgfmath@stack@operand=\toks36
\pgfmath@stack@operation=\toks37
)
(/usr/share/texlive/texmf-dist/tex/generic/pgf/math/pgfmathfunctions.code.tex
(/usr/share/texlive/texmf-dist/tex/generic/pgf/math/pgfmathfunctions.basic.code
.tex)
(/usr/share/texlive/texmf-dist/tex/generic/pgf/math/pgfmathfunctions.trigonomet
ric.code.tex)
(/usr/share/texlive/texmf-dist/tex/generic/pgf/math/pgfmathfunctions.random.cod
e.tex)
(/usr/share/texlive/texmf-dist/tex/generic/pgf/math/pgfmathfunctions.comparison
.code.tex)
(/usr/share/texlive/texmf-dist/tex/generic/pgf/math/pgfmathfunctions.base.code.
tex)
(/usr/share/texlive/texmf-dist/tex/generic/pgf/math/pgfmathfunctions.round.code
.tex)
(/usr/share/texlive/texmf-dist/tex/generic/pgf/math/pgfmathfunctions.misc.code.
tex)
(/usr/share/texlive/texmf-dist/tex/generic/pgf/math/pgfmathfunctions.integerari
thmetics.code.tex)))
(/usr/share/texlive/texmf-dist/tex/generic/pgf/math/pgfmathfloat.code.tex
\c@pgfmathroundto@lastzeros=\count270
))
(/usr/share/texlive/texmf-dist/tex/generic/pgf/basiclayer/pgfcorepoints.code.te
x
File: pgfcorepoints.code.tex 2019/02/02 v3.1.1 (3.1.1)
\pgf@picminx=\dimen158
\pgf@picmaxx=\dimen159
\pgf@picminy=\dimen160
\pgf@picmaxy=\dimen161
\pgf@pathminx=\dimen162
\pgf@pathmaxx=\dimen163
\pgf@pathminy=\dimen164
\pgf@pathmaxy=\dimen165
\pgf@xx=\dimen166
\pgf@xy=\dimen167
\pgf@yx=\dimen168
\pgf@yy=\dimen169
\pgf@zx=\dimen170
\pgf@zy=\dimen171
)
(/usr/share/texlive/texmf-dist/tex/generic/pgf/basiclayer/pgfcorepathconstruct.
code.tex
File: pgfcorepathconstruct.code.tex 2019/02/02 v3.1.1 (3.1.1)
\pgf@path@lastx=\dimen172
\pgf@path@lasty=\dimen173
)
(/usr/share/texlive/texmf-dist/tex/generic/pgf/basiclayer/pgfcorepathusage.code
.tex
File: pgfcorepathusage.code.tex 2019/02/02 v3.1.1 (3.1.1)
\pgf@shorten@end@additional=\dimen174
\pgf@shorten@start@additional=\dimen175
)
(/usr/share/texlive/texmf-dist/tex/generic/pgf/basiclayer/pgfcorescopes.code.te
x
File: pgfcorescopes.code.tex 2019/02/02 v3.1.1 (3.1.1)
\pgfpic=\box49
\pgf@hbox=\box50
\pgf@layerbox@main=\box51
\pgf@picture@serial@count=\count271
)
(/usr/share/texlive/texmf-dist/tex/generic/pgf/basiclayer/pgfcoregraphicstate.c
ode.tex
File: pgfcoregraphicstate.code.tex 2019/02/02 v3.1.1 (3.1.1)
\pgflinewidth=\dimen176
)
(/usr/share/texlive/texmf-dist/tex/generic/pgf/basiclayer/pgfcoretransformation
s.code.tex
File: pgfcoretransformations.code.tex 2019/02/02 v3.1.1 (3.1.1)
\pgf@pt@x=\dimen177
\pgf@pt@y=\dimen178
\pgf@pt@temp=\dimen179
)
(/usr/share/texlive/texmf-dist/tex/generic/pgf/basiclayer/pgfcorequick.code.tex
File: pgfcorequick.code.tex 2019/02/02 v3.1.1 (3.1.1)
)
(/usr/share/texlive/texmf-dist/tex/generic/pgf/basiclayer/pgfcoreobjects.code.t
ex
File: pgfcoreobjects.code.tex 2019/02/02 v3.1.1 (3.1.1)
)
(/usr/share/texlive/texmf-dist/tex/generic/pgf/basiclayer/pgfcorepathprocessing
.code.tex
File: pgfcorepathprocessing.code.tex 2019/02/02 v3.1.1 (3.1.1)
)
(/usr/share/texlive/texmf-dist/tex/generic/pgf/basiclayer/pgfcorearrows.code.te
x
File: pgfcorearrows.code.tex 2019/02/02 v3.1.1 (3.1.1)
\pgfarrowsep=\dimen180
)
(/usr/share/texlive/texmf-dist/tex/generic/pgf/basiclayer/pgfcoreshade.code.tex
File: pgfcoreshade.code.tex 2019/02/02 v3.1.1 (3.1.1)
\pgf@max=\dimen181
\pgf@sys@shading@range@num=\count272
)
(/usr/share/texlive/texmf-dist/tex/generic/pgf/basiclayer/pgfcoreimage.code.tex
File: pgfcoreimage.code.tex 2019/02/02 v3.1.1 (3.1.1)

(/usr/share/texlive/texmf-dist/tex/generic/pgf/basiclayer/pgfcoreexternal.code.
tex
File: pgfcoreexternal.code.tex 2019/02/02 v3.1.1 (3.1.1)
\pgfexternal@startupbox=\box52
))
(/usr/share/texlive/texmf-dist/tex/generic/pgf/basiclayer/pgfcorelayers.code.te
x
File: pgfcorelayers.code.tex 2019/02/02 v3.1.1 (3.1.1)
)
(/usr/share/texlive/texmf-dist/tex/generic/pgf/basiclayer/pgfcoretransparency.c
ode.tex
File: pgfcoretransparency.code.tex 2019/02/02 v3.1.1 (3.1.1)
)
(/usr/share/texlive/texmf-dist/tex/generic/pgf/basiclayer/pgfcorepatterns.code.
tex
File: pgfcorepatterns.code.tex 2019/02/02 v3.1.1 (3.1.1)
)
(/usr/share/texlive/texmf-dist/tex/generic/pgf/basiclayer/pgfcorerdf.code.tex
File: pgfcorerdf.code.tex 2019/02/02 v3.1.1 (3.1.1)
)))
(/usr/share/texlive/texmf-dist/tex/generic/pgf/modules/pgfmoduleshapes.code.tex
File: pgfmoduleshapes.code.tex 2019/02/02 v3.1.1 (3.1.1)
\pgfnodeparttextbox=\box53
) (/usr/share/texlive/texmf-dist/tex/generic/pgf/modules/pgfmoduleplot.code.tex
File: pgfmoduleplot.code.tex 2019/02/02 v3.1.1 (3.1.1)
)
(/usr/share/texlive/texmf-dist/tex/latex/pgf/compatibility/pgfcomp-version-0-65
.sty
Package: pgfcomp-version-0-65 2019/02/02 v3.1.1 (3.1.1)
\pgf@nodesepstart=\dimen182
\pgf@nodesepend=\dimen183
)
(/usr/share/texlive/texmf-dist/tex/latex/pgf/compatibility/pgfcomp-version-1-18
.sty
Package: pgfcomp-version-1-18 2019/02/02 v3.1.1 (3.1.1)
)) (/usr/share/texlive/texmf-dist/tex/latex/pgf/utilities/pgffor.sty
(/usr/share/texlive/texmf-dist/tex/latex/pgf/utilities/pgfkeys.sty
(/usr/share/texlive/texmf-dist/tex/generic/pgf/utilities/pgfkeys.code.tex))
(/usr/share/texlive/texmf-dist/tex/latex/pgf/math/pgfmath.sty
(/usr/share/texlive/texmf-dist/tex/generic/pgf/math/pgfmath.code.tex))
(/usr/share/texlive/texmf-dist/tex/generic/pgf/utilities/pgffor.code.tex
Package: pgffor 2019/02/02 v3.1.1 (3.1.1)

(/usr/share/texlive/texmf-dist/tex/generic/pgf/math/pgfmath.code.tex)
\pgffor@iter=\dimen184
\pgffor@skip=\dimen185
\pgffor@stack=\toks38
\pgffor@toks=\toks39
))
(/usr/share/texlive/texmf-dist/tex/generic/pgf/frontendlayer/tikz/tikz.code.tex
Package: tikz 2019/02/02 v3.1.1 (3.1.1)

(/usr/share/texlive/texmf-dist/tex/generic/pgf/libraries/pgflibraryplothandlers
.code.tex
File: pgflibraryplothandlers.code.tex 2019/02/02 v3.1.1 (3.1.1)
\pgf@plot@mark@count=\count273
\pgfplotmarksize=\dimen186
)
\tikz@lastx=\dimen187
\tikz@lasty=\dimen188
\tikz@lastxsaved=\dimen189
\tikz@lastysaved=\dimen190
\tikzleveldistance=\dimen191
\tikzsiblingdistance=\dimen192
\tikz@figbox=\box54
\tikz@figbox@bg=\box55
\tikz@tempbox=\box56
\tikz@tempbox@bg=\box57
\tikztreelevel=\count274
\tikznumberofchildren=\count275
\tikznumberofcurrentchild=\count276
\tikz@fig@count=\count277

(/usr/share/texlive/texmf-dist/tex/generic/pgf/modules/pgfmodulematrix.code.tex
File: pgfmodulematrix.code.tex 2019/02/02 v3.1.1 (3.1.1)
\pgfmatrixcurrentrow=\count278
\pgfmatrixcurrentcolumn=\count279
\pgf@matrix@numberofcolumns=\count280
)
\tikz@expandcount=\count281

(/usr/share/texlive/texmf-dist/tex/generic/pgf/frontendlayer/tikz/libraries/tik
zlibrarytopaths.code.tex
File: tikzlibrarytopaths.code.tex 2019/02/02 v3.1.1 (3.1.1)
)))
(/usr/share/texlive/texmf-dist/tex/generic/pgf/frontendlayer/tikz/libraries/tik
zlibrarypositioning.code.tex
File: tikzlibrarypositioning.code.tex 2019/02/02 v3.1.1 (3.1.1)
)
(/usr/share/texlive/texmf-dist/tex/generic/pgf/frontendlayer/tikz/libraries/tik
zlibraryshadows.code.tex
File: tikzlibraryshadows.code.tex 2019/02/02 v3.1.1 (3.1.1)

(/usr/share/texlive/texmf-dist/tex/generic/pgf/frontendlayer/tikz/libraries/tik
zlibraryfadings.code.tex
File: tikzlibraryfadings.code.tex 2019/02/02 v3.1.1 (3.1.1)

(/usr/share/texlive/texmf-dist/tex/generic/pgf/libraries/pgflibraryfadings.code
.tex
File: pgflibraryfadings.code.tex 2019/02/02 v3.1.1 (3.1.1)
))) (/usr/share/texlive/texmf-dist/tex/latex/tools/calc.sty
Package: calc 2017/05/25 v4.3 Infix arithmetic (KKT,FJ)
\calc@Acount=\count282
\calc@Bcount=\count283
\calc@Adimen=\dimen193
\calc@Bdimen=\dimen194
\calc@Askip=\skip54
\calc@Bskip=\skip55
LaTeX Info: Redefining \setlength on input line 80.
LaTeX Info: Redefining \addtolength on input line 81.
\calc@Ccount=\count284
\calc@Cskip=\skip56
)
\c@@todonotes@numberoftodonotes=\count285
)
(/usr/share/texlive/texmf-dist/tex/latex/hyperref/hyperref.sty
Package: hyperref 2018/11/30 v6.88e Hypertext links for LaTeX

(/usr/share/texlive/texmf-dist/tex/generic/oberdiek/hobsub-hyperref.sty
Package: hobsub-hyperref 2016/05/16 v1.14 Bundle oberdiek, subset hyperref (HO)


(/usr/share/texlive/texmf-dist/tex/generic/oberdiek/hobsub-generic.sty
Package: hobsub-generic 2016/05/16 v1.14 Bundle oberdiek, subset generic (HO)
Package: hobsub 2016/05/16 v1.14 Construct package bundles (HO)
Package: infwarerr 2016/05/16 v1.4 Providing info/warning/error messages (HO)
Package: ltxcmds 2016/05/16 v1.23 LaTeX kernel commands for general use (HO)
Package: ifluatex 2016/05/16 v1.4 Provides the ifluatex switch (HO)
Package ifluatex Info: LuaTeX not detected.
Package: ifvtex 2016/05/16 v1.6 Detect VTeX and its facilities (HO)
Package ifvtex Info: VTeX not detected.
Package: intcalc 2016/05/16 v1.2 Expandable calculations with integers (HO)
Package: ifpdf 2018/09/07 v3.3 Provides the ifpdf switch
Package: etexcmds 2016/05/16 v1.6 Avoid name clashes with e-TeX commands (HO)
Package: kvsetkeys 2016/05/16 v1.17 Key value parser (HO)
Package: kvdefinekeys 2016/05/16 v1.4 Define keys (HO)
Package: pdftexcmds 2018/09/10 v0.29 Utility functions of pdfTeX for LuaTeX (HO
)
Package pdftexcmds Info: LuaTeX not detected.
Package pdftexcmds Info: \pdf@primitive is available.
Package pdftexcmds Info: \pdf@ifprimitive is available.
Package pdftexcmds Info: \pdfdraftmode found.
Package: pdfescape 2016/05/16 v1.14 Implements pdfTeX's escape features (HO)
Package: bigintcalc 2016/05/16 v1.4 Expandable calculations on big integers (HO
)
Package: bitset 2016/05/16 v1.2 Handle bit-vector datatype (HO)
Package: uniquecounter 2016/05/16 v1.3 Provide unlimited unique counter (HO)
)
Package hobsub Info: Skipping package `hobsub' (already loaded).
Package: letltxmacro 2016/05/16 v1.5 Let assignment for LaTeX macros (HO)
Package: hopatch 2016/05/16 v1.3 Wrapper for package hooks (HO)
Package: xcolor-patch 2016/05/16 xcolor patch
Package: atveryend 2016/05/16 v1.9 Hooks at the very end of document (HO)
Package atveryend Info: \enddocument detected (standard20110627).
Package: atbegshi 2016/06/09 v1.18 At begin shipout hook (HO)
Package: refcount 2016/05/16 v3.5 Data extraction from label references (HO)
Package: hycolor 2016/05/16 v1.8 Color options for hyperref/bookmark (HO)
)
(/usr/share/texlive/texmf-dist/tex/generic/ifxetex/ifxetex.sty
Package: ifxetex 2010/09/12 v0.6 Provides ifxetex conditional
)
(/usr/share/texlive/texmf-dist/tex/latex/oberdiek/auxhook.sty
Package: auxhook 2016/05/16 v1.4 Hooks for auxiliary files (HO)
)
(/usr/share/texlive/texmf-dist/tex/latex/oberdiek/kvoptions.sty
Package: kvoptions 2016/05/16 v3.12 Key value format for package options (HO)
)
\@linkdim=\dimen195
\Hy@linkcounter=\count286
\Hy@pagecounter=\count287

(/usr/share/texlive/texmf-dist/tex/latex/hyperref/pd1enc.def
File: pd1enc.def 2018/11/30 v6.88e Hyperref: PDFDocEncoding definition (HO)
)
\Hy@SavedSpaceFactor=\count288

(/usr/share/texlive/texmf-dist/tex/latex/latexconfig/hyperref.cfg
File: hyperref.cfg 2002/06/06 v1.2 hyperref configuration of TeXLive
)
Package hyperref Info: Option `colorlinks' set `true' on input line 4393.
Package hyperref Info: Hyper figures OFF on input line 4519.
Package hyperref Info: Link nesting OFF on input line 4524.
Package hyperref Info: Hyper index ON on input line 4527.
Package hyperref Info: Plain pages OFF on input line 4534.
Package hyperref Info: Backreferencing OFF on input line 4539.
Package hyperref Info: Implicit mode ON; LaTeX internals redefined.
Package hyperref Info: Bookmarks ON on input line 4772.
\c@Hy@tempcnt=\count289

(/usr/share/texlive/texmf-dist/tex/latex/url/url.sty
\Urlmuskip=\muskip17
Package: url 2013/09/16  ver 3.4  Verb mode for urls, etc.
)
LaTeX Info: Redefining \url on input line 5125.
\XeTeXLinkMargin=\dimen196
\Fld@menulength=\count290
\Field@Width=\dimen197
\Fld@charsize=\dimen198
Package hyperref Info: Hyper figures OFF on input line 6380.
Package hyperref Info: Link nesting OFF on input line 6385.
Package hyperref Info: Hyper index ON on input line 6388.
Package hyperref Info: backreferencing OFF on input line 6395.
Package hyperref Info: Link coloring ON on input line 6398.
Package hyperref Info: Link coloring with OCG OFF on input line 6405.
Package hyperref Info: PDF/A mode OFF on input line 6410.
LaTeX Info: Redefining \ref on input line 6450.
LaTeX Info: Redefining \pageref on input line 6454.
\Hy@abspage=\count291
\c@Item=\count292
\c@Hfootnote=\count293
)
Package hyperref Info: Driver (autodetected): hpdftex.

(/usr/share/texlive/texmf-dist/tex/latex/hyperref/hpdftex.def
File: hpdftex.def 2018/11/30 v6.88e Hyperref driver for pdfTeX
\Fld@listcount=\count294
\c@bookmark@seq@number=\count295

(/usr/share/texlive/texmf-dist/tex/latex/oberdiek/rerunfilecheck.sty
Package: rerunfilecheck 2016/05/16 v1.8 Rerun checks for auxiliary files (HO)
Package uniquecounter Info: New unique counter `rerunfilecheck' on input line 2
82.
)
\Hy@SectionHShift=\skip57
)
(/usr/share/texlive/texmf-dist/tex/latex/subfigure/subfigure.sty
Package: subfigure 2002/03/15 v2.1.5 subfigure package
\subfigtopskip=\skip58
\subfigcapskip=\skip59
\subfigcaptopadj=\dimen199
\subfigbottomskip=\skip60
\subfigcapmargin=\dimen256
\subfiglabelskip=\skip61
\c@subfigure=\count296
\c@lofdepth=\count297
\c@subtable=\count298
\c@lotdepth=\count299

****************************************
* Local config file subfigure.cfg used *
****************************************
(/usr/share/texlive/texmf-dist/tex/latex/subfigure/subfigure.cfg)
\subfig@top=\skip62
\subfig@bottom=\skip63
)
(/usr/share/texlive/texmf-dist/tex/latex/float/float.sty
Package: float 2001/11/08 v1.3d Float enhancements (AL)
\c@float@type=\count300
\float@exts=\toks40
\float@box=\box58
\@float@everytoks=\toks41
\@floatcapt=\box59
)
(/usr/share/texlive/texmf-dist/tex/latex/tools/verbatim.sty
Package: verbatim 2014/10/28 v1.5q LaTeX2e package for verbatim enhancements
\every@verbatim=\toks42
\verbatim@line=\toks43
\verbatim@in@stream=\read3
)
(/usr/share/texlive/texmf-dist/tex/latex/appendix/appendix.sty
Package: appendix 2009/09/02 v1.2b extra appendix facilities
\c@@pps=\count301
\c@@ppsavesec=\count302
\c@@ppsaveapp=\count303
)
(/usr/share/texlive/texmf-dist/tex/latex/listings/listings.sty
\lst@mode=\count304
\lst@gtempboxa=\box60
\lst@token=\toks44
\lst@length=\count305
\lst@currlwidth=\dimen257
\lst@column=\count306
\lst@pos=\count307
\lst@lostspace=\dimen258
\lst@width=\dimen259
\lst@newlines=\count308
\lst@lineno=\count309
\lst@maxwidth=\dimen260

(/usr/share/texlive/texmf-dist/tex/latex/listings/lstmisc.sty
File: lstmisc.sty 2018/09/02 1.7 (Carsten Heinz)
\c@lstnumber=\count310
\lst@skipnumbers=\count311
\lst@framebox=\box61
)
(/usr/share/texlive/texmf-dist/tex/latex/listings/listings.cfg
File: listings.cfg 2018/09/02 1.7 listings configuration
))
Package: listings 2018/09/02 1.7 (Carsten Heinz)

(/usr/share/texlive/texmf-dist/tex/latex/listings/lstlang1.sty
File: lstlang1.sty 2018/09/02 1.7 listings language file
)
(/usr/share/texlive/texmf-dist/tex/latex/listings/lstlang2.sty
File: lstlang2.sty 2018/09/02 1.7 listings language file
)
(/usr/share/texlive/texmf-dist/tex/latex/listings/lstlang3.sty
File: lstlang3.sty 2018/09/02 1.7 listings language file
)
(/usr/share/texlive/texmf-dist/tex/latex/psnfss/bookman.sty
Package: bookman 2005/04/12 PSNFSS-v9.2a (SPQR) 
)
(/usr/share/texlive/texmf-dist/tex/latex/setspace/setspace.sty
Package: setspace 2011/12/19 v6.7a set line spacing
)
(/usr/share/texlive/texmf-dist/tex/latex/geometry/geometry.sty
Package: geometry 2018/04/16 v5.8 Page Geometry
\Gm@cnth=\count312
\Gm@cntv=\count313
\c@Gm@tempcnt=\count314
\Gm@bindingoffset=\dimen261
\Gm@wd@mp=\dimen262
\Gm@odd@mp=\dimen263
\Gm@even@mp=\dimen264
\Gm@layoutwidth=\dimen265
\Gm@layoutheight=\dimen266
\Gm@layouthoffset=\dimen267
\Gm@layoutvoffset=\dimen268
\Gm@dimlist=\toks45
)
(/usr/share/texlive/texmf-dist/tex/latex/fancyhdr/fancyhdr.sty
Package: fancyhdr 2019/01/31 v3.10 Extensive control of page headers and footer
s
\f@nch@headwidth=\skip64
\f@nch@O@elh=\skip65
\f@nch@O@erh=\skip66
\f@nch@O@olh=\skip67
\f@nch@O@orh=\skip68
\f@nch@O@elf=\skip69
\f@nch@O@erf=\skip70
\f@nch@O@olf=\skip71
\f@nch@O@orf=\skip72
)
(/usr/share/texlive/texmf-dist/tex/latex/titlesec/titlesec.sty
Package: titlesec 2016/03/21 v2.10.2 Sectioning titles
\ttl@box=\box62
\beforetitleunit=\skip73
\aftertitleunit=\skip74
\ttl@plus=\dimen269
\ttl@minus=\dimen270
\ttl@toksa=\toks46
\titlewidth=\dimen271
\titlewidthlast=\dimen272
\titlewidthfirst=\dimen273
)
(/usr/share/texlive/texmf-dist/tex/latex/titling/titling.sty
Package: titling 2009/09/04 v2.1d maketitle typesetting
\thanksmarkwidth=\skip75
\thanksmargin=\skip76
\droptitle=\skip77
)
(/usr/share/texlive/texmf-dist/tex/latex/ms/ragged2e.sty
Package: ragged2e 2009/05/21 v2.1 ragged2e Package (MS)

(/usr/share/texlive/texmf-dist/tex/latex/ms/everysel.sty
Package: everysel 2011/10/28 v1.2 EverySelectfont Package (MS)
)
\CenteringLeftskip=\skip78
\RaggedLeftLeftskip=\skip79
\RaggedRightLeftskip=\skip80
\CenteringRightskip=\skip81
\RaggedLeftRightskip=\skip82
\RaggedRightRightskip=\skip83
\CenteringParfillskip=\skip84
\RaggedLeftParfillskip=\skip85
\RaggedRightParfillskip=\skip86
\JustifyingParfillskip=\skip87
\CenteringParindent=\skip88
\RaggedLeftParindent=\skip89
\RaggedRightParindent=\skip90
\JustifyingParindent=\skip91
)
(/usr/share/texlive/texmf-dist/tex/latex/preprint/authblk.sty
Package: authblk 2001/02/27 1.3 (PWD)
\affilsep=\skip92
\@affilsep=\skip93
\c@Maxaffil=\count315
\c@authors=\count316
\c@affil=\count317
)

LaTeX Warning: Unused global option(s):
    [10cpi].

(./old_series_new_signals.aux
LaTeX Info: Redefining \. on input line 24.
LaTeX Info: Redefining \% on input line 24.
LaTeX Info: Redefining \. on input line 26.
LaTeX Info: Redefining \% on input line 26.
)
\openout1 = `old_series_new_signals.aux'.

LaTeX Font Info:    Checking defaults for OML/cmm/m/it on input line 121.
LaTeX Font Info:    ... okay on input line 121.
LaTeX Font Info:    Checking defaults for T1/cmr/m/n on input line 121.
LaTeX Font Info:    ... okay on input line 121.
LaTeX Font Info:    Checking defaults for OT1/cmr/m/n on input line 121.
LaTeX Font Info:    ... okay on input line 121.
LaTeX Font Info:    Checking defaults for OMS/cmsy/m/n on input line 121.
LaTeX Font Info:    ... okay on input line 121.
LaTeX Font Info:    Checking defaults for OMX/cmex/m/n on input line 121.
LaTeX Font Info:    ... okay on input line 121.
LaTeX Font Info:    Checking defaults for U/cmr/m/n on input line 121.
LaTeX Font Info:    ... okay on input line 121.
LaTeX Font Info:    Checking defaults for PD1/pdf/m/n on input line 121.
LaTeX Font Info:    ... okay on input line 121.
LaTeX Font Info:    Try loading font information for T1+pbk on input line 121.

(/usr/share/texlive/texmf-dist/tex/latex/psnfss/t1pbk.fd
File: t1pbk.fd 2001/06/04 font definitions for T1/pbk.
)
LaTeX Font Info:    Font shape `T1/pbk/m/n' in size <10> not available
(Font)              Font shape `T1/pbk/l/n' tried instead on input line 121.
LaTeX Info: Redefining \. on input line 121.
LaTeX Info: Redefining \% on input line 121.

(/usr/share/texlive/texmf-dist/tex/latex/ucs/ucsencs.def
File: ucsencs.def 2011/01/21 Fixes to fontencodings LGR, T3
)
(/usr/share/texlive/texmf-dist/tex/context/base/mkii/supp-pdf.mkii
[Loading MPS to PDF converter (version 2006.09.02).]
\scratchcounter=\count318
\scratchdimen=\dimen274
\scratchbox=\box63
\nofMPsegments=\count319
\nofMParguments=\count320
\everyMPshowfont=\toks47
\MPscratchCnt=\count321
\MPscratchDim=\dimen275
\MPnumerator=\count322
\makeMPintoPDFobject=\count323
\everyMPtoPDFconversion=\toks48
) (/usr/share/texlive/texmf-dist/tex/latex/oberdiek/epstopdf-base.sty
Package: epstopdf-base 2016/05/15 v2.6 Base part for package epstopdf

(/usr/share/texlive/texmf-dist/tex/latex/oberdiek/grfext.sty
Package: grfext 2016/05/16 v1.2 Manage graphics extensions (HO)
)
Package epstopdf-base Info: Redefining graphics rule for `.eps' on input line 4
38.
Package grfext Info: Graphics extension search list:
(grfext)             [.pdf,.png,.jpg,.mps,.jpeg,.jbig2,.jb2,.PDF,.PNG,.JPG,.JPE
G,.JBIG2,.JB2,.eps]
(grfext)             \AppendGraphicsExtensions on input line 456.

(/usr/share/texlive/texmf-dist/tex/latex/latexconfig/epstopdf-sys.cfg
File: epstopdf-sys.cfg 2010/07/13 v1.3 Configuration of (r)epstopdf for TeX Liv
e
))
ABD: EveryShipout initializing macros
\AtBeginShipoutBox=\box64
Package hyperref Info: Link coloring ON on input line 121.

(/usr/share/texlive/texmf-dist/tex/latex/hyperref/nameref.sty
Package: nameref 2016/05/21 v2.44 Cross-referencing by name of section

(/usr/share/texlive/texmf-dist/tex/generic/oberdiek/gettitlestring.sty
Package: gettitlestring 2016/05/16 v1.5 Cleanup title references (HO)
)
\c@section@level=\count324
)
LaTeX Info: Redefining \ref on input line 121.
LaTeX Info: Redefining \pageref on input line 121.
LaTeX Info: Redefining \nameref on input line 121.

(./old_series_new_signals.out) (./old_series_new_signals.out)
\@outlinefile=\write4
\openout4 = `old_series_new_signals.out'.

\c@lstlisting=\count325

*geometry* driver: auto-detecting
*geometry* detected driver: pdftex
*geometry* verbose mode - [ preamble ] result:
* driver: pdftex
* paper: a4paper
* layout: <same size as paper>
* layoutoffset:(h,v)=(0.0pt,0.0pt)
* modes: 
* h-part:(L,W,R)=(122.34692pt, 352.81403pt, 122.34692pt)
* v-part:(T,H,B)=(71.13188pt, 517.84016pt, 256.0748pt)
* \paperwidth=597.50787pt
* \paperheight=845.04684pt
* \textwidth=352.81403pt
* \textheight=517.84016pt
* \oddsidemargin=50.07693pt
* \evensidemargin=50.07693pt
* \topmargin=-38.1381pt
* \headheight=12.0pt
* \headsep=25.0pt
* \topskip=10.0pt
* \footskip=30.0pt
* \marginparwidth=57.0pt
* \marginparsep=11.0pt
* \columnsep=10.0pt
* \skip\footins=9.0pt plus 4.0pt minus 2.0pt
* \hoffset=0.0pt
* \voffset=0.0pt
* \mag=1000
* \@twocolumnfalse
* \@twosidefalse
* \@mparswitchfalse
* \@reversemarginfalse
* (1in=72.27pt=25.4mm, 1cm=28.453pt)

ABD: EverySelectfont initializing macros
LaTeX Info: Redefining \selectfont on input line 121.
LaTeX Font Info:    Font shape `T1/pbk/m/n' in size <17.28> not available
(Font)              Font shape `T1/pbk/l/n' tried instead on input line 124.
LaTeX Font Info:    Try loading font information for T1+ptm on input line 124.

(/usr/share/texlive/texmf-dist/tex/latex/psnfss/t1ptm.fd
File: t1ptm.fd 2001/06/04 font definitions for T1/ptm.
)
LaTeX Font Info:    Font shape `T1/pbk/m/n' in size <12> not available
(Font)              Font shape `T1/pbk/l/n' tried instead on input line 124.
LaTeX Font Info:    Font shape `T1/pbk/m/n' in size <8> not available
(Font)              Font shape `T1/pbk/l/n' tried instead on input line 124.
LaTeX Font Info:    Font shape `T1/pbk/m/it' in size <12> not available
(Font)              Font shape `T1/pbk/l/it' tried instead on input line 124.
LaTeX Font Info:    Font shape `T1/pbk/m/it' in size <9> not available
(Font)              Font shape `T1/pbk/l/it' tried instead on input line 124.
LaTeX Font Info:    Font shape `T1/pbk/m/it' in size <6> not available
(Font)              Font shape `T1/pbk/l/it' tried instead on input line 124.
LaTeX Font Info:    Font shape `T1/pbk/m/n' in size <6> not available
(Font)              Font shape `T1/pbk/l/n' tried instead on input line 124.
LaTeX Font Info:    Font shape `T1/pbk/bx/n' in size <10> not available
(Font)              Font shape `T1/pbk/b/n' tried instead on input line 129.
LaTeX Font Info:    Font shape `T1/pbk/b/n' in size <10> not available
(Font)              Font shape `T1/pbk/db/n' tried instead on input line 129.

(/usr/share/texlive/texmf-dist/tex/latex/ucs/data/uni-32.def
File: uni-32.def 2013/05/13 UCS: Unicode data U+2000..U+20FF
) [1

{/var/lib/texmf/fonts/map/pdftex/updmap/pdftex.map}]
LaTeX Info: Redefining \. on input line 137.
LaTeX Info: Redefining \% on input line 137.

(/usr/share/texlive/texmf-dist/tex/latex/ucs/data/uni-0.def
File: uni-0.def 2013/05/13 UCS: Unicode data U+0000..U+00FF
) [2]
LaTeX Font Info:    Font shape `T1/pbk/m/n' in size <14.4> not available
(Font)              Font shape `T1/pbk/l/n' tried instead on input line 162.
LaTeX Font Info:    Font shape `T1/pbk/bx/n' in size <14.4> not available
(Font)              Font shape `T1/pbk/b/n' tried instead on input line 162.
LaTeX Font Info:    Font shape `T1/pbk/b/n' in size <14.4> not available
(Font)              Font shape `T1/pbk/db/n' tried instead on input line 162.


Package hyperref Warning: Token not allowed in a PDF string (PDFDocEncoding):
(hyperref)                removing `\uppercase' on input line 162.

LaTeX Font Info:    Font shape `T1/pbk/m/it' in size <10> not available
(Font)              Font shape `T1/pbk/l/it' tried instead on input line 164.

Package hyperref Warning: Token not allowed in a PDF string (PDFDocEncoding):
(hyperref)                removing `\uppercase' on input line 172.

[3] [4]

Package hyperref Warning: Token not allowed in a PDF string (PDFDocEncoding):
(hyperref)                removing `\uppercase' on input line 193.


Underfull \hbox (badness 10000) in paragraph at lines 197--198

 []

[5]
Underfull \hbox (badness 10000) in paragraph at lines 215--216

 []

[6]
<../plots/oro_en.PNG, id=180, 722.7pt x 505.89pt>
File: ../plots/oro_en.PNG Graphic file (type png)
<use ../plots/oro_en.PNG>
Package pdftex.def Info: ../plots/oro_en.PNG  used on input line 229.
(pdftex.def)             Requested size: 264.61052pt x 185.22339pt.
<../plots/oro_uk.PNG, id=181, 722.7pt x 505.89pt>
File: ../plots/oro_uk.PNG Graphic file (type png)
<use ../plots/oro_uk.PNG>
Package pdftex.def Info: ../plots/oro_uk.PNG  used on input line 231.
(pdftex.def)             Requested size: 264.61052pt x 185.22339pt.
 [7pdfTeX warning (ext4): destination with the same identifier (name{figure.1})
 has been already used, duplicate ignored

\@EveryShipout@Output ...@Org@Shipout \box \@cclv 
                                                  
l.236 	
        <../plots/oro_en.png (PNG copy)> <../plots/oro_uk.png>]
<../plots/gdp_in_gold_eda_en.PNG, id=192, 722.7pt x 433.62pt>
File: ../plots/gdp_in_gold_eda_en.PNG Graphic file (type png)
<use ../plots/gdp_in_gold_eda_en.PNG>
Package pdftex.def Info: ../plots/gdp_in_gold_eda_en.PNG  used on input line 24
8.
(pdftex.def)             Requested size: 264.61052pt x 158.76291pt.
<../plots/wg_in_gold_eda_en.PNG, id=193, 722.7pt x 433.62pt>
File: ../plots/wg_in_gold_eda_en.PNG Graphic file (type png)
<use ../plots/wg_in_gold_eda_en.PNG>
Package pdftex.def Info: ../plots/wg_in_gold_eda_en.PNG  used on input line 250
.
(pdftex.def)             Requested size: 264.61052pt x 158.76291pt.
 [8] [9pdfTeX warning (ext4): destination with the same identifier (name{figure
.2}) has been already used, duplicate ignored

\@EveryShipout@Output ...@Org@Shipout \box \@cclv 
                                                  
l.282 	
        <../plots/gdp_in_gold_eda_en.PNG (PNG copy)> <../plots/wg_in_gold_eda_e
n.PNG (PNG copy)>]
<../plots/uk_gdp_en.png, id=207, 462.7689pt x 285.9483pt>
File: ../plots/uk_gdp_en.png Graphic file (type png)
<use ../plots/uk_gdp_en.png>
Package pdftex.def Info: ../plots/uk_gdp_en.png  used on input line 285.
(pdftex.def)             Requested size: 264.61052pt x 163.50706pt.
 [10pdfTeX warning (ext4): destination with the same identifier (name{table.1})
 has been already used, duplicate ignored

\@EveryShipout@Output ...@Org@Shipout \box \@cclv 
                                                  
l.292 	
       pdfTeX warning (ext4): destination with the same identifier (name{figure
.3}) has been already used, duplicate ignored

\@EveryShipout@Output ...@Org@Shipout \box \@cclv 
                                                  
l.292 	
        <../plots/uk_gdp_en.png>]
<../plots/gdp_us_complement.PNG, id=217, 722.7pt x 505.89pt>
File: ../plots/gdp_us_complement.PNG Graphic file (type png)
<use ../plots/gdp_us_complement.PNG>
Package pdftex.def Info: ../plots/gdp_us_complement.PNG  used on input line 298
.
(pdftex.def)             Requested size: 264.61052pt x 185.22339pt.
<../plots/wage_us_complement.PNG, id=218, 722.7pt x 505.89pt>
File: ../plots/wage_us_complement.PNG Graphic file (type png)
<use ../plots/wage_us_complement.PNG>
Package pdftex.def Info: ../plots/wage_us_complement.PNG  used on input line 30
0.
(pdftex.def)             Requested size: 264.61052pt x 185.22339pt.
 [11]
<../plots/gdp_uk_complement.png, id=227, 722.7pt x 505.89pt>
File: ../plots/gdp_uk_complement.png Graphic file (type png)
<use ../plots/gdp_uk_complement.png>
Package pdftex.def Info: ../plots/gdp_uk_complement.png  used on input line 309
.
(pdftex.def)             Requested size: 264.61052pt x 185.22339pt.
 [12pdfTeX warning (ext4): destination with the same identifier (name{figure.4}
) has been already used, duplicate ignored

\@EveryShipout@Output ...@Org@Shipout \box \@cclv 
                                                  
l.313 	
        <../plots/gdp_us_complement.png> <../plots/wage_us_complement.png>]
<../plots/global_gdp.png, id=239, 722.7pt x 505.89pt>
File: ../plots/global_gdp.png Graphic file (type png)
<use ../plots/global_gdp.png>
Package pdftex.def Info: ../plots/global_gdp.png  used on input line 319.
(pdftex.def)             Requested size: 264.61052pt x 185.22339pt.

[13pdfTeX warning (ext4): destination with the same identifier (name{figure.5})
 has been already used, duplicate ignored

\@EveryShipout@Output ...@Org@Shipout \box \@cclv 
                                                  
l.323 	
        <../plots/gdp_uk_complement.png (PNG copy)>]

Package hyperref Warning: Token not allowed in a PDF string (PDFDocEncoding):
(hyperref)                removing `\uppercase' on input line 327.

<../plots/ciclo_en.png, id=248, 526.8483pt x 325.215pt>
File: ../plots/ciclo_en.png Graphic file (type png)
<use ../plots/ciclo_en.png>
Package pdftex.def Info: ../plots/ciclo_en.png  used on input line 334.
(pdftex.def)             Requested size: 229.32695pt x 141.5567pt.
[14pdfTeX warning (ext4): destination with the same identifier (name{figure.6})
 has been already used, duplicate ignored

\@EveryShipout@Output ...@Org@Shipout \box \@cclv 
                                                  
l.337 	
        <../plots/global_gdp.png (PNG copy)>]
Underfull \hbox (badness 10000) in paragraph at lines 338--340

 []

[15pdfTeX warning (ext4): destination with the same identifier (name{figure.7})
 has been already used, duplicate ignored

\@EveryShipout@Output ...@Org@Shipout \box \@cclv 
                                                  
l.356 	
        <../plots/ciclo_en.png (PNG copy)>]
<../plots/morelt_en.png, id=272, 515.526pt x 318.2289pt>
File: ../plots/morelt_en.png Graphic file (type png)
<use ../plots/morelt_en.png>
Package pdftex.def Info: ../plots/morelt_en.png  used on input line 376.
(pdftex.def)             Requested size: 352.81403pt x 217.7961pt.
 [16] [17pdfTeX warning (ext4): destination with the same identifier (name{figu
re.8}) has been already used, duplicate ignored

\@EveryShipout@Output ...@Org@Shipout \box \@cclv 
                                                  
l.396 	\end{itemize}
                     <../plots/morelt_en.png (PNG copy)>]
LaTeX Font Info:    Font shape `T1/pbk/m/n' in size <9> not available
(Font)              Font shape `T1/pbk/l/n' tried instead on input line 400.
LaTeX Font Info:    Try loading font information for T1+pcr on input line 400.

(/usr/share/texlive/texmf-dist/tex/latex/psnfss/t1pcr.fd
File: t1pcr.fd 2001/06/04 font definitions for T1/pcr.
)
Overfull \hbox (46.79004pt too wide) in paragraph at lines 408--409
[][][][][][][][][][][][][][][][][][][][][][][][][][][][][][][] 
 []

<../plots/serie_teorica_en.PNG, id=289, 462.7689pt x 285.9483pt>
File: ../plots/serie_teorica_en.PNG Graphic file (type png)
<use ../plots/serie_teorica_en.PNG>
Package pdftex.def Info: ../plots/serie_teorica_en.PNG  used on input line 414.

(pdftex.def)             Requested size: 352.81403pt x 218.01234pt.
[18pdfTeX warning (ext4): destination with the same identifier (name{figure.9})
 has been already used, duplicate ignored

\@EveryShipout@Output ...@Org@Shipout \box \@cclv 
                                                  
l.419 	
        <../plots/serie_teorica_en.PNG>]
<../plots/espectograma_teorico_impulso_en.png, id=307, 1606.0pt x 1003.75pt>
File: ../plots/espectograma_teorico_impulso_en.png Graphic file (type png)
<use ../plots/espectograma_teorico_impulso_en.png>
Package pdftex.def Info: ../plots/espectograma_teorico_impulso_en.png  used on 
input line 423.
(pdftex.def)             Requested size: 172.8808pt x 108.03886pt.
<../plots/espectograma_teorico_tendencia_en.png, id=308, 1606.0pt x 1003.75pt>
File: ../plots/espectograma_teorico_tendencia_en.png Graphic file (type png)
<use ../plots/espectograma_teorico_tendencia_en.png>
Package pdftex.def Info: ../plots/espectograma_teorico_tendencia_en.png  used o
n input line 425.
(pdftex.def)             Requested size: 172.8808pt x 108.03886pt.
<../plots/espectograma_teorico_ciclo_3_en.png, id=309, 1606.0pt x 1003.75pt>
File: ../plots/espectograma_teorico_ciclo_3_en.png Graphic file (type png)
<use ../plots/espectograma_teorico_ciclo_3_en.png>
Package pdftex.def Info: ../plots/espectograma_teorico_ciclo_3_en.png  used on 
input line 427.
(pdftex.def)             Requested size: 172.8808pt x 108.03886pt.
<../plots/espectograma_teorico_ciclo_10_en.png, id=310, 1606.0pt x 1003.75pt>
File: ../plots/espectograma_teorico_ciclo_10_en.png Graphic file (type png)
<use ../plots/espectograma_teorico_ciclo_10_en.png>
Package pdftex.def Info: ../plots/espectograma_teorico_ciclo_10_en.png  used on
 input line 429.
(pdftex.def)             Requested size: 172.8808pt x 108.03886pt.
<../plots/espectograma_teorico_ciclo_50_en.png, id=311, 1606.0pt x 1003.75pt>
File: ../plots/espectograma_teorico_ciclo_50_en.png Graphic file (type png)
<use ../plots/espectograma_teorico_ciclo_50_en.png>
Package pdftex.def Info: ../plots/espectograma_teorico_ciclo_50_en.png  used on
 input line 431.
(pdftex.def)             Requested size: 172.8808pt x 108.03886pt.
<../plots/espectograma_teorico_ruido_en.png, id=312, 1606.0pt x 1003.75pt>
File: ../plots/espectograma_teorico_ruido_en.png Graphic file (type png)
<use ../plots/espectograma_teorico_ruido_en.png>
Package pdftex.def Info: ../plots/espectograma_teorico_ruido_en.png  used on in
put line 433.
(pdftex.def)             Requested size: 172.8808pt x 108.03886pt.
<../plots/espectograma_teorico_composicion_series_en.png, id=313, 1606.0pt x 10
03.75pt>
File: ../plots/espectograma_teorico_composicion_series_en.png Graphic file (typ
e png)
<use ../plots/espectograma_teorico_composicion_series_en.png>
Package pdftex.def Info: ../plots/espectograma_teorico_composicion_series_en.pn
g  used on input line 435.
(pdftex.def)             Requested size: 264.61052pt x 165.38187pt.
 [19]
Overfull \vbox (19.1282pt too high) has occurred while \output is active []


[20pdfTeX warning (ext4): destination with the same identifier (name{figure.10}
) has been already used, duplicate ignored

\@EveryShipout@Output ...@Org@Shipout \box \@cclv 
                                                  
l.438 	
        <../plots/espectograma_teorico_impulso_en.png (PNG copy)> <../plots/esp
ectograma_teorico_tendencia_en.png (PNG copy)> <../plots/espectograma_teorico_c
iclo_3_en.png (PNG copy)> <../plots/espectograma_teorico_ciclo_10_en.png (PNG c
opy)> <../plots/espectograma_teorico_ciclo_50_en.png (PNG copy)> <../plots/espe
ctograma_teorico_ruido_en.png (PNG copy)> <../plots/espectograma_teorico_compos
icion_series_en.png (PNG copy)>] [21]
<../plots/espectograma_gdp_en.png, id=347, 1606.0pt x 1003.75pt>
File: ../plots/espectograma_gdp_en.png Graphic file (type png)
<use ../plots/espectograma_gdp_en.png>
Package pdftex.def Info: ../plots/espectograma_gdp_en.png  used on input line 4
56.
(pdftex.def)             Requested size: 264.61052pt x 165.38187pt.
<../plots/espectograma_log_gdp_en.png, id=348, 1606.0pt x 1003.75pt>
File: ../plots/espectograma_log_gdp_en.png Graphic file (type png)
<use ../plots/espectograma_log_gdp_en.png>
Package pdftex.def Info: ../plots/espectograma_log_gdp_en.png  used on input li
ne 458.
(pdftex.def)             Requested size: 264.61052pt x 165.38187pt.
 [22pdfTeX warning (ext4): destination with the same identifier (name{figure.11
}) has been already used, duplicate ignored

\@EveryShipout@Output ...@Org@Shipout \box \@cclv 
                                                  
l.475 	
        <../plots/espectograma_gdp_en.png (PNG copy)> <../plots/espectograma_lo
g_gdp_en.png (PNG copy)>]
<../plots/espectograma_gdp_uk_en.png, id=360, 1606.0pt x 1003.75pt>
File: ../plots/espectograma_gdp_uk_en.png Graphic file (type png)
<use ../plots/espectograma_gdp_uk_en.png>
Package pdftex.def Info: ../plots/espectograma_gdp_uk_en.png  used on input lin
e 479.
(pdftex.def)             Requested size: 264.61052pt x 165.38187pt.
<../plots/espectograma_log_gdp_uk_en.png, id=361, 1606.0pt x 1003.75pt>
File: ../plots/espectograma_log_gdp_uk_en.png Graphic file (type png)
<use ../plots/espectograma_log_gdp_uk_en.png>
Package pdftex.def Info: ../plots/espectograma_log_gdp_uk_en.png  used on input
 line 481.
(pdftex.def)             Requested size: 264.61052pt x 165.38187pt.
 [23pdfTeX warning (ext4): destination with the same identifier (name{figure.12
}) has been already used, duplicate ignored

\@EveryShipout@Output ...@Org@Shipout \box \@cclv 
                                                  
l.486 	
        <../plots/espectograma_gdp_uk_en.png (PNG copy)> <../plots/espectograma
_log_gdp_uk_en.png (PNG copy)>]
<../plots/pbi_uk_tendencias_en.png, id=376, 462.7689pt x 285.9483pt>
File: ../plots/pbi_uk_tendencias_en.png Graphic file (type png)
<use ../plots/pbi_uk_tendencias_en.png>
Package pdftex.def Info: ../plots/pbi_uk_tendencias_en.png  used on input line 
494.
(pdftex.def)             Requested size: 264.61052pt x 163.50706pt.
<../plots/espectograma_gdp_uk_Tend_en.png, id=377, 1606.0pt x 1003.75pt>
File: ../plots/espectograma_gdp_uk_Tend_en.png Graphic file (type png)
<use ../plots/espectograma_gdp_uk_Tend_en.png>
Package pdftex.def Info: ../plots/espectograma_gdp_uk_Tend_en.png  used on inpu
t line 496.
(pdftex.def)             Requested size: 169.34921pt x 105.83336pt.
<../plots/espectograma_gdp_uk_sinTend_en.png, id=378, 1606.0pt x 1003.75pt>
File: ../plots/espectograma_gdp_uk_sinTend_en.png Graphic file (type png)
<use ../plots/espectograma_gdp_uk_sinTend_en.png>
Package pdftex.def Info: ../plots/espectograma_gdp_uk_sinTend_en.png  used on i
nput line 498.
(pdftex.def)             Requested size: 169.34921pt x 105.83336pt.
 [24]

Package hyperref Warning: Token not allowed in a PDF string (PDFDocEncoding):
(hyperref)                removing `\uppercase' on input line 503.

[25pdfTeX warning (ext4): destination with the same identifier (name{figure.13}
) has been already used, duplicate ignored

\@EveryShipout@Output ...@Org@Shipout \box \@cclv 
                                                  
l.510 	
        <../plots/pbi_uk_tendencias_en.png (PNG copy)> <../plots/espectograma_g
dp_uk_Tend_en.png (PNG copy)> <../plots/espectograma_gdp_uk_sinTend_en.png (PNG
 copy)>]
Underfull \hbox (badness 10000) in paragraph at lines 517--518

 []

(./old_series_new_signals.bbl [26] [27]) [28]
Package atveryend Info: Empty hook `BeforeClearDocument' on input line 523.
Package atveryend Info: Empty hook `AfterLastShipout' on input line 523.
 (./old_series_new_signals.aux
LaTeX Info: Redefining \. on input line 24.
LaTeX Info: Redefining \% on input line 24.
LaTeX Info: Redefining \. on input line 26.
LaTeX Info: Redefining \% on input line 26.
)
Package atveryend Info: Executing hook `AtVeryEndDocument' on input line 523.
Package atveryend Info: Executing hook `AtEndAfterFileList' on input line 523.
Package rerunfilecheck Info: File `old_series_new_signals.out' has not changed.

(rerunfilecheck)             Checksum: AF6F49BB4D8BF1D275715CA16A5E7295;264.
Package atveryend Info: Empty hook `AtVeryVeryEnd' on input line 523.
 ) 
Here is how much of TeX's memory you used:
 32500 strings out of 494492
 590709 string characters out of 6175185
 883685 words of memory out of 5000000
 35580 multiletter control sequences out of 15000+600000
 561095 words of font info for 70 fonts, out of 8000000 for 9000
 40 hyphenation exceptions out of 8191
 62i,12n,81p,1371b,1741s stack positions out of 5000i,500n,10000p,200000b,80000s
{/usr/share/texlive/texmf-dist/fonts/enc/dvips/base/8r.enc}</usr/share/texliv
e/texmf-dist/fonts/type1/public/amsfonts/cm/cmex10.pfb></usr/share/texlive/texm
f-dist/fonts/type1/public/amsfonts/cm/cmmi10.pfb></usr/share/texlive/texmf-dist
/fonts/type1/public/amsfonts/cm/cmmi5.pfb></usr/share/texlive/texmf-dist/fonts/
type1/public/amsfonts/cm/cmmi7.pfb></usr/share/texlive/texmf-dist/fonts/type1/p
ublic/amsfonts/cm/cmr10.pfb></usr/share/texlive/texmf-dist/fonts/type1/public/a
msfonts/cm/cmr5.pfb></usr/share/texlive/texmf-dist/fonts/type1/public/amsfonts/
cm/cmr7.pfb></usr/share/texlive/texmf-dist/fonts/type1/public/amsfonts/cm/cmsy1
0.pfb></usr/share/texlive/texmf-dist/fonts/type1/public/amsfonts/cm/cmsy5.pfb><
/usr/share/texlive/texmf-dist/fonts/type1/public/amsfonts/cm/cmsy7.pfb></usr/sh
are/texlive/texmf-dist/fonts/type1/urw/bookman/ubkd8a.pfb></usr/share/texlive/t
exmf-dist/fonts/type1/urw/bookman/ubkl8a.pfb></usr/share/texlive/texmf-dist/fon
ts/type1/urw/bookman/ubkli8a.pfb></usr/share/texlive/texmf-dist/fonts/type1/urw
/courier/ucrr8a.pfb></usr/share/texlive/texmf-dist/fonts/type1/urw/times/utmr8a
.pfb>
Output written on old_series_new_signals.pdf (28 pages, 3079852 bytes).
PDF statistics:
 486 PDF objects out of 1000 (max. 8388607)
 390 compressed objects within 4 object streams
 109 named destinations out of 1000 (max. 500000)
 279 words of extra memory for PDF output out of 10000 (max. 10000000)

