This is pdfTeX, Version 3.14159265-2.6-1.40.19 (TeX Live 2019/dev/Debian) (preloaded format=pdflatex 2018.12.26)  26 DEC 2018 20:11
entering extended mode
 restricted \write18 enabled.
 %&-line parsing enabled.
**series_ciclo_eng.tex
(./series_ciclo_eng.tex
LaTeX2e <2018-04-01> patch level 5
(/usr/share/texlive/texmf-dist/tex/latex/base/article.cls
Document Class: article 2014/09/29 v1.4h Standard LaTeX document class
(/usr/share/texlive/texmf-dist/tex/latex/base/size10.clo
File: size10.clo 2014/09/29 v1.4h Standard LaTeX file (size option)
)
\c@part=\count80
\c@section=\count81
\c@subsection=\count82
\c@subsubsection=\count83
\c@paragraph=\count84
\c@subparagraph=\count85
\c@figure=\count86
\c@table=\count87
\abovecaptionskip=\skip41
\belowcaptionskip=\skip42
\bibindent=\dimen102
)
(/usr/share/texlive/texmf-dist/tex/generic/babel/babel.sty
Package: babel 2018/06/05 3.22 The Babel package

(/usr/share/texlive/texmf-dist/tex/generic/babel/switch.def
File: switch.def 2018/06/05 3.22 Babel switching mechanism
)
(/usr/share/texlive/texmf-dist/tex/generic/babel-english/english.ldf
Language: english 2017/06/06 v3.3r English support from the babel system

(/usr/share/texlive/texmf-dist/tex/generic/babel/babel.def
File: babel.def 2018/06/05 3.22 Babel common definitions
\babel@savecnt=\count88
\U@D=\dimen103

(/usr/share/texlive/texmf-dist/tex/generic/babel/txtbabel.def)
\bbl@dirlevel=\count89
)
\l@british = a dialect from \language\l@english 
\l@UKenglish = a dialect from \language\l@english 
\l@canadian = a dialect from \language\l@american 
\l@australian = a dialect from \language\l@british 
\l@newzealand = a dialect from \language\l@british 
)
(/usr/share/texlive/texmf-dist/tex/generic/babel-spanish/spanish.ldf
Language: spanish.ldf 2016/03/03 v5.0p Spanish support from the babel system
\es@quottoks=\toks14
\es@quotdepth=\count90
Package babel Info: Making " an active character on input line 561.
Package babel Info: Making . an active character on input line 662.
Package babel Info: Making < an active character on input line 707.
Package babel Info: Making > an active character on input line 707.
))
(/usr/share/texlive/texmf-dist/tex/latex/base/inputenc.sty
Package: inputenc 2018/04/06 v1.3b Input encoding file
\inpenc@prehook=\toks15
\inpenc@posthook=\toks16

(/usr/share/texlive/texmf-dist/tex/latex/ucs/utf8x.def
File: utf8x.def 2004/10/17 UCS: Input encoding UTF-8
))
(/usr/share/texlive/texmf-dist/tex/latex/ucs/ucs.sty
Package: ucs 2013/05/11 v2.2 UCS: Unicode input support

(/usr/share/texlive/texmf-dist/tex/latex/ucs/data/uni-global.def
File: uni-global.def 2013/05/13 UCS: Unicode global data
)
\uc@secondtry=\count91
\uc@combtoks=\toks17
\uc@combtoksb=\toks18
\uc@temptokena=\toks19
)
(/usr/share/texlive/texmf-dist/tex/latex/base/fontenc.sty
Package: fontenc 2017/04/05 v2.0i Standard LaTeX package

(/usr/share/texlive/texmf-dist/tex/latex/base/t1enc.def
File: t1enc.def 2017/04/05 v2.0i Standard LaTeX file
LaTeX Font Info:    Redeclaring font encoding T1 on input line 48.
))
(/usr/share/texlive/texmf-dist/tex/latex/lipsum/lipsum.sty
Package: lipsum 2014/07/27 v1.3 150 paragraphs of Lorem Ipsum dummy text
\c@lips@count=\count92
)
(/usr/share/texlive/texmf-dist/tex/latex/natbib/natbib.sty
Package: natbib 2010/09/13 8.31b (PWD, AO)
\bibhang=\skip43
\bibsep=\skip44
LaTeX Info: Redefining \cite on input line 694.
\c@NAT@ctr=\count93
)
(/usr/share/texlive/texmf-dist/tex/latex/amsmath/amsmath.sty
Package: amsmath 2017/09/02 v2.17a AMS math features
\@mathmargin=\skip45

For additional information on amsmath, use the `?' option.
(/usr/share/texlive/texmf-dist/tex/latex/amsmath/amstext.sty
Package: amstext 2000/06/29 v2.01 AMS text

(/usr/share/texlive/texmf-dist/tex/latex/amsmath/amsgen.sty
File: amsgen.sty 1999/11/30 v2.0 generic functions
\@emptytoks=\toks20
\ex@=\dimen104
))
(/usr/share/texlive/texmf-dist/tex/latex/amsmath/amsbsy.sty
Package: amsbsy 1999/11/29 v1.2d Bold Symbols
\pmbraise@=\dimen105
)
(/usr/share/texlive/texmf-dist/tex/latex/amsmath/amsopn.sty
Package: amsopn 2016/03/08 v2.02 operator names
)
\inf@bad=\count94
LaTeX Info: Redefining \frac on input line 213.
\uproot@=\count95
\leftroot@=\count96
LaTeX Info: Redefining \overline on input line 375.
\classnum@=\count97
\DOTSCASE@=\count98
LaTeX Info: Redefining \ldots on input line 472.
LaTeX Info: Redefining \dots on input line 475.
LaTeX Info: Redefining \cdots on input line 596.
\Mathstrutbox@=\box26
\strutbox@=\box27
\big@size=\dimen106
LaTeX Font Info:    Redeclaring font encoding OML on input line 712.
LaTeX Font Info:    Redeclaring font encoding OMS on input line 713.
\macc@depth=\count99
\c@MaxMatrixCols=\count100
\dotsspace@=\muskip10
\c@parentequation=\count101
\dspbrk@lvl=\count102
\tag@help=\toks21
\row@=\count103
\column@=\count104
\maxfields@=\count105
\andhelp@=\toks22
\eqnshift@=\dimen107
\alignsep@=\dimen108
\tagshift@=\dimen109
\tagwidth@=\dimen110
\totwidth@=\dimen111
\lineht@=\dimen112
\@envbody=\toks23
\multlinegap=\skip46
\multlinetaggap=\skip47
\mathdisplay@stack=\toks24
LaTeX Info: Redefining \[ on input line 2817.
LaTeX Info: Redefining \] on input line 2818.
)
(/usr/share/texlive/texmf-dist/tex/latex/graphics/graphicx.sty
Package: graphicx 2017/06/01 v1.1a Enhanced LaTeX Graphics (DPC,SPQR)

(/usr/share/texlive/texmf-dist/tex/latex/graphics/keyval.sty
Package: keyval 2014/10/28 v1.15 key=value parser (DPC)
\KV@toks@=\toks25
)
(/usr/share/texlive/texmf-dist/tex/latex/graphics/graphics.sty
Package: graphics 2017/06/25 v1.2c Standard LaTeX Graphics (DPC,SPQR)

(/usr/share/texlive/texmf-dist/tex/latex/graphics/trig.sty
Package: trig 2016/01/03 v1.10 sin cos tan (DPC)
)
(/usr/share/texlive/texmf-dist/tex/latex/graphics-cfg/graphics.cfg
File: graphics.cfg 2016/06/04 v1.11 sample graphics configuration
)
Package graphics Info: Driver file: pdftex.def on input line 99.

(/usr/share/texlive/texmf-dist/tex/latex/graphics-def/pdftex.def
File: pdftex.def 2018/01/08 v1.0l Graphics/color driver for pdftex
))
\Gin@req@height=\dimen113
\Gin@req@width=\dimen114
)
(/usr/share/texlive/texmf-dist/tex/latex/todonotes/todonotes.sty
Package: todonotes 2015/07/09 .dtx Todonotes source and documentation.
Package: todonotes 2012/07/25

(/usr/share/texlive/texmf-dist/tex/latex/base/ifthen.sty
Package: ifthen 2014/09/29 v1.1c Standard LaTeX ifthen package (DPC)
)
(/usr/share/texlive/texmf-dist/tex/latex/xkeyval/xkeyval.sty
Package: xkeyval 2014/12/03 v2.7a package option processing (HA)

(/usr/share/texlive/texmf-dist/tex/generic/xkeyval/xkeyval.tex
(/usr/share/texlive/texmf-dist/tex/generic/xkeyval/xkvutils.tex
\XKV@toks=\toks26
\XKV@tempa@toks=\toks27
)
\XKV@depth=\count106
File: xkeyval.tex 2014/12/03 v2.7a key=value parser (HA)
))
(/usr/share/texlive/texmf-dist/tex/latex/xcolor/xcolor.sty
Package: xcolor 2016/05/11 v2.12 LaTeX color extensions (UK)

(/usr/share/texlive/texmf-dist/tex/latex/graphics-cfg/color.cfg
File: color.cfg 2016/01/02 v1.6 sample color configuration
)
Package xcolor Info: Driver file: pdftex.def on input line 225.
Package xcolor Info: Model `cmy' substituted by `cmy0' on input line 1348.
Package xcolor Info: Model `hsb' substituted by `rgb' on input line 1352.
Package xcolor Info: Model `RGB' extended on input line 1364.
Package xcolor Info: Model `HTML' substituted by `rgb' on input line 1366.
Package xcolor Info: Model `Hsb' substituted by `hsb' on input line 1367.
Package xcolor Info: Model `tHsb' substituted by `hsb' on input line 1368.
Package xcolor Info: Model `HSB' substituted by `hsb' on input line 1369.
Package xcolor Info: Model `Gray' substituted by `gray' on input line 1370.
Package xcolor Info: Model `wave' substituted by `hsb' on input line 1371.
)
(/usr/share/texlive/texmf-dist/tex/latex/pgf/frontendlayer/tikz.sty
(/usr/share/texlive/texmf-dist/tex/latex/pgf/basiclayer/pgf.sty
(/usr/share/texlive/texmf-dist/tex/latex/pgf/utilities/pgfrcs.sty
(/usr/share/texlive/texmf-dist/tex/generic/pgf/utilities/pgfutil-common.tex
\pgfutil@everybye=\toks28
\pgfutil@tempdima=\dimen115
\pgfutil@tempdimb=\dimen116

(/usr/share/texlive/texmf-dist/tex/generic/pgf/utilities/pgfutil-common-lists.t
ex)) (/usr/share/texlive/texmf-dist/tex/generic/pgf/utilities/pgfutil-latex.def
\pgfutil@abb=\box28
(/usr/share/texlive/texmf-dist/tex/latex/ms/everyshi.sty
Package: everyshi 2001/05/15 v3.00 EveryShipout Package (MS)
))
(/usr/share/texlive/texmf-dist/tex/generic/pgf/utilities/pgfrcs.code.tex
Package: pgfrcs 2015/08/07 v3.0.1a (rcs-revision 1.31)
))
Package: pgf 2015/08/07 v3.0.1a (rcs-revision 1.15)

(/usr/share/texlive/texmf-dist/tex/latex/pgf/basiclayer/pgfcore.sty
(/usr/share/texlive/texmf-dist/tex/latex/pgf/systemlayer/pgfsys.sty
(/usr/share/texlive/texmf-dist/tex/generic/pgf/systemlayer/pgfsys.code.tex
Package: pgfsys 2014/07/09 v3.0.1a (rcs-revision 1.48)

(/usr/share/texlive/texmf-dist/tex/generic/pgf/utilities/pgfkeys.code.tex
\pgfkeys@pathtoks=\toks29
\pgfkeys@temptoks=\toks30

(/usr/share/texlive/texmf-dist/tex/generic/pgf/utilities/pgfkeysfiltered.code.t
ex
\pgfkeys@tmptoks=\toks31
))
\pgf@x=\dimen117
\pgf@y=\dimen118
\pgf@xa=\dimen119
\pgf@ya=\dimen120
\pgf@xb=\dimen121
\pgf@yb=\dimen122
\pgf@xc=\dimen123
\pgf@yc=\dimen124
\w@pgf@writea=\write3
\r@pgf@reada=\read1
\c@pgf@counta=\count107
\c@pgf@countb=\count108
\c@pgf@countc=\count109
\c@pgf@countd=\count110
\t@pgf@toka=\toks32
\t@pgf@tokb=\toks33
\t@pgf@tokc=\toks34
 (/usr/share/texlive/texmf-dist/tex/generic/pgf/systemlayer/pgf.cfg
File: pgf.cfg 2008/05/14  (rcs-revision 1.7)
)
Driver file for pgf: pgfsys-pdftex.def

(/usr/share/texlive/texmf-dist/tex/generic/pgf/systemlayer/pgfsys-pdftex.def
File: pgfsys-pdftex.def 2014/10/11  (rcs-revision 1.35)

(/usr/share/texlive/texmf-dist/tex/generic/pgf/systemlayer/pgfsys-common-pdf.de
f
File: pgfsys-common-pdf.def 2013/10/10  (rcs-revision 1.13)
)))
(/usr/share/texlive/texmf-dist/tex/generic/pgf/systemlayer/pgfsyssoftpath.code.
tex
File: pgfsyssoftpath.code.tex 2013/09/09  (rcs-revision 1.9)
\pgfsyssoftpath@smallbuffer@items=\count111
\pgfsyssoftpath@bigbuffer@items=\count112
)
(/usr/share/texlive/texmf-dist/tex/generic/pgf/systemlayer/pgfsysprotocol.code.
tex
File: pgfsysprotocol.code.tex 2006/10/16  (rcs-revision 1.4)
))
(/usr/share/texlive/texmf-dist/tex/generic/pgf/basiclayer/pgfcore.code.tex
Package: pgfcore 2010/04/11 v3.0.1a (rcs-revision 1.7)

(/usr/share/texlive/texmf-dist/tex/generic/pgf/math/pgfmath.code.tex
(/usr/share/texlive/texmf-dist/tex/generic/pgf/math/pgfmathcalc.code.tex
(/usr/share/texlive/texmf-dist/tex/generic/pgf/math/pgfmathutil.code.tex)
(/usr/share/texlive/texmf-dist/tex/generic/pgf/math/pgfmathparser.code.tex
\pgfmath@dimen=\dimen125
\pgfmath@count=\count113
\pgfmath@box=\box29
\pgfmath@toks=\toks35
\pgfmath@stack@operand=\toks36
\pgfmath@stack@operation=\toks37
)
(/usr/share/texlive/texmf-dist/tex/generic/pgf/math/pgfmathfunctions.code.tex
(/usr/share/texlive/texmf-dist/tex/generic/pgf/math/pgfmathfunctions.basic.code
.tex)
(/usr/share/texlive/texmf-dist/tex/generic/pgf/math/pgfmathfunctions.trigonomet
ric.code.tex)
(/usr/share/texlive/texmf-dist/tex/generic/pgf/math/pgfmathfunctions.random.cod
e.tex)
(/usr/share/texlive/texmf-dist/tex/generic/pgf/math/pgfmathfunctions.comparison
.code.tex)
(/usr/share/texlive/texmf-dist/tex/generic/pgf/math/pgfmathfunctions.base.code.
tex)
(/usr/share/texlive/texmf-dist/tex/generic/pgf/math/pgfmathfunctions.round.code
.tex)
(/usr/share/texlive/texmf-dist/tex/generic/pgf/math/pgfmathfunctions.misc.code.
tex)
(/usr/share/texlive/texmf-dist/tex/generic/pgf/math/pgfmathfunctions.integerari
thmetics.code.tex)))
(/usr/share/texlive/texmf-dist/tex/generic/pgf/math/pgfmathfloat.code.tex
\c@pgfmathroundto@lastzeros=\count114
))
(/usr/share/texlive/texmf-dist/tex/generic/pgf/basiclayer/pgfcorepoints.code.te
x
File: pgfcorepoints.code.tex 2013/10/07  (rcs-revision 1.27)
\pgf@picminx=\dimen126
\pgf@picmaxx=\dimen127
\pgf@picminy=\dimen128
\pgf@picmaxy=\dimen129
\pgf@pathminx=\dimen130
\pgf@pathmaxx=\dimen131
\pgf@pathminy=\dimen132
\pgf@pathmaxy=\dimen133
\pgf@xx=\dimen134
\pgf@xy=\dimen135
\pgf@yx=\dimen136
\pgf@yy=\dimen137
\pgf@zx=\dimen138
\pgf@zy=\dimen139
)
(/usr/share/texlive/texmf-dist/tex/generic/pgf/basiclayer/pgfcorepathconstruct.
code.tex
File: pgfcorepathconstruct.code.tex 2013/10/07  (rcs-revision 1.29)
\pgf@path@lastx=\dimen140
\pgf@path@lasty=\dimen141
)
(/usr/share/texlive/texmf-dist/tex/generic/pgf/basiclayer/pgfcorepathusage.code
.tex
File: pgfcorepathusage.code.tex 2014/11/02  (rcs-revision 1.24)
\pgf@shorten@end@additional=\dimen142
\pgf@shorten@start@additional=\dimen143
)
(/usr/share/texlive/texmf-dist/tex/generic/pgf/basiclayer/pgfcorescopes.code.te
x
File: pgfcorescopes.code.tex 2015/05/08  (rcs-revision 1.46)
\pgfpic=\box30
\pgf@hbox=\box31
\pgf@layerbox@main=\box32
\pgf@picture@serial@count=\count115
)
(/usr/share/texlive/texmf-dist/tex/generic/pgf/basiclayer/pgfcoregraphicstate.c
ode.tex
File: pgfcoregraphicstate.code.tex 2014/11/02  (rcs-revision 1.12)
\pgflinewidth=\dimen144
)
(/usr/share/texlive/texmf-dist/tex/generic/pgf/basiclayer/pgfcoretransformation
s.code.tex
File: pgfcoretransformations.code.tex 2015/08/07  (rcs-revision 1.20)
\pgf@pt@x=\dimen145
\pgf@pt@y=\dimen146
\pgf@pt@temp=\dimen147
)
(/usr/share/texlive/texmf-dist/tex/generic/pgf/basiclayer/pgfcorequick.code.tex
File: pgfcorequick.code.tex 2008/10/09  (rcs-revision 1.3)
)
(/usr/share/texlive/texmf-dist/tex/generic/pgf/basiclayer/pgfcoreobjects.code.t
ex
File: pgfcoreobjects.code.tex 2006/10/11  (rcs-revision 1.2)
)
(/usr/share/texlive/texmf-dist/tex/generic/pgf/basiclayer/pgfcorepathprocessing
.code.tex
File: pgfcorepathprocessing.code.tex 2013/09/09  (rcs-revision 1.9)
)
(/usr/share/texlive/texmf-dist/tex/generic/pgf/basiclayer/pgfcorearrows.code.te
x
File: pgfcorearrows.code.tex 2015/05/14  (rcs-revision 1.43)
\pgfarrowsep=\dimen148
)
(/usr/share/texlive/texmf-dist/tex/generic/pgf/basiclayer/pgfcoreshade.code.tex
File: pgfcoreshade.code.tex 2013/07/15  (rcs-revision 1.15)
\pgf@max=\dimen149
\pgf@sys@shading@range@num=\count116
)
(/usr/share/texlive/texmf-dist/tex/generic/pgf/basiclayer/pgfcoreimage.code.tex
File: pgfcoreimage.code.tex 2013/07/15  (rcs-revision 1.18)

(/usr/share/texlive/texmf-dist/tex/generic/pgf/basiclayer/pgfcoreexternal.code.
tex
File: pgfcoreexternal.code.tex 2014/07/09  (rcs-revision 1.21)
\pgfexternal@startupbox=\box33
))
(/usr/share/texlive/texmf-dist/tex/generic/pgf/basiclayer/pgfcorelayers.code.te
x
File: pgfcorelayers.code.tex 2013/07/18  (rcs-revision 1.7)
)
(/usr/share/texlive/texmf-dist/tex/generic/pgf/basiclayer/pgfcoretransparency.c
ode.tex
File: pgfcoretransparency.code.tex 2013/09/30  (rcs-revision 1.5)
)
(/usr/share/texlive/texmf-dist/tex/generic/pgf/basiclayer/pgfcorepatterns.code.
tex
File: pgfcorepatterns.code.tex 2013/11/07  (rcs-revision 1.5)
)))
(/usr/share/texlive/texmf-dist/tex/generic/pgf/modules/pgfmoduleshapes.code.tex
File: pgfmoduleshapes.code.tex 2014/03/21  (rcs-revision 1.35)
\pgfnodeparttextbox=\box34
) (/usr/share/texlive/texmf-dist/tex/generic/pgf/modules/pgfmoduleplot.code.tex
File: pgfmoduleplot.code.tex 2015/08/03  (rcs-revision 1.13)
)
(/usr/share/texlive/texmf-dist/tex/latex/pgf/compatibility/pgfcomp-version-0-65
.sty
Package: pgfcomp-version-0-65 2007/07/03 v3.0.1a (rcs-revision 1.7)
\pgf@nodesepstart=\dimen150
\pgf@nodesepend=\dimen151
)
(/usr/share/texlive/texmf-dist/tex/latex/pgf/compatibility/pgfcomp-version-1-18
.sty
Package: pgfcomp-version-1-18 2007/07/23 v3.0.1a (rcs-revision 1.1)
)) (/usr/share/texlive/texmf-dist/tex/latex/pgf/utilities/pgffor.sty
(/usr/share/texlive/texmf-dist/tex/latex/pgf/utilities/pgfkeys.sty
(/usr/share/texlive/texmf-dist/tex/generic/pgf/utilities/pgfkeys.code.tex))
(/usr/share/texlive/texmf-dist/tex/latex/pgf/math/pgfmath.sty
(/usr/share/texlive/texmf-dist/tex/generic/pgf/math/pgfmath.code.tex))
(/usr/share/texlive/texmf-dist/tex/generic/pgf/utilities/pgffor.code.tex
Package: pgffor 2013/12/13 v3.0.1a (rcs-revision 1.25)

(/usr/share/texlive/texmf-dist/tex/generic/pgf/math/pgfmath.code.tex)
\pgffor@iter=\dimen152
\pgffor@skip=\dimen153
\pgffor@stack=\toks38
\pgffor@toks=\toks39
))
(/usr/share/texlive/texmf-dist/tex/generic/pgf/frontendlayer/tikz/tikz.code.tex
Package: tikz 2015/08/07 v3.0.1a (rcs-revision 1.151)

(/usr/share/texlive/texmf-dist/tex/generic/pgf/libraries/pgflibraryplothandlers
.code.tex
File: pgflibraryplothandlers.code.tex 2013/08/31 v3.0.1a (rcs-revision 1.20)
\pgf@plot@mark@count=\count117
\pgfplotmarksize=\dimen154
)
\tikz@lastx=\dimen155
\tikz@lasty=\dimen156
\tikz@lastxsaved=\dimen157
\tikz@lastysaved=\dimen158
\tikzleveldistance=\dimen159
\tikzsiblingdistance=\dimen160
\tikz@figbox=\box35
\tikz@figbox@bg=\box36
\tikz@tempbox=\box37
\tikz@tempbox@bg=\box38
\tikztreelevel=\count118
\tikznumberofchildren=\count119
\tikznumberofcurrentchild=\count120
\tikz@fig@count=\count121

(/usr/share/texlive/texmf-dist/tex/generic/pgf/modules/pgfmodulematrix.code.tex
File: pgfmodulematrix.code.tex 2013/09/17  (rcs-revision 1.8)
\pgfmatrixcurrentrow=\count122
\pgfmatrixcurrentcolumn=\count123
\pgf@matrix@numberofcolumns=\count124
)
\tikz@expandcount=\count125

(/usr/share/texlive/texmf-dist/tex/generic/pgf/frontendlayer/tikz/libraries/tik
zlibrarytopaths.code.tex
File: tikzlibrarytopaths.code.tex 2008/06/17 v3.0.1a (rcs-revision 1.2)
)))
(/usr/share/texlive/texmf-dist/tex/generic/pgf/frontendlayer/tikz/libraries/tik
zlibrarypositioning.code.tex
File: tikzlibrarypositioning.code.tex 2008/10/06 v3.0.1a (rcs-revision 1.7)
)
(/usr/share/texlive/texmf-dist/tex/latex/tools/calc.sty
Package: calc 2017/05/25 v4.3 Infix arithmetic (KKT,FJ)
\calc@Acount=\count126
\calc@Bcount=\count127
\calc@Adimen=\dimen161
\calc@Bdimen=\dimen162
\calc@Askip=\skip48
\calc@Bskip=\skip49
LaTeX Info: Redefining \setlength on input line 80.
LaTeX Info: Redefining \addtolength on input line 81.
\calc@Ccount=\count128
\calc@Cskip=\skip50
)
\c@@todonotes@numberoftodonotes=\count129
)
(/usr/share/texlive/texmf-dist/tex/latex/hyperref/hyperref.sty
Package: hyperref 2018/02/06 v6.86b Hypertext links for LaTeX

(/usr/share/texlive/texmf-dist/tex/generic/oberdiek/hobsub-hyperref.sty
Package: hobsub-hyperref 2016/05/16 v1.14 Bundle oberdiek, subset hyperref (HO)


(/usr/share/texlive/texmf-dist/tex/generic/oberdiek/hobsub-generic.sty
Package: hobsub-generic 2016/05/16 v1.14 Bundle oberdiek, subset generic (HO)
Package: hobsub 2016/05/16 v1.14 Construct package bundles (HO)
Package: infwarerr 2016/05/16 v1.4 Providing info/warning/error messages (HO)
Package: ltxcmds 2016/05/16 v1.23 LaTeX kernel commands for general use (HO)
Package: ifluatex 2016/05/16 v1.4 Provides the ifluatex switch (HO)
Package ifluatex Info: LuaTeX not detected.
Package: ifvtex 2016/05/16 v1.6 Detect VTeX and its facilities (HO)
Package ifvtex Info: VTeX not detected.
Package: intcalc 2016/05/16 v1.2 Expandable calculations with integers (HO)
Package: ifpdf 2017/03/15 v3.2 Provides the ifpdf switch
Package: etexcmds 2016/05/16 v1.6 Avoid name clashes with e-TeX commands (HO)
Package: kvsetkeys 2016/05/16 v1.17 Key value parser (HO)
Package: kvdefinekeys 2016/05/16 v1.4 Define keys (HO)
Package: pdftexcmds 2018/01/30 v0.27 Utility functions of pdfTeX for LuaTeX (HO
)
Package pdftexcmds Info: LuaTeX not detected.
Package pdftexcmds Info: \pdf@primitive is available.
Package pdftexcmds Info: \pdf@ifprimitive is available.
Package pdftexcmds Info: \pdfdraftmode found.
Package: pdfescape 2016/05/16 v1.14 Implements pdfTeX's escape features (HO)
Package: bigintcalc 2016/05/16 v1.4 Expandable calculations on big integers (HO
)
Package: bitset 2016/05/16 v1.2 Handle bit-vector datatype (HO)
Package: uniquecounter 2016/05/16 v1.3 Provide unlimited unique counter (HO)
)
Package hobsub Info: Skipping package `hobsub' (already loaded).
Package: letltxmacro 2016/05/16 v1.5 Let assignment for LaTeX macros (HO)
Package: hopatch 2016/05/16 v1.3 Wrapper for package hooks (HO)
Package: xcolor-patch 2016/05/16 xcolor patch
Package: atveryend 2016/05/16 v1.9 Hooks at the very end of document (HO)
Package atveryend Info: \enddocument detected (standard20110627).
Package: atbegshi 2016/06/09 v1.18 At begin shipout hook (HO)
Package: refcount 2016/05/16 v3.5 Data extraction from label references (HO)
Package: hycolor 2016/05/16 v1.8 Color options for hyperref/bookmark (HO)
)
(/usr/share/texlive/texmf-dist/tex/generic/ifxetex/ifxetex.sty
Package: ifxetex 2010/09/12 v0.6 Provides ifxetex conditional
)
(/usr/share/texlive/texmf-dist/tex/latex/oberdiek/auxhook.sty
Package: auxhook 2016/05/16 v1.4 Hooks for auxiliary files (HO)
)
(/usr/share/texlive/texmf-dist/tex/latex/oberdiek/kvoptions.sty
Package: kvoptions 2016/05/16 v3.12 Key value format for package options (HO)
)
\@linkdim=\dimen163
\Hy@linkcounter=\count130
\Hy@pagecounter=\count131

(/usr/share/texlive/texmf-dist/tex/latex/hyperref/pd1enc.def
File: pd1enc.def 2018/02/06 v6.86b Hyperref: PDFDocEncoding definition (HO)
)
\Hy@SavedSpaceFactor=\count132

(/usr/share/texlive/texmf-dist/tex/latex/latexconfig/hyperref.cfg
File: hyperref.cfg 2002/06/06 v1.2 hyperref configuration of TeXLive
)
Package hyperref Info: Option `colorlinks' set `true' on input line 4383.
Package hyperref Info: Hyper figures OFF on input line 4509.
Package hyperref Info: Link nesting OFF on input line 4514.
Package hyperref Info: Hyper index ON on input line 4517.
Package hyperref Info: Plain pages OFF on input line 4524.
Package hyperref Info: Backreferencing OFF on input line 4529.
Package hyperref Info: Implicit mode ON; LaTeX internals redefined.
Package hyperref Info: Bookmarks ON on input line 4762.
\c@Hy@tempcnt=\count133

(/usr/share/texlive/texmf-dist/tex/latex/url/url.sty
\Urlmuskip=\muskip11
Package: url 2013/09/16  ver 3.4  Verb mode for urls, etc.
)
LaTeX Info: Redefining \url on input line 5115.
\XeTeXLinkMargin=\dimen164
\Fld@menulength=\count134
\Field@Width=\dimen165
\Fld@charsize=\dimen166
Package hyperref Info: Hyper figures OFF on input line 6369.
Package hyperref Info: Link nesting OFF on input line 6374.
Package hyperref Info: Hyper index ON on input line 6377.
Package hyperref Info: backreferencing OFF on input line 6384.
Package hyperref Info: Link coloring ON on input line 6387.
Package hyperref Info: Link coloring with OCG OFF on input line 6394.
Package hyperref Info: PDF/A mode OFF on input line 6399.
LaTeX Info: Redefining \ref on input line 6439.
LaTeX Info: Redefining \pageref on input line 6443.
\Hy@abspage=\count135
\c@Item=\count136
\c@Hfootnote=\count137
)
Package hyperref Info: Driver (autodetected): hpdftex.

(/usr/share/texlive/texmf-dist/tex/latex/hyperref/hpdftex.def
File: hpdftex.def 2018/02/06 v6.86b Hyperref driver for pdfTeX
\Fld@listcount=\count138
\c@bookmark@seq@number=\count139

(/usr/share/texlive/texmf-dist/tex/latex/oberdiek/rerunfilecheck.sty
Package: rerunfilecheck 2016/05/16 v1.8 Rerun checks for auxiliary files (HO)
Package uniquecounter Info: New unique counter `rerunfilecheck' on input line 2
82.
)
\Hy@SectionHShift=\skip51
)
(/usr/share/texlive/texmf-dist/tex/latex/subfigure/subfigure.sty
Package: subfigure 2002/03/15 v2.1.5 subfigure package
\subfigtopskip=\skip52
\subfigcapskip=\skip53
\subfigcaptopadj=\dimen167
\subfigbottomskip=\skip54
\subfigcapmargin=\dimen168
\subfiglabelskip=\skip55
\c@subfigure=\count140
\c@lofdepth=\count141
\c@subtable=\count142
\c@lotdepth=\count143

****************************************
* Local config file subfigure.cfg used *
****************************************
(/usr/share/texlive/texmf-dist/tex/latex/subfigure/subfigure.cfg)
\subfig@top=\skip56
\subfig@bottom=\skip57
)
(/usr/share/texlive/texmf-dist/tex/latex/float/float.sty
Package: float 2001/11/08 v1.3d Float enhancements (AL)
\c@float@type=\count144
\float@exts=\toks40
\float@box=\box39
\@float@everytoks=\toks41
\@floatcapt=\box40
)
(/usr/share/texlive/texmf-dist/tex/latex/tools/verbatim.sty
Package: verbatim 2014/10/28 v1.5q LaTeX2e package for verbatim enhancements
\every@verbatim=\toks42
\verbatim@line=\toks43
\verbatim@in@stream=\read2
)
(/usr/share/texlive/texmf-dist/tex/latex/appendix/appendix.sty
Package: appendix 2009/09/02 v1.2b extra appendix facilities
\c@@pps=\count145
\c@@ppsavesec=\count146
\c@@ppsaveapp=\count147
)
(/usr/share/texlive/texmf-dist/tex/latex/listings/listings.sty
\lst@mode=\count148
\lst@gtempboxa=\box41
\lst@token=\toks44
\lst@length=\count149
\lst@currlwidth=\dimen169
\lst@column=\count150
\lst@pos=\count151
\lst@lostspace=\dimen170
\lst@width=\dimen171
\lst@newlines=\count152
\lst@lineno=\count153
\lst@maxwidth=\dimen172

(/usr/share/texlive/texmf-dist/tex/latex/listings/lstmisc.sty
File: lstmisc.sty 2015/06/04 1.6 (Carsten Heinz)
\c@lstnumber=\count154
\lst@skipnumbers=\count155
\lst@framebox=\box42
)
(/usr/share/texlive/texmf-dist/tex/latex/listings/listings.cfg
File: listings.cfg 2015/06/04 1.6 listings configuration
))
Package: listings 2015/06/04 1.6 (Carsten Heinz)

(/usr/share/texlive/texmf-dist/tex/latex/listings/lstlang1.sty
File: lstlang1.sty 2015/06/04 1.6 listings language file
)
(/usr/share/texlive/texmf-dist/tex/latex/listings/lstlang2.sty
File: lstlang2.sty 2015/06/04 1.6 listings language file
)
(/usr/share/texlive/texmf-dist/tex/latex/listings/lstlang3.sty
File: lstlang3.sty 2015/06/04 1.6 listings language file
)
(/usr/share/texlive/texmf-dist/tex/latex/preprint/authblk.sty
Package: authblk 2001/02/27 1.3 (PWD)
\affilsep=\skip58
\@affilsep=\skip59
\c@Maxaffil=\count156
\c@authors=\count157
\c@affil=\count158
)
(./series_ciclo_eng.aux
LaTeX Info: Redefining \. on input line 26.
LaTeX Info: Redefining \% on input line 26.
LaTeX Info: Redefining \. on input line 28.
LaTeX Info: Redefining \% on input line 28.
)
\openout1 = `series_ciclo_eng.aux'.

LaTeX Font Info:    Checking defaults for OML/cmm/m/it on input line 71.
LaTeX Font Info:    ... okay on input line 71.
LaTeX Font Info:    Checking defaults for T1/cmr/m/n on input line 71.
LaTeX Font Info:    ... okay on input line 71.
LaTeX Font Info:    Checking defaults for OT1/cmr/m/n on input line 71.
LaTeX Font Info:    ... okay on input line 71.
LaTeX Font Info:    Checking defaults for OMS/cmsy/m/n on input line 71.
LaTeX Font Info:    ... okay on input line 71.
LaTeX Font Info:    Checking defaults for OMX/cmex/m/n on input line 71.
LaTeX Font Info:    ... okay on input line 71.
LaTeX Font Info:    Checking defaults for U/cmr/m/n on input line 71.
LaTeX Font Info:    ... okay on input line 71.
LaTeX Font Info:    Checking defaults for PD1/pdf/m/n on input line 71.
LaTeX Font Info:    ... okay on input line 71.
LaTeX Info: Redefining \. on input line 71.
LaTeX Info: Redefining \% on input line 71.

(/usr/share/texlive/texmf-dist/tex/latex/ucs/ucsencs.def
File: ucsencs.def 2011/01/21 Fixes to fontencodings LGR, T3
)
(/usr/share/texlive/texmf-dist/tex/context/base/mkii/supp-pdf.mkii
[Loading MPS to PDF converter (version 2006.09.02).]
\scratchcounter=\count159
\scratchdimen=\dimen173
\scratchbox=\box43
\nofMPsegments=\count160
\nofMParguments=\count161
\everyMPshowfont=\toks45
\MPscratchCnt=\count162
\MPscratchDim=\dimen174
\MPnumerator=\count163
\makeMPintoPDFobject=\count164
\everyMPtoPDFconversion=\toks46
) (/usr/share/texlive/texmf-dist/tex/latex/oberdiek/epstopdf-base.sty
Package: epstopdf-base 2016/05/15 v2.6 Base part for package epstopdf

(/usr/share/texlive/texmf-dist/tex/latex/oberdiek/grfext.sty
Package: grfext 2016/05/16 v1.2 Manage graphics extensions (HO)
)
Package epstopdf-base Info: Redefining graphics rule for `.eps' on input line 4
38.
Package grfext Info: Graphics extension search list:
(grfext)             [.pdf,.png,.jpg,.mps,.jpeg,.jbig2,.jb2,.PDF,.PNG,.JPG,.JPE
G,.JBIG2,.JB2,.eps]
(grfext)             \AppendGraphicsExtensions on input line 456.

(/usr/share/texlive/texmf-dist/tex/latex/latexconfig/epstopdf-sys.cfg
File: epstopdf-sys.cfg 2010/07/13 v1.3 Configuration of (r)epstopdf for TeX Liv
e
))
ABD: EveryShipout initializing macros
\AtBeginShipoutBox=\box44
Package hyperref Info: Link coloring ON on input line 71.

(/usr/share/texlive/texmf-dist/tex/latex/hyperref/nameref.sty
Package: nameref 2016/05/21 v2.44 Cross-referencing by name of section

(/usr/share/texlive/texmf-dist/tex/generic/oberdiek/gettitlestring.sty
Package: gettitlestring 2016/05/16 v1.5 Cleanup title references (HO)
)
\c@section@level=\count165
)
LaTeX Info: Redefining \ref on input line 71.
LaTeX Info: Redefining \pageref on input line 71.
LaTeX Info: Redefining \nameref on input line 71.

(./series_ciclo_eng.out) (./series_ciclo_eng.out)
\@outlinefile=\write4
\openout4 = `series_ciclo_eng.out'.

\c@lstlisting=\count166

(/usr/share/texlive/texmf-dist/tex/latex/ucs/data/uni-32.def
File: uni-32.def 2013/05/13 UCS: Unicode data U+2000..U+20FF
)
LaTeX Info: Redefining \. on input line 82.
LaTeX Info: Redefining \% on input line 82.

(/usr/share/texlive/texmf-dist/tex/latex/ucs/data/uni-0.def
File: uni-0.def 2013/05/13 UCS: Unicode data U+0000..U+00FF
)
Package babel Info: Redefining spanish shorthand <<
(babel)             in language  on input line 88.
Package babel Info: Redefining spanish shorthand >>
(babel)             in language  on input line 88.
Package babel Info: Redefining spanish shorthand "=
(babel)             in language  on input line 88.
Package babel Info: Redefining spanish shorthand "~
(babel)             in language  on input line 88.
Package babel Info: Redefining spanish shorthand "!
(babel)             in language  on input line 88.
Package babel Info: Redefining spanish shorthand "?
(babel)             in language  on input line 88.
Package babel Info: Redefining spanish shorthand <<
(babel)             in language  on input line 91.
Package babel Info: Redefining spanish shorthand >>
(babel)             in language  on input line 91.
Package babel Info: Redefining spanish shorthand "=
(babel)             in language  on input line 91.
Package babel Info: Redefining spanish shorthand "~
(babel)             in language  on input line 91.
Package babel Info: Redefining spanish shorthand "!
(babel)             in language  on input line 91.
Package babel Info: Redefining spanish shorthand "?
(babel)             in language  on input line 91.
Package babel Info: Redefining spanish shorthand <<
(babel)             in language  on input line 91.
Package babel Info: Redefining spanish shorthand >>
(babel)             in language  on input line 91.
Package babel Info: Redefining spanish shorthand "=
(babel)             in language  on input line 91.
Package babel Info: Redefining spanish shorthand "~
(babel)             in language  on input line 91.
Package babel Info: Redefining spanish shorthand "!
(babel)             in language  on input line 91.
Package babel Info: Redefining spanish shorthand "?
(babel)             in language  on input line 91.
 [1

{/var/lib/texmf/fonts/map/pdftex/updmap/pdftex.map}]
Package babel Info: Redefining spanish shorthand <<
(babel)             in language  on input line 98.
Package babel Info: Redefining spanish shorthand >>
(babel)             in language  on input line 98.
Package babel Info: Redefining spanish shorthand "=
(babel)             in language  on input line 98.
Package babel Info: Redefining spanish shorthand "~
(babel)             in language  on input line 98.
Package babel Info: Redefining spanish shorthand "!
(babel)             in language  on input line 98.
Package babel Info: Redefining spanish shorthand "?
(babel)             in language  on input line 98.
Package babel Info: Redefining spanish shorthand <<
(babel)             in language  on input line 103.
Package babel Info: Redefining spanish shorthand >>
(babel)             in language  on input line 103.
Package babel Info: Redefining spanish shorthand "=
(babel)             in language  on input line 103.
Package babel Info: Redefining spanish shorthand "~
(babel)             in language  on input line 103.
Package babel Info: Redefining spanish shorthand "!
(babel)             in language  on input line 103.
Package babel Info: Redefining spanish shorthand "?
(babel)             in language  on input line 103.
Package babel Info: Redefining spanish shorthand <<
(babel)             in language  on input line 103.
Package babel Info: Redefining spanish shorthand >>
(babel)             in language  on input line 103.
Package babel Info: Redefining spanish shorthand "=
(babel)             in language  on input line 103.
Package babel Info: Redefining spanish shorthand "~
(babel)             in language  on input line 103.
Package babel Info: Redefining spanish shorthand "!
(babel)             in language  on input line 103.
Package babel Info: Redefining spanish shorthand "?
(babel)             in language  on input line 103.
 [2]
Package babel Info: Redefining spanish shorthand <<
(babel)             in language  on input line 111.
Package babel Info: Redefining spanish shorthand >>
(babel)             in language  on input line 111.
Package babel Info: Redefining spanish shorthand "=
(babel)             in language  on input line 111.
Package babel Info: Redefining spanish shorthand "~
(babel)             in language  on input line 111.
Package babel Info: Redefining spanish shorthand "!
(babel)             in language  on input line 111.
Package babel Info: Redefining spanish shorthand "?
(babel)             in language  on input line 111.
Package babel Info: Redefining spanish shorthand <<
(babel)             in language  on input line 114.
Package babel Info: Redefining spanish shorthand >>
(babel)             in language  on input line 114.
Package babel Info: Redefining spanish shorthand "=
(babel)             in language  on input line 114.
Package babel Info: Redefining spanish shorthand "~
(babel)             in language  on input line 114.
Package babel Info: Redefining spanish shorthand "!
(babel)             in language  on input line 114.
Package babel Info: Redefining spanish shorthand "?
(babel)             in language  on input line 114.
Package babel Info: Redefining spanish shorthand <<
(babel)             in language  on input line 119.
Package babel Info: Redefining spanish shorthand >>
(babel)             in language  on input line 119.
Package babel Info: Redefining spanish shorthand "=
(babel)             in language  on input line 119.
Package babel Info: Redefining spanish shorthand "~
(babel)             in language  on input line 119.
Package babel Info: Redefining spanish shorthand "!
(babel)             in language  on input line 119.
Package babel Info: Redefining spanish shorthand "?
(babel)             in language  on input line 119.
Package babel Info: Redefining spanish shorthand <<
(babel)             in language  on input line 119.
Package babel Info: Redefining spanish shorthand >>
(babel)             in language  on input line 119.
Package babel Info: Redefining spanish shorthand "=
(babel)             in language  on input line 119.
Package babel Info: Redefining spanish shorthand "~
(babel)             in language  on input line 119.
Package babel Info: Redefining spanish shorthand "!
(babel)             in language  on input line 119.
Package babel Info: Redefining spanish shorthand "?
(babel)             in language  on input line 119.
 [3]
Package babel Info: Redefining spanish shorthand <<
(babel)             in language  on input line 127.
Package babel Info: Redefining spanish shorthand >>
(babel)             in language  on input line 127.
Package babel Info: Redefining spanish shorthand "=
(babel)             in language  on input line 127.
Package babel Info: Redefining spanish shorthand "~
(babel)             in language  on input line 127.
Package babel Info: Redefining spanish shorthand "!
(babel)             in language  on input line 127.
Package babel Info: Redefining spanish shorthand "?
(babel)             in language  on input line 127.
<../plots/oro.png, id=127, 722.7pt x 505.89pt>
File: ../plots/oro.png Graphic file (type png)
<use ../plots/oro.png>
Package pdftex.def Info: ../plots/oro.png  used on input line 133.
(pdftex.def)             Requested size: 258.75pt x 181.12447pt.
Package babel Info: Redefining spanish shorthand <<
(babel)             in language  on input line 136.
Package babel Info: Redefining spanish shorthand >>
(babel)             in language  on input line 136.
Package babel Info: Redefining spanish shorthand "=
(babel)             in language  on input line 136.
Package babel Info: Redefining spanish shorthand "~
(babel)             in language  on input line 136.
Package babel Info: Redefining spanish shorthand "!
(babel)             in language  on input line 136.
Package babel Info: Redefining spanish shorthand "?
(babel)             in language  on input line 136.
Package babel Info: Redefining spanish shorthand <<
(babel)             in language  on input line 136.
Package babel Info: Redefining spanish shorthand >>
(babel)             in language  on input line 136.
Package babel Info: Redefining spanish shorthand "=
(babel)             in language  on input line 136.
Package babel Info: Redefining spanish shorthand "~
(babel)             in language  on input line 136.
Package babel Info: Redefining spanish shorthand "!
(babel)             in language  on input line 136.
Package babel Info: Redefining spanish shorthand "?
(babel)             in language  on input line 136.
 [4]
<../plots/gdp_in_gold_eda.PNG, id=143, 722.7pt x 433.62pt>
File: ../plots/gdp_in_gold_eda.PNG Graphic file (type png)
<use ../plots/gdp_in_gold_eda.PNG>
Package pdftex.def Info: ../plots/gdp_in_gold_eda.PNG  used on input line 151.
(pdftex.def)             Requested size: 258.75pt x 155.24954pt.
<../plots/wg_in_gold_eda.PNG, id=144, 722.7pt x 433.62pt>
File: ../plots/wg_in_gold_eda.PNG Graphic file (type png)
<use ../plots/wg_in_gold_eda.PNG>
Package pdftex.def Info: ../plots/wg_in_gold_eda.PNG  used on input line 153.
(pdftex.def)             Requested size: 258.75pt x 155.24954pt.
Package babel Info: Redefining spanish shorthand <<
(babel)             in language  on input line 156.
Package babel Info: Redefining spanish shorthand >>
(babel)             in language  on input line 156.
Package babel Info: Redefining spanish shorthand "=
(babel)             in language  on input line 156.
Package babel Info: Redefining spanish shorthand "~
(babel)             in language  on input line 156.
Package babel Info: Redefining spanish shorthand "!
(babel)             in language  on input line 156.
Package babel Info: Redefining spanish shorthand "?
(babel)             in language  on input line 156.
Package babel Info: Redefining spanish shorthand <<
(babel)             in language  on input line 156.
Package babel Info: Redefining spanish shorthand >>
(babel)             in language  on input line 156.
Package babel Info: Redefining spanish shorthand "=
(babel)             in language  on input line 156.
Package babel Info: Redefining spanish shorthand "~
(babel)             in language  on input line 156.
Package babel Info: Redefining spanish shorthand "!
(babel)             in language  on input line 156.
Package babel Info: Redefining spanish shorthand "?
(babel)             in language  on input line 156.
 [5pdfTeX warning (ext4): destination with the same identifier (name{figure.1})
 has been already used, duplicate ignored

\@EveryShipout@Output ...@Org@Shipout \box \@cclv 
                                                  
l.156 
       <../plots/oro.png (PNG copy)>]
Package babel Info: Redefining spanish shorthand <<
(babel)             in language  on input line 184.
Package babel Info: Redefining spanish shorthand >>
(babel)             in language  on input line 184.
Package babel Info: Redefining spanish shorthand "=
(babel)             in language  on input line 184.
Package babel Info: Redefining spanish shorthand "~
(babel)             in language  on input line 184.
Package babel Info: Redefining spanish shorthand "!
(babel)             in language  on input line 184.
Package babel Info: Redefining spanish shorthand "?
(babel)             in language  on input line 184.
Package babel Info: Redefining spanish shorthand <<
(babel)             in language  on input line 184.
Package babel Info: Redefining spanish shorthand >>
(babel)             in language  on input line 184.
Package babel Info: Redefining spanish shorthand "=
(babel)             in language  on input line 184.
Package babel Info: Redefining spanish shorthand "~
(babel)             in language  on input line 184.
Package babel Info: Redefining spanish shorthand "!
(babel)             in language  on input line 184.
Package babel Info: Redefining spanish shorthand "?
(babel)             in language  on input line 184.
 [6pdfTeX warning (ext4): destination with the same identifier (name{figure.2})
 has been already used, duplicate ignored

\@EveryShipout@Output ...@Org@Shipout \box \@cclv 
                                                  
l.184 
      pdfTeX warning (ext4): destination with the same identifier (name{table.1
}) has been already used, duplicate ignored

\@EveryShipout@Output ...@Org@Shipout \box \@cclv 
                                                  
l.184 
       <../plots/gdp_in_gold_eda.PNG (PNG copy)> <../plots/wg_in_gold_eda.PNG (
PNG copy)>]
<../plots/uk_gdp.png, id=159, 526.8483pt x 325.215pt>
File: ../plots/uk_gdp.png Graphic file (type png)
<use ../plots/uk_gdp.png>
Package pdftex.def Info: ../plots/uk_gdp.png  used on input line 189.
(pdftex.def)             Requested size: 258.75pt x 159.719pt.
Package babel Info: Redefining spanish shorthand <<
(babel)             in language  on input line 198.
Package babel Info: Redefining spanish shorthand >>
(babel)             in language  on input line 198.
Package babel Info: Redefining spanish shorthand "=
(babel)             in language  on input line 198.
Package babel Info: Redefining spanish shorthand "~
(babel)             in language  on input line 198.
Package babel Info: Redefining spanish shorthand "!
(babel)             in language  on input line 198.
Package babel Info: Redefining spanish shorthand "?
(babel)             in language  on input line 198.
Package babel Info: Redefining spanish shorthand <<
(babel)             in language  on input line 201.
Package babel Info: Redefining spanish shorthand >>
(babel)             in language  on input line 201.
Package babel Info: Redefining spanish shorthand "=
(babel)             in language  on input line 201.
Package babel Info: Redefining spanish shorthand "~
(babel)             in language  on input line 201.
Package babel Info: Redefining spanish shorthand "!
(babel)             in language  on input line 201.
Package babel Info: Redefining spanish shorthand "?
(babel)             in language  on input line 201.
Package babel Info: Redefining spanish shorthand <<
(babel)             in language  on input line 201.
Package babel Info: Redefining spanish shorthand >>
(babel)             in language  on input line 201.
Package babel Info: Redefining spanish shorthand "=
(babel)             in language  on input line 201.
Package babel Info: Redefining spanish shorthand "~
(babel)             in language  on input line 201.
Package babel Info: Redefining spanish shorthand "!
(babel)             in language  on input line 201.
Package babel Info: Redefining spanish shorthand "?
(babel)             in language  on input line 201.
 [7pdfTeX warning (ext4): destination with the same identifier (name{figure.3})
 has been already used, duplicate ignored

\@EveryShipout@Output ...@Org@Shipout \box \@cclv 
                                                  
l.201 
       <../plots/uk_gdp.png>]
<../plots/ciclo.png, id=169, 526.8483pt x 325.215pt>
File: ../plots/ciclo.png Graphic file (type png)
<use ../plots/ciclo.png>
Package pdftex.def Info: ../plots/ciclo.png  used on input line 204.
(pdftex.def)             Requested size: 224.2479pt x 138.42545pt.

Underfull \hbox (badness 10000) in paragraph at lines 208--209

 []

Package babel Info: Redefining spanish shorthand <<
(babel)             in language  on input line 222.
Package babel Info: Redefining spanish shorthand >>
(babel)             in language  on input line 222.
Package babel Info: Redefining spanish shorthand "=
(babel)             in language  on input line 222.
Package babel Info: Redefining spanish shorthand "~
(babel)             in language  on input line 222.
Package babel Info: Redefining spanish shorthand "!
(babel)             in language  on input line 222.
Package babel Info: Redefining spanish shorthand "?
(babel)             in language  on input line 222.
Package babel Info: Redefining spanish shorthand <<
(babel)             in language  on input line 222.
Package babel Info: Redefining spanish shorthand >>
(babel)             in language  on input line 222.
Package babel Info: Redefining spanish shorthand "=
(babel)             in language  on input line 222.
Package babel Info: Redefining spanish shorthand "~
(babel)             in language  on input line 222.
Package babel Info: Redefining spanish shorthand "!
(babel)             in language  on input line 222.
Package babel Info: Redefining spanish shorthand "?
(babel)             in language  on input line 222.
[8pdfTeX warning (ext4): destination with the same identifier (name{figure.4}) 
has been already used, duplicate ignored

\@EveryShipout@Output ...@Org@Shipout \box \@cclv 
                                                  
l.222 $$
         <../plots/ciclo.png (PNG copy)>]
<../plots/morelt.png, id=189, 526.8483pt x 325.215pt>
File: ../plots/morelt.png Graphic file (type png)
<use ../plots/morelt.png>
Package pdftex.def Info: ../plots/morelt.png  used on input line 244.
(pdftex.def)             Requested size: 345.0pt x 212.96031pt.
Package babel Info: Redefining spanish shorthand <<
(babel)             in language  on input line 247.
Package babel Info: Redefining spanish shorthand >>
(babel)             in language  on input line 247.
Package babel Info: Redefining spanish shorthand "=
(babel)             in language  on input line 247.
Package babel Info: Redefining spanish shorthand "~
(babel)             in language  on input line 247.
Package babel Info: Redefining spanish shorthand "!
(babel)             in language  on input line 247.
Package babel Info: Redefining spanish shorthand "?
(babel)             in language  on input line 247.
Package babel Info: Redefining spanish shorthand <<
(babel)             in language  on input line 247.
Package babel Info: Redefining spanish shorthand >>
(babel)             in language  on input line 247.
Package babel Info: Redefining spanish shorthand "=
(babel)             in language  on input line 247.
Package babel Info: Redefining spanish shorthand "~
(babel)             in language  on input line 247.
Package babel Info: Redefining spanish shorthand "!
(babel)             in language  on input line 247.
Package babel Info: Redefining spanish shorthand "?
(babel)             in language  on input line 247.
 [9]
LaTeX Font Info:    Try loading font information for T1+cmtt on input line 266.


(/usr/share/texlive/texmf-dist/tex/latex/base/t1cmtt.fd
File: t1cmtt.fd 2014/09/29 v2.5h Standard LaTeX font definitions
)
Package babel Info: Redefining spanish shorthand <<
(babel)             in language  on input line 274.
Package babel Info: Redefining spanish shorthand >>
(babel)             in language  on input line 274.
Package babel Info: Redefining spanish shorthand "=
(babel)             in language  on input line 274.
Package babel Info: Redefining spanish shorthand "~
(babel)             in language  on input line 274.
Package babel Info: Redefining spanish shorthand "!
(babel)             in language  on input line 274.
Package babel Info: Redefining spanish shorthand "?
(babel)             in language  on input line 274.
Package babel Info: Redefining spanish shorthand <<
(babel)             in language  on input line 274.
Package babel Info: Redefining spanish shorthand >>
(babel)             in language  on input line 274.
Package babel Info: Redefining spanish shorthand "=
(babel)             in language  on input line 274.
Package babel Info: Redefining spanish shorthand "~
(babel)             in language  on input line 274.
Package babel Info: Redefining spanish shorthand "!
(babel)             in language  on input line 274.
Package babel Info: Redefining spanish shorthand "?
(babel)             in language  on input line 274.
 [10pdfTeX warning (ext4): destination with the same identifier (name{figure.5}
) has been already used, duplicate ignored

\@EveryShipout@Output ...@Org@Shipout \box \@cclv 
                                                  
l.274 serie_
            compuesta = impulso + tendencia + corto + medio + largo + ruido <..
/plots/morelt.png (PNG copy)>]
Overfull \hbox (46.13828pt too wide) in paragraph at lines 274--275
[][][][][][][][][][][][][][][][][][][][][][][][][][][][][][] 
 []

<../plots/serie_teorica.PNG, id=213, 526.8483pt x 325.215pt>
File: ../plots/serie_teorica.PNG Graphic file (type png)
<use ../plots/serie_teorica.PNG>
Package pdftex.def Info: ../plots/serie_teorica.PNG  used on input line 280.
(pdftex.def)             Requested size: 345.0pt x 212.96031pt.
<../plots/espectograma_teorico_impulso.png, id=215, 1606.0pt x 1003.75pt>
File: ../plots/espectograma_teorico_impulso.png Graphic file (type png)
<use ../plots/espectograma_teorico_impulso.png>
Package pdftex.def Info: ../plots/espectograma_teorico_impulso.png  used on inp
ut line 288.
(pdftex.def)             Requested size: 169.0519pt x 105.64957pt.
<../plots/espectograma_teorico_tendencia.png, id=216, 1606.0pt x 1003.75pt>
File: ../plots/espectograma_teorico_tendencia.png Graphic file (type png)
<use ../plots/espectograma_teorico_tendencia.png>
Package pdftex.def Info: ../plots/espectograma_teorico_tendencia.png  used on i
nput line 290.
(pdftex.def)             Requested size: 169.0519pt x 105.64957pt.
<../plots/espectograma_teorico_ciclo_3.png, id=217, 1606.0pt x 1003.75pt>
File: ../plots/espectograma_teorico_ciclo_3.png Graphic file (type png)
<use ../plots/espectograma_teorico_ciclo_3.png>
Package pdftex.def Info: ../plots/espectograma_teorico_ciclo_3.png  used on inp
ut line 292.
(pdftex.def)             Requested size: 169.0519pt x 105.64957pt.
<../plots/espectograma_teorico_ciclo_10.png, id=218, 1606.0pt x 1003.75pt>
File: ../plots/espectograma_teorico_ciclo_10.png Graphic file (type png)
<use ../plots/espectograma_teorico_ciclo_10.png>
Package pdftex.def Info: ../plots/espectograma_teorico_ciclo_10.png  used on in
put line 294.
(pdftex.def)             Requested size: 169.0519pt x 105.64957pt.
<../plots/espectograma_teorico_ciclo_50.png, id=219, 1606.0pt x 1003.75pt>
File: ../plots/espectograma_teorico_ciclo_50.png Graphic file (type png)
<use ../plots/espectograma_teorico_ciclo_50.png>
Package pdftex.def Info: ../plots/espectograma_teorico_ciclo_50.png  used on in
put line 296.
(pdftex.def)             Requested size: 169.0519pt x 105.64957pt.
<../plots/espectograma_teorico_ruido.png, id=220, 1606.0pt x 1003.75pt>
File: ../plots/espectograma_teorico_ruido.png Graphic file (type png)
<use ../plots/espectograma_teorico_ruido.png>
Package pdftex.def Info: ../plots/espectograma_teorico_ruido.png  used on input
 line 298.
(pdftex.def)             Requested size: 169.0519pt x 105.64957pt.
<../plots/espectograma_teorico_composicion_series.png, id=221, 1606.0pt x 1003.
75pt>
File: ../plots/espectograma_teorico_composicion_series.png Graphic file (type p
ng)
<use ../plots/espectograma_teorico_composicion_series.png>
Package pdftex.def Info: ../plots/espectograma_teorico_composicion_series.png  
used on input line 300.
(pdftex.def)             Requested size: 258.75pt x 161.72134pt.
Package babel Info: Redefining spanish shorthand <<
(babel)             in language  on input line 303.
Package babel Info: Redefining spanish shorthand >>
(babel)             in language  on input line 303.
Package babel Info: Redefining spanish shorthand "=
(babel)             in language  on input line 303.
Package babel Info: Redefining spanish shorthand "~
(babel)             in language  on input line 303.
Package babel Info: Redefining spanish shorthand "!
(babel)             in language  on input line 303.
Package babel Info: Redefining spanish shorthand "?
(babel)             in language  on input line 303.
Package babel Info: Redefining spanish shorthand <<
(babel)             in language  on input line 303.
Package babel Info: Redefining spanish shorthand >>
(babel)             in language  on input line 303.
Package babel Info: Redefining spanish shorthand "=
(babel)             in language  on input line 303.
Package babel Info: Redefining spanish shorthand "~
(babel)             in language  on input line 303.
Package babel Info: Redefining spanish shorthand "!
(babel)             in language  on input line 303.
Package babel Info: Redefining spanish shorthand "?
(babel)             in language  on input line 303.
[11pdfTeX warning (ext4): destination with the same identifier (name{figure.6})
 has been already used, duplicate ignored

\@EveryShipout@Output ...@Org@Shipout \box \@cclv 
                                                  
l.303 
       <../plots/serie_teorica.PNG>]
Package babel Info: Redefining spanish shorthand <<
(babel)             in language  on input line 305.
Package babel Info: Redefining spanish shorthand >>
(babel)             in language  on input line 305.
Package babel Info: Redefining spanish shorthand "=
(babel)             in language  on input line 305.
Package babel Info: Redefining spanish shorthand "~
(babel)             in language  on input line 305.
Package babel Info: Redefining spanish shorthand "!
(babel)             in language  on input line 305.
Package babel Info: Redefining spanish shorthand "?
(babel)             in language  on input line 305.
Package babel Info: Redefining spanish shorthand <<
(babel)             in language  on input line 305.
Package babel Info: Redefining spanish shorthand >>
(babel)             in language  on input line 305.
Package babel Info: Redefining spanish shorthand "=
(babel)             in language  on input line 305.
Package babel Info: Redefining spanish shorthand "~
(babel)             in language  on input line 305.
Package babel Info: Redefining spanish shorthand "!
(babel)             in language  on input line 305.
Package babel Info: Redefining spanish shorthand "?
(babel)             in language  on input line 305.
 [12pdfTeX warning (ext4): destination with the same identifier (name{figure.7}
) has been already used, duplicate ignored

\@EveryShipout@Output ...@Org@Shipout \box \@cclv 
                                                  
l.305 
       <../plots/espectograma_teorico_impulso.png (PNG copy)> <../plots/especto
grama_teorico_tendencia.png (PNG copy)> <../plots/espectograma_teorico_ciclo_3.
png (PNG copy)> <../plots/espectograma_teorico_ciclo_10.png (PNG copy)> <../plo
ts/espectograma_teorico_ciclo_50.png (PNG copy)> <../plots/espectograma_teorico
_ruido.png (PNG copy)> <../plots/espectograma_teorico_composicion_series.png (P
NG copy)>]
<../plots/espectograma_gdp.png, id=253, 1606.0pt x 1003.75pt>
File: ../plots/espectograma_gdp.png Graphic file (type png)
<use ../plots/espectograma_gdp.png>
Package pdftex.def Info: ../plots/espectograma_gdp.png  used on input line 319.

(pdftex.def)             Requested size: 258.75pt x 161.72134pt.
<../plots/espectograma_log_gdp.png, id=254, 1606.0pt x 1003.75pt>
File: ../plots/espectograma_log_gdp.png Graphic file (type png)
<use ../plots/espectograma_log_gdp.png>
Package pdftex.def Info: ../plots/espectograma_log_gdp.png  used on input line 
321.
(pdftex.def)             Requested size: 258.75pt x 161.72134pt.
Package babel Info: Redefining spanish shorthand <<
(babel)             in language  on input line 324.
Package babel Info: Redefining spanish shorthand >>
(babel)             in language  on input line 324.
Package babel Info: Redefining spanish shorthand "=
(babel)             in language  on input line 324.
Package babel Info: Redefining spanish shorthand "~
(babel)             in language  on input line 324.
Package babel Info: Redefining spanish shorthand "!
(babel)             in language  on input line 324.
Package babel Info: Redefining spanish shorthand "?
(babel)             in language  on input line 324.
Package babel Info: Redefining spanish shorthand <<
(babel)             in language  on input line 324.
Package babel Info: Redefining spanish shorthand >>
(babel)             in language  on input line 324.
Package babel Info: Redefining spanish shorthand "=
(babel)             in language  on input line 324.
Package babel Info: Redefining spanish shorthand "~
(babel)             in language  on input line 324.
Package babel Info: Redefining spanish shorthand "!
(babel)             in language  on input line 324.
Package babel Info: Redefining spanish shorthand "?
(babel)             in language  on input line 324.
 [13]
<../plots/espectograma_wg.png, id=266, 1606.0pt x 1003.75pt>
File: ../plots/espectograma_wg.png Graphic file (type png)
<use ../plots/espectograma_wg.png>
Package pdftex.def Info: ../plots/espectograma_wg.png  used on input line 330.
(pdftex.def)             Requested size: 258.75pt x 161.72134pt.
<../plots/espectograma_log_wg.png, id=267, 1606.0pt x 1003.75pt>
File: ../plots/espectograma_log_wg.png Graphic file (type png)
<use ../plots/espectograma_log_wg.png>
Package pdftex.def Info: ../plots/espectograma_log_wg.png  used on input line 3
32.
(pdftex.def)             Requested size: 258.75pt x 161.72134pt.
Package babel Info: Redefining spanish shorthand <<
(babel)             in language  on input line 335.
Package babel Info: Redefining spanish shorthand >>
(babel)             in language  on input line 335.
Package babel Info: Redefining spanish shorthand "=
(babel)             in language  on input line 335.
Package babel Info: Redefining spanish shorthand "~
(babel)             in language  on input line 335.
Package babel Info: Redefining spanish shorthand "!
(babel)             in language  on input line 335.
Package babel Info: Redefining spanish shorthand "?
(babel)             in language  on input line 335.
Package babel Info: Redefining spanish shorthand <<
(babel)             in language  on input line 335.
Package babel Info: Redefining spanish shorthand >>
(babel)             in language  on input line 335.
Package babel Info: Redefining spanish shorthand "=
(babel)             in language  on input line 335.
Package babel Info: Redefining spanish shorthand "~
(babel)             in language  on input line 335.
Package babel Info: Redefining spanish shorthand "!
(babel)             in language  on input line 335.
Package babel Info: Redefining spanish shorthand "?
(babel)             in language  on input line 335.
 [14pdfTeX warning (ext4): destination with the same identifier (name{figure.8}
) has been already used, duplicate ignored

\@EveryShipout@Output ...@Org@Shipout \box \@cclv 
                                                  
l.335 
       <../plots/espectograma_gdp.png (PNG copy)> <../plots/espectograma_log_gd
p.png (PNG copy)>]
<../plots/espectograma_gdp_uk.png, id=281, 1606.0pt x 1003.75pt>
File: ../plots/espectograma_gdp_uk.png Graphic file (type png)
<use ../plots/espectograma_gdp_uk.png>
Package pdftex.def Info: ../plots/espectograma_gdp_uk.png  used on input line 3
43.
(pdftex.def)             Requested size: 258.75pt x 161.72134pt.
<../plots/espectograma_log_gdp_uk.png, id=282, 1606.0pt x 1003.75pt>
File: ../plots/espectograma_log_gdp_uk.png Graphic file (type png)
<use ../plots/espectograma_log_gdp_uk.png>
Package pdftex.def Info: ../plots/espectograma_log_gdp_uk.png  used on input li
ne 345.
(pdftex.def)             Requested size: 258.75pt x 161.72134pt.
Package babel Info: Redefining spanish shorthand <<
(babel)             in language  on input line 348.
Package babel Info: Redefining spanish shorthand >>
(babel)             in language  on input line 348.
Package babel Info: Redefining spanish shorthand "=
(babel)             in language  on input line 348.
Package babel Info: Redefining spanish shorthand "~
(babel)             in language  on input line 348.
Package babel Info: Redefining spanish shorthand "!
(babel)             in language  on input line 348.
Package babel Info: Redefining spanish shorthand "?
(babel)             in language  on input line 348.
Package babel Info: Redefining spanish shorthand <<
(babel)             in language  on input line 348.
Package babel Info: Redefining spanish shorthand >>
(babel)             in language  on input line 348.
Package babel Info: Redefining spanish shorthand "=
(babel)             in language  on input line 348.
Package babel Info: Redefining spanish shorthand "~
(babel)             in language  on input line 348.
Package babel Info: Redefining spanish shorthand "!
(babel)             in language  on input line 348.
Package babel Info: Redefining spanish shorthand "?
(babel)             in language  on input line 348.
 [15pdfTeX warning (ext4): destination with the same identifier (name{figure.9}
) has been already used, duplicate ignored

\@EveryShipout@Output ...@Org@Shipout \box \@cclv 
                                                  
l.348 
       <../plots/espectograma_wg.png (PNG copy)> <../plots/espectograma_log_wg.
png (PNG copy)>]
Package babel Info: Redefining spanish shorthand <<
(babel)             in language  on input line 354.
Package babel Info: Redefining spanish shorthand >>
(babel)             in language  on input line 354.
Package babel Info: Redefining spanish shorthand "=
(babel)             in language  on input line 354.
Package babel Info: Redefining spanish shorthand "~
(babel)             in language  on input line 354.
Package babel Info: Redefining spanish shorthand "!
(babel)             in language  on input line 354.
Package babel Info: Redefining spanish shorthand "?
(babel)             in language  on input line 354.
Package babel Info: Redefining spanish shorthand <<
(babel)             in language  on input line 354.
Package babel Info: Redefining spanish shorthand >>
(babel)             in language  on input line 354.
Package babel Info: Redefining spanish shorthand "=
(babel)             in language  on input line 354.
Package babel Info: Redefining spanish shorthand "~
(babel)             in language  on input line 354.
Package babel Info: Redefining spanish shorthand "!
(babel)             in language  on input line 354.
Package babel Info: Redefining spanish shorthand "?
(babel)             in language  on input line 354.
 [16pdfTeX warning (ext4): destination with the same identifier (name{figure.10
}) has been already used, duplicate ignored

\@EveryShipout@Output ...@Org@Shipout \box \@cclv 
                                                  
l.354 
       <../plots/espectograma_gdp_uk.png (PNG copy)> <../plots/espectograma_log
_gdp_uk.png (PNG copy)>]
<../plots/pbi_uk_tendencias.png, id=305, 526.8483pt x 325.215pt>
File: ../plots/pbi_uk_tendencias.png Graphic file (type png)
<use ../plots/pbi_uk_tendencias.png>
Package pdftex.def Info: ../plots/pbi_uk_tendencias.png  used on input line 358
.
(pdftex.def)             Requested size: 258.75pt x 159.719pt.
<../plots/espectograma_gdp_uk_Tend.png, id=306, 1606.0pt x 1003.75pt>
File: ../plots/espectograma_gdp_uk_Tend.png Graphic file (type png)
<use ../plots/espectograma_gdp_uk_Tend.png>
Package pdftex.def Info: ../plots/espectograma_gdp_uk_Tend.png  used on input l
ine 360.
(pdftex.def)             Requested size: 165.59853pt x 103.49002pt.
<../plots/espectograma_gdp_uk_sinTend.png, id=307, 1606.0pt x 1003.75pt>
File: ../plots/espectograma_gdp_uk_sinTend.png Graphic file (type png)
<use ../plots/espectograma_gdp_uk_sinTend.png>
Package pdftex.def Info: ../plots/espectograma_gdp_uk_sinTend.png  used on inpu
t line 362.
(pdftex.def)             Requested size: 165.59853pt x 103.49002pt.
Package babel Info: Redefining spanish shorthand <<
(babel)             in language  on input line 371.
Package babel Info: Redefining spanish shorthand >>
(babel)             in language  on input line 371.
Package babel Info: Redefining spanish shorthand "=
(babel)             in language  on input line 371.
Package babel Info: Redefining spanish shorthand "~
(babel)             in language  on input line 371.
Package babel Info: Redefining spanish shorthand "!
(babel)             in language  on input line 371.
Package babel Info: Redefining spanish shorthand "?
(babel)             in language  on input line 371.
Package babel Info: Redefining spanish shorthand <<
(babel)             in language  on input line 376.
Package babel Info: Redefining spanish shorthand >>
(babel)             in language  on input line 376.
Package babel Info: Redefining spanish shorthand "=
(babel)             in language  on input line 376.
Package babel Info: Redefining spanish shorthand "~
(babel)             in language  on input line 376.
Package babel Info: Redefining spanish shorthand "!
(babel)             in language  on input line 376.
Package babel Info: Redefining spanish shorthand "?
(babel)             in language  on input line 376.
Package babel Info: Redefining spanish shorthand <<
(babel)             in language  on input line 376.
Package babel Info: Redefining spanish shorthand >>
(babel)             in language  on input line 376.
Package babel Info: Redefining spanish shorthand "=
(babel)             in language  on input line 376.
Package babel Info: Redefining spanish shorthand "~
(babel)             in language  on input line 376.
Package babel Info: Redefining spanish shorthand "!
(babel)             in language  on input line 376.
Package babel Info: Redefining spanish shorthand "?
(babel)             in language  on input line 376.
 [17pdfTeX warning (ext4): destination with the same identifier (name{figure.11
}) has been already used, duplicate ignored

\@EveryShipout@Output ...@Org@Shipout \box \@cclv 
                                                  
l.376 
       <../plots/pbi_uk_tendencias.png (PNG copy)> <../plots/espectograma_gdp_u
k_Tend.png (PNG copy)> <../plots/espectograma_gdp_uk_sinTend.png (PNG copy)>]
(./series_ciclo_eng.bbl
Package babel Info: Redefining spanish shorthand <<
(babel)             in language  on input line 19.
Package babel Info: Redefining spanish shorthand >>
(babel)             in language  on input line 19.
Package babel Info: Redefining spanish shorthand "=
(babel)             in language  on input line 19.
Package babel Info: Redefining spanish shorthand "~
(babel)             in language  on input line 19.
Package babel Info: Redefining spanish shorthand "!
(babel)             in language  on input line 19.
Package babel Info: Redefining spanish shorthand "?
(babel)             in language  on input line 19.
Package babel Info: Redefining spanish shorthand <<
(babel)             in language  on input line 19.
Package babel Info: Redefining spanish shorthand >>
(babel)             in language  on input line 19.
Package babel Info: Redefining spanish shorthand "=
(babel)             in language  on input line 19.
Package babel Info: Redefining spanish shorthand "~
(babel)             in language  on input line 19.
Package babel Info: Redefining spanish shorthand "!
(babel)             in language  on input line 19.
Package babel Info: Redefining spanish shorthand "?
(babel)             in language  on input line 19.
 [18]
Package babel Info: Redefining spanish shorthand <<
(babel)             in language  on input line 126.
Package babel Info: Redefining spanish shorthand >>
(babel)             in language  on input line 126.
Package babel Info: Redefining spanish shorthand "=
(babel)             in language  on input line 126.
Package babel Info: Redefining spanish shorthand "~
(babel)             in language  on input line 126.
Package babel Info: Redefining spanish shorthand "!
(babel)             in language  on input line 126.
Package babel Info: Redefining spanish shorthand "?
(babel)             in language  on input line 126.
Package babel Info: Redefining spanish shorthand <<
(babel)             in language  on input line 126.
Package babel Info: Redefining spanish shorthand >>
(babel)             in language  on input line 126.
Package babel Info: Redefining spanish shorthand "=
(babel)             in language  on input line 126.
Package babel Info: Redefining spanish shorthand "~
(babel)             in language  on input line 126.
Package babel Info: Redefining spanish shorthand "!
(babel)             in language  on input line 126.
Package babel Info: Redefining spanish shorthand "?
(babel)             in language  on input line 126.
 [19])
Package babel Info: Redefining spanish shorthand <<
(babel)             in language  on input line 390.
Package babel Info: Redefining spanish shorthand >>
(babel)             in language  on input line 390.
Package babel Info: Redefining spanish shorthand "=
(babel)             in language  on input line 390.
Package babel Info: Redefining spanish shorthand "~
(babel)             in language  on input line 390.
Package babel Info: Redefining spanish shorthand "!
(babel)             in language  on input line 390.
Package babel Info: Redefining spanish shorthand "?
(babel)             in language  on input line 390.
Package babel Info: Redefining spanish shorthand <<
(babel)             in language  on input line 390.
Package babel Info: Redefining spanish shorthand >>
(babel)             in language  on input line 390.
Package babel Info: Redefining spanish shorthand "=
(babel)             in language  on input line 390.
Package babel Info: Redefining spanish shorthand "~
(babel)             in language  on input line 390.
Package babel Info: Redefining spanish shorthand "!
(babel)             in language  on input line 390.
Package babel Info: Redefining spanish shorthand "?
(babel)             in language  on input line 390.
 [20]
Package atveryend Info: Empty hook `BeforeClearDocument' on input line 390.
Package atveryend Info: Empty hook `AfterLastShipout' on input line 390.
 (./series_ciclo_eng.aux
LaTeX Info: Redefining \. on input line 26.
LaTeX Info: Redefining \% on input line 26.
LaTeX Info: Redefining \. on input line 28.
LaTeX Info: Redefining \% on input line 28.
)
Package atveryend Info: Executing hook `AtVeryEndDocument' on input line 390.
Package atveryend Info: Executing hook `AtEndAfterFileList' on input line 390.


Package rerunfilecheck Warning: File `series_ciclo_eng.out' has changed.
(rerunfilecheck)                Rerun to get outlines right
(rerunfilecheck)                or use package `bookmark'.

Package rerunfilecheck Info: Checksums for `series_ciclo_eng.out':
(rerunfilecheck)             Before: 19DC2D493DC4DEC4A14519B4A8CE522E;421
(rerunfilecheck)             After:  FC1156DB1D5501B9FB6A84AEB2147924;418.
Package atveryend Info: Empty hook `AtVeryVeryEnd' on input line 390.
 ) 
Here is how much of TeX's memory you used:
 21630 strings out of 494524
 377174 string characters out of 6175863
 587648 words of memory out of 5000000
 24774 multiletter control sequences out of 15000+600000
 21229 words of font info for 50 fonts, out of 8000000 for 9000
 40 hyphenation exceptions out of 8191
 62i,8n,72p,1351b,2508s stack positions out of 5000i,500n,10000p,200000b,80000s
 </home/diego/.texlive2018/texmf-var/fonts/pk/ljfour/jknappen/ec/ecrm0700.600
pk> </home/diego/.texlive2018/texmf-var/fonts/pk/ljfour/jknappen/ec/ecrm0500.60
0pk> </home/diego/.texlive2018/texmf-var/fonts/pk/ljfour/jknappen/ec/ectt1000.6
00pk> </home/diego/.texlive2018/texmf-var/fonts/pk/ljfour/jknappen/ec/ectt0900.
600pk> </home/diego/.texlive2018/texmf-var/fonts/pk/ljfour/jknappen/ec/ecbx1200
.600pk> </home/diego/.texlive2018/texmf-var/fonts/pk/ljfour/jknappen/ec/ecti100
0.600pk> </home/diego/.texlive2018/texmf-var/fonts/pk/ljfour/jknappen/ec/ecbx14
40.600pk> </home/diego/.texlive2018/texmf-var/fonts/pk/ljfour/jknappen/ec/ecrm1
000.600pk> </home/diego/.texlive2018/texmf-var/fonts/pk/ljfour/jknappen/ec/ecbx
1000.600pk> </home/diego/.texlive2018/texmf-var/fonts/pk/ljfour/jknappen/ec/ect
i0900.600pk> </home/diego/.texlive2018/texmf-var/fonts/pk/ljfour/jknappen/ec/ec
rm0600.600pk> </home/diego/.texlive2018/texmf-var/fonts/pk/ljfour/jknappen/ec/e
crm0800.600pk> </home/diego/.texlive2018/texmf-var/fonts/pk/ljfour/jknappen/ec/
ecrm1200.600pk> </home/diego/.texlive2018/texmf-var/fonts/pk/ljfour/jknappen/ec
/ecrm1728.600pk></usr/share/texlive/texmf-dist/fonts/type1/public/amsfonts/cm/c
mex10.pfb></usr/share/texlive/texmf-dist/fonts/type1/public/amsfonts/cm/cmmi10.
pfb></usr/share/texlive/texmf-dist/fonts/type1/public/amsfonts/cm/cmmi5.pfb></u
sr/share/texlive/texmf-dist/fonts/type1/public/amsfonts/cm/cmmi7.pfb></usr/shar
e/texlive/texmf-dist/fonts/type1/public/amsfonts/cm/cmmi8.pfb></usr/share/texli
ve/texmf-dist/fonts/type1/public/amsfonts/cm/cmr10.pfb></usr/share/texlive/texm
f-dist/fonts/type1/public/amsfonts/cm/cmr5.pfb></usr/share/texlive/texmf-dist/f
onts/type1/public/amsfonts/cm/cmr7.pfb></usr/share/texlive/texmf-dist/fonts/typ
e1/public/amsfonts/cm/cmr8.pfb></usr/share/texlive/texmf-dist/fonts/type1/publi
c/amsfonts/cm/cmsy10.pfb></usr/share/texlive/texmf-dist/fonts/type1/public/amsf
onts/cm/cmsy5.pfb></usr/share/texlive/texmf-dist/fonts/type1/public/amsfonts/cm
/cmsy7.pfb>
Output written on series_ciclo_eng.pdf (20 pages, 2938237 bytes).
PDF statistics:
 814 PDF objects out of 1000 (max. 8388607)
 381 compressed objects within 4 object streams
 93 named destinations out of 1000 (max. 500000)
 184 words of extra memory for PDF output out of 10000 (max. 10000000)

