This is pdfTeX, Version 3.14159265-2.6-1.40.19 (TeX Live 2019/dev/Debian) (preloaded format=pdflatex 2018.10.30)  6 NOV 2018 09:57
entering extended mode
 restricted \write18 enabled.
 %&-line parsing enabled.
**series_ciclo.tex
(./series_ciclo.tex
LaTeX2e <2018-04-01> patch level 5
(/usr/share/texlive/texmf-dist/tex/latex/base/article.cls
Document Class: article 2014/09/29 v1.4h Standard LaTeX document class
(/usr/share/texlive/texmf-dist/tex/latex/base/size10.clo
File: size10.clo 2014/09/29 v1.4h Standard LaTeX file (size option)
)
\c@part=\count80
\c@section=\count81
\c@subsection=\count82
\c@subsubsection=\count83
\c@paragraph=\count84
\c@subparagraph=\count85
\c@figure=\count86
\c@table=\count87
\abovecaptionskip=\skip41
\belowcaptionskip=\skip42
\bibindent=\dimen102
)
(/usr/share/texlive/texmf-dist/tex/generic/babel/babel.sty
Package: babel 2018/06/05 3.22 The Babel package

(/usr/share/texlive/texmf-dist/tex/generic/babel/switch.def
File: switch.def 2018/06/05 3.22 Babel switching mechanism
)
(/usr/share/texlive/texmf-dist/tex/generic/babel-english/english.ldf
Language: english 2017/06/06 v3.3r English support from the babel system

(/usr/share/texlive/texmf-dist/tex/generic/babel/babel.def
File: babel.def 2018/06/05 3.22 Babel common definitions
\babel@savecnt=\count88
\U@D=\dimen103

(/usr/share/texlive/texmf-dist/tex/generic/babel/txtbabel.def)
\bbl@dirlevel=\count89
)
\l@canadian = a dialect from \language\l@american 
\l@australian = a dialect from \language\l@british 
\l@newzealand = a dialect from \language\l@british 
))
(/usr/share/texlive/texmf-dist/tex/latex/base/inputenc.sty
Package: inputenc 2018/04/06 v1.3b Input encoding file
\inpenc@prehook=\toks14
\inpenc@posthook=\toks15

(/usr/share/texlive/texmf-dist/tex/latex/ucs/utf8x.def
File: utf8x.def 2004/10/17 UCS: Input encoding UTF-8
))
(/usr/share/texlive/texmf-dist/tex/latex/ucs/ucs.sty
Package: ucs 2013/05/11 v2.2 UCS: Unicode input support

(/usr/share/texlive/texmf-dist/tex/latex/ucs/data/uni-global.def
File: uni-global.def 2013/05/13 UCS: Unicode global data
)
\uc@secondtry=\count90
\uc@combtoks=\toks16
\uc@combtoksb=\toks17
\uc@temptokena=\toks18
)
(/usr/share/texlive/texmf-dist/tex/latex/base/fontenc.sty
Package: fontenc 2017/04/05 v2.0i Standard LaTeX package

(/usr/share/texlive/texmf-dist/tex/latex/base/t1enc.def
File: t1enc.def 2017/04/05 v2.0i Standard LaTeX file
LaTeX Font Info:    Redeclaring font encoding T1 on input line 48.
))
(/usr/share/texlive/texmf-dist/tex/latex/natbib/natbib.sty
Package: natbib 2010/09/13 8.31b (PWD, AO)
\bibhang=\skip43
\bibsep=\skip44
LaTeX Info: Redefining \cite on input line 694.
\c@NAT@ctr=\count91
)
(/usr/share/texlive/texmf-dist/tex/latex/amsmath/amsmath.sty
Package: amsmath 2017/09/02 v2.17a AMS math features
\@mathmargin=\skip45

For additional information on amsmath, use the `?' option.
(/usr/share/texlive/texmf-dist/tex/latex/amsmath/amstext.sty
Package: amstext 2000/06/29 v2.01 AMS text

(/usr/share/texlive/texmf-dist/tex/latex/amsmath/amsgen.sty
File: amsgen.sty 1999/11/30 v2.0 generic functions
\@emptytoks=\toks19
\ex@=\dimen104
))
(/usr/share/texlive/texmf-dist/tex/latex/amsmath/amsbsy.sty
Package: amsbsy 1999/11/29 v1.2d Bold Symbols
\pmbraise@=\dimen105
)
(/usr/share/texlive/texmf-dist/tex/latex/amsmath/amsopn.sty
Package: amsopn 2016/03/08 v2.02 operator names
)
\inf@bad=\count92
LaTeX Info: Redefining \frac on input line 213.
\uproot@=\count93
\leftroot@=\count94
LaTeX Info: Redefining \overline on input line 375.
\classnum@=\count95
\DOTSCASE@=\count96
LaTeX Info: Redefining \ldots on input line 472.
LaTeX Info: Redefining \dots on input line 475.
LaTeX Info: Redefining \cdots on input line 596.
\Mathstrutbox@=\box26
\strutbox@=\box27
\big@size=\dimen106
LaTeX Font Info:    Redeclaring font encoding OML on input line 712.
LaTeX Font Info:    Redeclaring font encoding OMS on input line 713.
\macc@depth=\count97
\c@MaxMatrixCols=\count98
\dotsspace@=\muskip10
\c@parentequation=\count99
\dspbrk@lvl=\count100
\tag@help=\toks20
\row@=\count101
\column@=\count102
\maxfields@=\count103
\andhelp@=\toks21
\eqnshift@=\dimen107
\alignsep@=\dimen108
\tagshift@=\dimen109
\tagwidth@=\dimen110
\totwidth@=\dimen111
\lineht@=\dimen112
\@envbody=\toks22
\multlinegap=\skip46
\multlinetaggap=\skip47
\mathdisplay@stack=\toks23
LaTeX Info: Redefining \[ on input line 2817.
LaTeX Info: Redefining \] on input line 2818.
)
(/usr/share/texlive/texmf-dist/tex/latex/graphics/graphicx.sty
Package: graphicx 2017/06/01 v1.1a Enhanced LaTeX Graphics (DPC,SPQR)

(/usr/share/texlive/texmf-dist/tex/latex/graphics/keyval.sty
Package: keyval 2014/10/28 v1.15 key=value parser (DPC)
\KV@toks@=\toks24
)
(/usr/share/texlive/texmf-dist/tex/latex/graphics/graphics.sty
Package: graphics 2017/06/25 v1.2c Standard LaTeX Graphics (DPC,SPQR)

(/usr/share/texlive/texmf-dist/tex/latex/graphics/trig.sty
Package: trig 2016/01/03 v1.10 sin cos tan (DPC)
)
(/usr/share/texlive/texmf-dist/tex/latex/graphics-cfg/graphics.cfg
File: graphics.cfg 2016/06/04 v1.11 sample graphics configuration
)
Package graphics Info: Driver file: pdftex.def on input line 99.

(/usr/share/texlive/texmf-dist/tex/latex/graphics-def/pdftex.def
File: pdftex.def 2018/01/08 v1.0l Graphics/color driver for pdftex
))
\Gin@req@height=\dimen113
\Gin@req@width=\dimen114
)
(/usr/share/texlive/texmf-dist/tex/latex/todonotes/todonotes.sty
Package: todonotes 2015/07/09 .dtx Todonotes source and documentation.
Package: todonotes 2012/07/25

(/usr/share/texlive/texmf-dist/tex/latex/base/ifthen.sty
Package: ifthen 2014/09/29 v1.1c Standard LaTeX ifthen package (DPC)
)
(/usr/share/texlive/texmf-dist/tex/latex/xkeyval/xkeyval.sty
Package: xkeyval 2014/12/03 v2.7a package option processing (HA)

(/usr/share/texlive/texmf-dist/tex/generic/xkeyval/xkeyval.tex
(/usr/share/texlive/texmf-dist/tex/generic/xkeyval/xkvutils.tex
\XKV@toks=\toks25
\XKV@tempa@toks=\toks26
)
\XKV@depth=\count104
File: xkeyval.tex 2014/12/03 v2.7a key=value parser (HA)
))
(/usr/share/texlive/texmf-dist/tex/latex/xcolor/xcolor.sty
Package: xcolor 2016/05/11 v2.12 LaTeX color extensions (UK)

(/usr/share/texlive/texmf-dist/tex/latex/graphics-cfg/color.cfg
File: color.cfg 2016/01/02 v1.6 sample color configuration
)
Package xcolor Info: Driver file: pdftex.def on input line 225.
Package xcolor Info: Model `cmy' substituted by `cmy0' on input line 1348.
Package xcolor Info: Model `hsb' substituted by `rgb' on input line 1352.
Package xcolor Info: Model `RGB' extended on input line 1364.
Package xcolor Info: Model `HTML' substituted by `rgb' on input line 1366.
Package xcolor Info: Model `Hsb' substituted by `hsb' on input line 1367.
Package xcolor Info: Model `tHsb' substituted by `hsb' on input line 1368.
Package xcolor Info: Model `HSB' substituted by `hsb' on input line 1369.
Package xcolor Info: Model `Gray' substituted by `gray' on input line 1370.
Package xcolor Info: Model `wave' substituted by `hsb' on input line 1371.
)
(/usr/share/texlive/texmf-dist/tex/latex/pgf/frontendlayer/tikz.sty
(/usr/share/texlive/texmf-dist/tex/latex/pgf/basiclayer/pgf.sty
(/usr/share/texlive/texmf-dist/tex/latex/pgf/utilities/pgfrcs.sty
(/usr/share/texlive/texmf-dist/tex/generic/pgf/utilities/pgfutil-common.tex
\pgfutil@everybye=\toks27
\pgfutil@tempdima=\dimen115
\pgfutil@tempdimb=\dimen116

(/usr/share/texlive/texmf-dist/tex/generic/pgf/utilities/pgfutil-common-lists.t
ex)) (/usr/share/texlive/texmf-dist/tex/generic/pgf/utilities/pgfutil-latex.def
\pgfutil@abb=\box28
(/usr/share/texlive/texmf-dist/tex/latex/ms/everyshi.sty
Package: everyshi 2001/05/15 v3.00 EveryShipout Package (MS)
))
(/usr/share/texlive/texmf-dist/tex/generic/pgf/utilities/pgfrcs.code.tex
Package: pgfrcs 2015/08/07 v3.0.1a (rcs-revision 1.31)
))
Package: pgf 2015/08/07 v3.0.1a (rcs-revision 1.15)

(/usr/share/texlive/texmf-dist/tex/latex/pgf/basiclayer/pgfcore.sty
(/usr/share/texlive/texmf-dist/tex/latex/pgf/systemlayer/pgfsys.sty
(/usr/share/texlive/texmf-dist/tex/generic/pgf/systemlayer/pgfsys.code.tex
Package: pgfsys 2014/07/09 v3.0.1a (rcs-revision 1.48)

(/usr/share/texlive/texmf-dist/tex/generic/pgf/utilities/pgfkeys.code.tex
\pgfkeys@pathtoks=\toks28
\pgfkeys@temptoks=\toks29

(/usr/share/texlive/texmf-dist/tex/generic/pgf/utilities/pgfkeysfiltered.code.t
ex
\pgfkeys@tmptoks=\toks30
))
\pgf@x=\dimen117
\pgf@y=\dimen118
\pgf@xa=\dimen119
\pgf@ya=\dimen120
\pgf@xb=\dimen121
\pgf@yb=\dimen122
\pgf@xc=\dimen123
\pgf@yc=\dimen124
\w@pgf@writea=\write3
\r@pgf@reada=\read1
\c@pgf@counta=\count105
\c@pgf@countb=\count106
\c@pgf@countc=\count107
\c@pgf@countd=\count108
\t@pgf@toka=\toks31
\t@pgf@tokb=\toks32
\t@pgf@tokc=\toks33
 (/usr/share/texlive/texmf-dist/tex/generic/pgf/systemlayer/pgf.cfg
File: pgf.cfg 2008/05/14  (rcs-revision 1.7)
)
Driver file for pgf: pgfsys-pdftex.def

(/usr/share/texlive/texmf-dist/tex/generic/pgf/systemlayer/pgfsys-pdftex.def
File: pgfsys-pdftex.def 2014/10/11  (rcs-revision 1.35)

(/usr/share/texlive/texmf-dist/tex/generic/pgf/systemlayer/pgfsys-common-pdf.de
f
File: pgfsys-common-pdf.def 2013/10/10  (rcs-revision 1.13)
)))
(/usr/share/texlive/texmf-dist/tex/generic/pgf/systemlayer/pgfsyssoftpath.code.
tex
File: pgfsyssoftpath.code.tex 2013/09/09  (rcs-revision 1.9)
\pgfsyssoftpath@smallbuffer@items=\count109
\pgfsyssoftpath@bigbuffer@items=\count110
)
(/usr/share/texlive/texmf-dist/tex/generic/pgf/systemlayer/pgfsysprotocol.code.
tex
File: pgfsysprotocol.code.tex 2006/10/16  (rcs-revision 1.4)
))
(/usr/share/texlive/texmf-dist/tex/generic/pgf/basiclayer/pgfcore.code.tex
Package: pgfcore 2010/04/11 v3.0.1a (rcs-revision 1.7)

(/usr/share/texlive/texmf-dist/tex/generic/pgf/math/pgfmath.code.tex
(/usr/share/texlive/texmf-dist/tex/generic/pgf/math/pgfmathcalc.code.tex
(/usr/share/texlive/texmf-dist/tex/generic/pgf/math/pgfmathutil.code.tex)
(/usr/share/texlive/texmf-dist/tex/generic/pgf/math/pgfmathparser.code.tex
\pgfmath@dimen=\dimen125
\pgfmath@count=\count111
\pgfmath@box=\box29
\pgfmath@toks=\toks34
\pgfmath@stack@operand=\toks35
\pgfmath@stack@operation=\toks36
)
(/usr/share/texlive/texmf-dist/tex/generic/pgf/math/pgfmathfunctions.code.tex
(/usr/share/texlive/texmf-dist/tex/generic/pgf/math/pgfmathfunctions.basic.code
.tex)
(/usr/share/texlive/texmf-dist/tex/generic/pgf/math/pgfmathfunctions.trigonomet
ric.code.tex)
(/usr/share/texlive/texmf-dist/tex/generic/pgf/math/pgfmathfunctions.random.cod
e.tex)
(/usr/share/texlive/texmf-dist/tex/generic/pgf/math/pgfmathfunctions.comparison
.code.tex)
(/usr/share/texlive/texmf-dist/tex/generic/pgf/math/pgfmathfunctions.base.code.
tex)
(/usr/share/texlive/texmf-dist/tex/generic/pgf/math/pgfmathfunctions.round.code
.tex)
(/usr/share/texlive/texmf-dist/tex/generic/pgf/math/pgfmathfunctions.misc.code.
tex)
(/usr/share/texlive/texmf-dist/tex/generic/pgf/math/pgfmathfunctions.integerari
thmetics.code.tex)))
(/usr/share/texlive/texmf-dist/tex/generic/pgf/math/pgfmathfloat.code.tex
\c@pgfmathroundto@lastzeros=\count112
))
(/usr/share/texlive/texmf-dist/tex/generic/pgf/basiclayer/pgfcorepoints.code.te
x
File: pgfcorepoints.code.tex 2013/10/07  (rcs-revision 1.27)
\pgf@picminx=\dimen126
\pgf@picmaxx=\dimen127
\pgf@picminy=\dimen128
\pgf@picmaxy=\dimen129
\pgf@pathminx=\dimen130
\pgf@pathmaxx=\dimen131
\pgf@pathminy=\dimen132
\pgf@pathmaxy=\dimen133
\pgf@xx=\dimen134
\pgf@xy=\dimen135
\pgf@yx=\dimen136
\pgf@yy=\dimen137
\pgf@zx=\dimen138
\pgf@zy=\dimen139
)
(/usr/share/texlive/texmf-dist/tex/generic/pgf/basiclayer/pgfcorepathconstruct.
code.tex
File: pgfcorepathconstruct.code.tex 2013/10/07  (rcs-revision 1.29)
\pgf@path@lastx=\dimen140
\pgf@path@lasty=\dimen141
)
(/usr/share/texlive/texmf-dist/tex/generic/pgf/basiclayer/pgfcorepathusage.code
.tex
File: pgfcorepathusage.code.tex 2014/11/02  (rcs-revision 1.24)
\pgf@shorten@end@additional=\dimen142
\pgf@shorten@start@additional=\dimen143
)
(/usr/share/texlive/texmf-dist/tex/generic/pgf/basiclayer/pgfcorescopes.code.te
x
File: pgfcorescopes.code.tex 2015/05/08  (rcs-revision 1.46)
\pgfpic=\box30
\pgf@hbox=\box31
\pgf@layerbox@main=\box32
\pgf@picture@serial@count=\count113
)
(/usr/share/texlive/texmf-dist/tex/generic/pgf/basiclayer/pgfcoregraphicstate.c
ode.tex
File: pgfcoregraphicstate.code.tex 2014/11/02  (rcs-revision 1.12)
\pgflinewidth=\dimen144
)
(/usr/share/texlive/texmf-dist/tex/generic/pgf/basiclayer/pgfcoretransformation
s.code.tex
File: pgfcoretransformations.code.tex 2015/08/07  (rcs-revision 1.20)
\pgf@pt@x=\dimen145
\pgf@pt@y=\dimen146
\pgf@pt@temp=\dimen147
)
(/usr/share/texlive/texmf-dist/tex/generic/pgf/basiclayer/pgfcorequick.code.tex
File: pgfcorequick.code.tex 2008/10/09  (rcs-revision 1.3)
)
(/usr/share/texlive/texmf-dist/tex/generic/pgf/basiclayer/pgfcoreobjects.code.t
ex
File: pgfcoreobjects.code.tex 2006/10/11  (rcs-revision 1.2)
)
(/usr/share/texlive/texmf-dist/tex/generic/pgf/basiclayer/pgfcorepathprocessing
.code.tex
File: pgfcorepathprocessing.code.tex 2013/09/09  (rcs-revision 1.9)
)
(/usr/share/texlive/texmf-dist/tex/generic/pgf/basiclayer/pgfcorearrows.code.te
x
File: pgfcorearrows.code.tex 2015/05/14  (rcs-revision 1.43)
\pgfarrowsep=\dimen148
)
(/usr/share/texlive/texmf-dist/tex/generic/pgf/basiclayer/pgfcoreshade.code.tex
File: pgfcoreshade.code.tex 2013/07/15  (rcs-revision 1.15)
\pgf@max=\dimen149
\pgf@sys@shading@range@num=\count114
)
(/usr/share/texlive/texmf-dist/tex/generic/pgf/basiclayer/pgfcoreimage.code.tex
File: pgfcoreimage.code.tex 2013/07/15  (rcs-revision 1.18)

(/usr/share/texlive/texmf-dist/tex/generic/pgf/basiclayer/pgfcoreexternal.code.
tex
File: pgfcoreexternal.code.tex 2014/07/09  (rcs-revision 1.21)
\pgfexternal@startupbox=\box33
))
(/usr/share/texlive/texmf-dist/tex/generic/pgf/basiclayer/pgfcorelayers.code.te
x
File: pgfcorelayers.code.tex 2013/07/18  (rcs-revision 1.7)
)
(/usr/share/texlive/texmf-dist/tex/generic/pgf/basiclayer/pgfcoretransparency.c
ode.tex
File: pgfcoretransparency.code.tex 2013/09/30  (rcs-revision 1.5)
)
(/usr/share/texlive/texmf-dist/tex/generic/pgf/basiclayer/pgfcorepatterns.code.
tex
File: pgfcorepatterns.code.tex 2013/11/07  (rcs-revision 1.5)
)))
(/usr/share/texlive/texmf-dist/tex/generic/pgf/modules/pgfmoduleshapes.code.tex
File: pgfmoduleshapes.code.tex 2014/03/21  (rcs-revision 1.35)
\pgfnodeparttextbox=\box34
) (/usr/share/texlive/texmf-dist/tex/generic/pgf/modules/pgfmoduleplot.code.tex
File: pgfmoduleplot.code.tex 2015/08/03  (rcs-revision 1.13)
)
(/usr/share/texlive/texmf-dist/tex/latex/pgf/compatibility/pgfcomp-version-0-65
.sty
Package: pgfcomp-version-0-65 2007/07/03 v3.0.1a (rcs-revision 1.7)
\pgf@nodesepstart=\dimen150
\pgf@nodesepend=\dimen151
)
(/usr/share/texlive/texmf-dist/tex/latex/pgf/compatibility/pgfcomp-version-1-18
.sty
Package: pgfcomp-version-1-18 2007/07/23 v3.0.1a (rcs-revision 1.1)
)) (/usr/share/texlive/texmf-dist/tex/latex/pgf/utilities/pgffor.sty
(/usr/share/texlive/texmf-dist/tex/latex/pgf/utilities/pgfkeys.sty
(/usr/share/texlive/texmf-dist/tex/generic/pgf/utilities/pgfkeys.code.tex))
(/usr/share/texlive/texmf-dist/tex/latex/pgf/math/pgfmath.sty
(/usr/share/texlive/texmf-dist/tex/generic/pgf/math/pgfmath.code.tex))
(/usr/share/texlive/texmf-dist/tex/generic/pgf/utilities/pgffor.code.tex
Package: pgffor 2013/12/13 v3.0.1a (rcs-revision 1.25)

(/usr/share/texlive/texmf-dist/tex/generic/pgf/math/pgfmath.code.tex)
\pgffor@iter=\dimen152
\pgffor@skip=\dimen153
\pgffor@stack=\toks37
\pgffor@toks=\toks38
))
(/usr/share/texlive/texmf-dist/tex/generic/pgf/frontendlayer/tikz/tikz.code.tex
Package: tikz 2015/08/07 v3.0.1a (rcs-revision 1.151)

(/usr/share/texlive/texmf-dist/tex/generic/pgf/libraries/pgflibraryplothandlers
.code.tex
File: pgflibraryplothandlers.code.tex 2013/08/31 v3.0.1a (rcs-revision 1.20)
\pgf@plot@mark@count=\count115
\pgfplotmarksize=\dimen154
)
\tikz@lastx=\dimen155
\tikz@lasty=\dimen156
\tikz@lastxsaved=\dimen157
\tikz@lastysaved=\dimen158
\tikzleveldistance=\dimen159
\tikzsiblingdistance=\dimen160
\tikz@figbox=\box35
\tikz@figbox@bg=\box36
\tikz@tempbox=\box37
\tikz@tempbox@bg=\box38
\tikztreelevel=\count116
\tikznumberofchildren=\count117
\tikznumberofcurrentchild=\count118
\tikz@fig@count=\count119

(/usr/share/texlive/texmf-dist/tex/generic/pgf/modules/pgfmodulematrix.code.tex
File: pgfmodulematrix.code.tex 2013/09/17  (rcs-revision 1.8)
\pgfmatrixcurrentrow=\count120
\pgfmatrixcurrentcolumn=\count121
\pgf@matrix@numberofcolumns=\count122
)
\tikz@expandcount=\count123

(/usr/share/texlive/texmf-dist/tex/generic/pgf/frontendlayer/tikz/libraries/tik
zlibrarytopaths.code.tex
File: tikzlibrarytopaths.code.tex 2008/06/17 v3.0.1a (rcs-revision 1.2)
)))
(/usr/share/texlive/texmf-dist/tex/generic/pgf/frontendlayer/tikz/libraries/tik
zlibrarypositioning.code.tex
File: tikzlibrarypositioning.code.tex 2008/10/06 v3.0.1a (rcs-revision 1.7)
)
(/usr/share/texlive/texmf-dist/tex/latex/tools/calc.sty
Package: calc 2017/05/25 v4.3 Infix arithmetic (KKT,FJ)
\calc@Acount=\count124
\calc@Bcount=\count125
\calc@Adimen=\dimen161
\calc@Bdimen=\dimen162
\calc@Askip=\skip48
\calc@Bskip=\skip49
LaTeX Info: Redefining \setlength on input line 80.
LaTeX Info: Redefining \addtolength on input line 81.
\calc@Ccount=\count126
\calc@Cskip=\skip50
)
\c@@todonotes@numberoftodonotes=\count127
)
(/usr/share/texlive/texmf-dist/tex/latex/hyperref/hyperref.sty
Package: hyperref 2018/02/06 v6.86b Hypertext links for LaTeX

(/usr/share/texlive/texmf-dist/tex/generic/oberdiek/hobsub-hyperref.sty
Package: hobsub-hyperref 2016/05/16 v1.14 Bundle oberdiek, subset hyperref (HO)


(/usr/share/texlive/texmf-dist/tex/generic/oberdiek/hobsub-generic.sty
Package: hobsub-generic 2016/05/16 v1.14 Bundle oberdiek, subset generic (HO)
Package: hobsub 2016/05/16 v1.14 Construct package bundles (HO)
Package: infwarerr 2016/05/16 v1.4 Providing info/warning/error messages (HO)
Package: ltxcmds 2016/05/16 v1.23 LaTeX kernel commands for general use (HO)
Package: ifluatex 2016/05/16 v1.4 Provides the ifluatex switch (HO)
Package ifluatex Info: LuaTeX not detected.
Package: ifvtex 2016/05/16 v1.6 Detect VTeX and its facilities (HO)
Package ifvtex Info: VTeX not detected.
Package: intcalc 2016/05/16 v1.2 Expandable calculations with integers (HO)
Package: ifpdf 2017/03/15 v3.2 Provides the ifpdf switch
Package: etexcmds 2016/05/16 v1.6 Avoid name clashes with e-TeX commands (HO)
Package: kvsetkeys 2016/05/16 v1.17 Key value parser (HO)
Package: kvdefinekeys 2016/05/16 v1.4 Define keys (HO)
Package: pdftexcmds 2018/01/30 v0.27 Utility functions of pdfTeX for LuaTeX (HO
)
Package pdftexcmds Info: LuaTeX not detected.
Package pdftexcmds Info: \pdf@primitive is available.
Package pdftexcmds Info: \pdf@ifprimitive is available.
Package pdftexcmds Info: \pdfdraftmode found.
Package: pdfescape 2016/05/16 v1.14 Implements pdfTeX's escape features (HO)
Package: bigintcalc 2016/05/16 v1.4 Expandable calculations on big integers (HO
)
Package: bitset 2016/05/16 v1.2 Handle bit-vector datatype (HO)
Package: uniquecounter 2016/05/16 v1.3 Provide unlimited unique counter (HO)
)
Package hobsub Info: Skipping package `hobsub' (already loaded).
Package: letltxmacro 2016/05/16 v1.5 Let assignment for LaTeX macros (HO)
Package: hopatch 2016/05/16 v1.3 Wrapper for package hooks (HO)
Package: xcolor-patch 2016/05/16 xcolor patch
Package: atveryend 2016/05/16 v1.9 Hooks at the very end of document (HO)
Package atveryend Info: \enddocument detected (standard20110627).
Package: atbegshi 2016/06/09 v1.18 At begin shipout hook (HO)
Package: refcount 2016/05/16 v3.5 Data extraction from label references (HO)
Package: hycolor 2016/05/16 v1.8 Color options for hyperref/bookmark (HO)
)
(/usr/share/texlive/texmf-dist/tex/generic/ifxetex/ifxetex.sty
Package: ifxetex 2010/09/12 v0.6 Provides ifxetex conditional
)
(/usr/share/texlive/texmf-dist/tex/latex/oberdiek/auxhook.sty
Package: auxhook 2016/05/16 v1.4 Hooks for auxiliary files (HO)
)
(/usr/share/texlive/texmf-dist/tex/latex/oberdiek/kvoptions.sty
Package: kvoptions 2016/05/16 v3.12 Key value format for package options (HO)
)
\@linkdim=\dimen163
\Hy@linkcounter=\count128
\Hy@pagecounter=\count129

(/usr/share/texlive/texmf-dist/tex/latex/hyperref/pd1enc.def
File: pd1enc.def 2018/02/06 v6.86b Hyperref: PDFDocEncoding definition (HO)
)
\Hy@SavedSpaceFactor=\count130

(/usr/share/texlive/texmf-dist/tex/latex/latexconfig/hyperref.cfg
File: hyperref.cfg 2002/06/06 v1.2 hyperref configuration of TeXLive
)
Package hyperref Info: Option `colorlinks' set `true' on input line 4383.
Package hyperref Info: Hyper figures OFF on input line 4509.
Package hyperref Info: Link nesting OFF on input line 4514.
Package hyperref Info: Hyper index ON on input line 4517.
Package hyperref Info: Plain pages OFF on input line 4524.
Package hyperref Info: Backreferencing OFF on input line 4529.
Package hyperref Info: Implicit mode ON; LaTeX internals redefined.
Package hyperref Info: Bookmarks ON on input line 4762.
\c@Hy@tempcnt=\count131

(/usr/share/texlive/texmf-dist/tex/latex/url/url.sty
\Urlmuskip=\muskip11
Package: url 2013/09/16  ver 3.4  Verb mode for urls, etc.
)
LaTeX Info: Redefining \url on input line 5115.
\XeTeXLinkMargin=\dimen164
\Fld@menulength=\count132
\Field@Width=\dimen165
\Fld@charsize=\dimen166
Package hyperref Info: Hyper figures OFF on input line 6369.
Package hyperref Info: Link nesting OFF on input line 6374.
Package hyperref Info: Hyper index ON on input line 6377.
Package hyperref Info: backreferencing OFF on input line 6384.
Package hyperref Info: Link coloring ON on input line 6387.
Package hyperref Info: Link coloring with OCG OFF on input line 6394.
Package hyperref Info: PDF/A mode OFF on input line 6399.
LaTeX Info: Redefining \ref on input line 6439.
LaTeX Info: Redefining \pageref on input line 6443.
\Hy@abspage=\count133
\c@Item=\count134
\c@Hfootnote=\count135
)
Package hyperref Info: Driver (autodetected): hpdftex.

(/usr/share/texlive/texmf-dist/tex/latex/hyperref/hpdftex.def
File: hpdftex.def 2018/02/06 v6.86b Hyperref driver for pdfTeX
\Fld@listcount=\count136
\c@bookmark@seq@number=\count137

(/usr/share/texlive/texmf-dist/tex/latex/oberdiek/rerunfilecheck.sty
Package: rerunfilecheck 2016/05/16 v1.8 Rerun checks for auxiliary files (HO)
Package uniquecounter Info: New unique counter `rerunfilecheck' on input line 2
82.
)
\Hy@SectionHShift=\skip51
)
(/usr/share/texlive/texmf-dist/tex/latex/subfigure/subfigure.sty
Package: subfigure 2002/03/15 v2.1.5 subfigure package
\subfigtopskip=\skip52
\subfigcapskip=\skip53
\subfigcaptopadj=\dimen167
\subfigbottomskip=\skip54
\subfigcapmargin=\dimen168
\subfiglabelskip=\skip55
\c@subfigure=\count138
\c@lofdepth=\count139
\c@subtable=\count140
\c@lotdepth=\count141

****************************************
* Local config file subfigure.cfg used *
****************************************
(/usr/share/texlive/texmf-dist/tex/latex/subfigure/subfigure.cfg)
\subfig@top=\skip56
\subfig@bottom=\skip57
)
(/usr/share/texlive/texmf-dist/tex/latex/float/float.sty
Package: float 2001/11/08 v1.3d Float enhancements (AL)
\c@float@type=\count142
\float@exts=\toks39
\float@box=\box39
\@float@everytoks=\toks40
\@floatcapt=\box40
)
(/usr/share/texlive/texmf-dist/tex/latex/listings/listings.sty
\lst@mode=\count143
\lst@gtempboxa=\box41
\lst@token=\toks41
\lst@length=\count144
\lst@currlwidth=\dimen169
\lst@column=\count145
\lst@pos=\count146
\lst@lostspace=\dimen170
\lst@width=\dimen171
\lst@newlines=\count147
\lst@lineno=\count148
\lst@maxwidth=\dimen172

(/usr/share/texlive/texmf-dist/tex/latex/listings/lstmisc.sty
File: lstmisc.sty 2015/06/04 1.6 (Carsten Heinz)
\c@lstnumber=\count149
\lst@skipnumbers=\count150
\lst@framebox=\box42
)
(/usr/share/texlive/texmf-dist/tex/latex/listings/listings.cfg
File: listings.cfg 2015/06/04 1.6 listings configuration
))
Package: listings 2015/06/04 1.6 (Carsten Heinz)

(/usr/share/texlive/texmf-dist/tex/latex/listings/lstlang1.sty
File: lstlang1.sty 2015/06/04 1.6 listings language file
)
(/usr/share/texlive/texmf-dist/tex/latex/listings/lstlang2.sty
File: lstlang2.sty 2015/06/04 1.6 listings language file
)
(/usr/share/texlive/texmf-dist/tex/latex/listings/lstlang3.sty
File: lstlang3.sty 2015/06/04 1.6 listings language file
)
(./series_ciclo.aux)
\openout1 = `series_ciclo.aux'.

LaTeX Font Info:    Checking defaults for OML/cmm/m/it on input line 48.
LaTeX Font Info:    ... okay on input line 48.
LaTeX Font Info:    Checking defaults for T1/cmr/m/n on input line 48.
LaTeX Font Info:    ... okay on input line 48.
LaTeX Font Info:    Checking defaults for OT1/cmr/m/n on input line 48.
LaTeX Font Info:    ... okay on input line 48.
LaTeX Font Info:    Checking defaults for OMS/cmsy/m/n on input line 48.
LaTeX Font Info:    ... okay on input line 48.
LaTeX Font Info:    Checking defaults for OMX/cmex/m/n on input line 48.
LaTeX Font Info:    ... okay on input line 48.
LaTeX Font Info:    Checking defaults for U/cmr/m/n on input line 48.
LaTeX Font Info:    ... okay on input line 48.
LaTeX Font Info:    Checking defaults for PD1/pdf/m/n on input line 48.
LaTeX Font Info:    ... okay on input line 48.
 (/usr/share/texlive/texmf-dist/tex/latex/ucs/ucsencs.def
File: ucsencs.def 2011/01/21 Fixes to fontencodings LGR, T3
)
(/usr/share/texlive/texmf-dist/tex/context/base/mkii/supp-pdf.mkii
[Loading MPS to PDF converter (version 2006.09.02).]
\scratchcounter=\count151
\scratchdimen=\dimen173
\scratchbox=\box43
\nofMPsegments=\count152
\nofMParguments=\count153
\everyMPshowfont=\toks42
\MPscratchCnt=\count154
\MPscratchDim=\dimen174
\MPnumerator=\count155
\makeMPintoPDFobject=\count156
\everyMPtoPDFconversion=\toks43
) (/usr/share/texlive/texmf-dist/tex/latex/oberdiek/epstopdf-base.sty
Package: epstopdf-base 2016/05/15 v2.6 Base part for package epstopdf

(/usr/share/texlive/texmf-dist/tex/latex/oberdiek/grfext.sty
Package: grfext 2016/05/16 v1.2 Manage graphics extensions (HO)
)
Package epstopdf-base Info: Redefining graphics rule for `.eps' on input line 4
38.
Package grfext Info: Graphics extension search list:
(grfext)             [.pdf,.png,.jpg,.mps,.jpeg,.jbig2,.jb2,.PDF,.PNG,.JPG,.JPE
G,.JBIG2,.JB2,.eps]
(grfext)             \AppendGraphicsExtensions on input line 456.

(/usr/share/texlive/texmf-dist/tex/latex/latexconfig/epstopdf-sys.cfg
File: epstopdf-sys.cfg 2010/07/13 v1.3 Configuration of (r)epstopdf for TeX Liv
e
))
ABD: EveryShipout initializing macros
\AtBeginShipoutBox=\box44
Package hyperref Info: Link coloring ON on input line 48.

(/usr/share/texlive/texmf-dist/tex/latex/hyperref/nameref.sty
Package: nameref 2016/05/21 v2.44 Cross-referencing by name of section

(/usr/share/texlive/texmf-dist/tex/generic/oberdiek/gettitlestring.sty
Package: gettitlestring 2016/05/16 v1.5 Cleanup title references (HO)
)
\c@section@level=\count157
)
LaTeX Info: Redefining \ref on input line 48.
LaTeX Info: Redefining \pageref on input line 48.
LaTeX Info: Redefining \nameref on input line 48.

(./series_ciclo.out) (./series_ciclo.out)
\@outlinefile=\write4
\openout4 = `series_ciclo.out'.

\c@lstlisting=\count158

(/usr/share/texlive/texmf-dist/tex/latex/ucs/data/uni-0.def
File: uni-0.def 2013/05/13 UCS: Unicode data U+0000..U+00FF
) [1

{/var/lib/texmf/fonts/map/pdftex/updmap/pdftex.map}]
(/usr/share/texlive/texmf-dist/tex/latex/ucs/data/uni-32.def
File: uni-32.def 2013/05/13 UCS: Unicode data U+2000..U+20FF
) [2]
LaTeX Font Info:    Try loading font information for T1+cmtt on input line 84.

(/usr/share/texlive/texmf-dist/tex/latex/base/t1cmtt.fd
File: t1cmtt.fd 2014/09/29 v2.5h Standard LaTeX font definitions
)
<../plots/oro.png, id=120, 722.7pt x 505.89pt>
File: ../plots/oro.png Graphic file (type png)
<use ../plots/oro.png>
Package pdftex.def Info: ../plots/oro.png  used on input line 90.
(pdftex.def)             Requested size: 276.00105pt x 193.19737pt.
 [3]
<../plots/gdp_in_gold_eda.PNG, id=143, 722.7pt x 433.62pt>
File: ../plots/gdp_in_gold_eda.PNG Graphic file (type png)
<use ../plots/gdp_in_gold_eda.PNG>
Package pdftex.def Info: ../plots/gdp_in_gold_eda.PNG  used on input line 105.
(pdftex.def)             Requested size: 258.75pt x 155.24954pt.
<../plots/wg_in_gold_eda.PNG, id=144, 722.7pt x 433.62pt>
File: ../plots/wg_in_gold_eda.PNG Graphic file (type png)
<use ../plots/wg_in_gold_eda.PNG>
Package pdftex.def Info: ../plots/wg_in_gold_eda.PNG  used on input line 107.
(pdftex.def)             Requested size: 258.75pt x 155.24954pt.
 [4pdfTeX warning (ext4): destination with the same identifier (name{figure.1})
 has been already used, duplicate ignored

\@EveryShipout@Output ...@Org@Shipout \box \@cclv 
                                                  
l.110 
       <../plots/oro.png (PNG copy)>] [5pdfTeX warning (ext4): destination with
 the same identifier (name{figure.2}) has been already used, duplicate ignored

\@EveryShipout@Output ...@Org@Shipout \box \@cclv 
                                                  
l.143 
      pdfTeX warning (ext4): destination with the same identifier (name{table.1
}) has been already used, duplicate ignored

\@EveryShipout@Output ...@Org@Shipout \box \@cclv 
                                                  
l.143 
       <../plots/gdp_in_gold_eda.PNG (PNG copy)> <../plots/wg_in_gold_eda.PNG (
PNG copy)>]
<../plots/ir_orig.png, id=159, 677.53125pt x 526.96875pt>
File: ../plots/ir_orig.png Graphic file (type png)
<use ../plots/ir_orig.png>
Package pdftex.def Info: ../plots/ir_orig.png  used on input line 154.
(pdftex.def)             Requested size: 258.75pt x 201.25531pt.
<../plots/ir_diff.png, id=161, 677.53125pt x 451.6875pt>
File: ../plots/ir_diff.png Graphic file (type png)
<use ../plots/ir_diff.png>
Package pdftex.def Info: ../plots/ir_diff.png  used on input line 164.
(pdftex.def)             Requested size: 258.75pt x 172.50455pt.
<../plots/ir_diff_acf.png, id=162, 677.53125pt x 451.6875pt>
File: ../plots/ir_diff_acf.png Graphic file (type png)
<use ../plots/ir_diff_acf.png>
Package pdftex.def Info: ../plots/ir_diff_acf.png  used on input line 165.
(pdftex.def)             Requested size: 258.75pt x 172.50455pt.
 [6pdfTeX warning (ext4): destination with the same identifier (name{figure.3})
 has been already used, duplicate ignored

\@EveryShipout@Output ...@Org@Shipout \box \@cclv 
                                                  
l.169 
       <../plots/ir_orig.png>]
<../plots/ir_fft.png, id=173, 677.53125pt x 451.6875pt>
File: ../plots/ir_fft.png Graphic file (type png)
<use ../plots/ir_fft.png>
Package pdftex.def Info: ../plots/ir_fft.png  used on input line 174.
(pdftex.def)             Requested size: 276.00105pt x 184.00761pt.
 [7pdfTeX warning (ext4): destination with the same identifier (name{figure.4})
 has been already used, duplicate ignored

\@EveryShipout@Output ...@Org@Shipout \box \@cclv 
                                                  
l.178 
       <../plots/ir_diff.png> <../plots/ir_diff_acf.png (PNG copy)>]
<../plots/ir_orig_resid.png, id=183, 677.53125pt x 526.96875pt>
File: ../plots/ir_orig_resid.png Graphic file (type png)
<use ../plots/ir_orig_resid.png>
Package pdftex.def Info: ../plots/ir_orig_resid.png  used on input line 183.
(pdftex.def)             Requested size: 276.00105pt x 214.67555pt.
<../plots/ir_resid_acf.png, id=184, 677.53125pt x 451.6875pt>
File: ../plots/ir_resid_acf.png Graphic file (type png)
<use ../plots/ir_resid_acf.png>
Package pdftex.def Info: ../plots/ir_resid_acf.png  used on input line 190.
(pdftex.def)             Requested size: 276.00105pt x 184.00761pt.
 [8pdfTeX warning (ext4): destination with the same identifier (name{figure.5})
 has been already used, duplicate ignored

\@EveryShipout@Output ...@Org@Shipout \box \@cclv 
                                                  
l.194 
      pdfTeX warning (ext4): destination with the same identifier (name{figure.
6}) has been already used, duplicate ignored

\@EveryShipout@Output ...@Org@Shipout \box \@cclv 
                                                  
l.194 
       <../plots/ir_fft.png> <../plots/ir_orig_resid.png (PNG copy)>]
<../plots/cpi_orig.png, id=193, 677.53125pt x 526.96875pt>
File: ../plots/cpi_orig.png Graphic file (type png)
<use ../plots/cpi_orig.png>
Package pdftex.def Info: ../plots/cpi_orig.png  used on input line 200.
(pdftex.def)             Requested size: 276.00105pt x 214.67555pt.
 [9pdfTeX warning (ext4): destination with the same identifier (name{figure.7})
 has been already used, duplicate ignored

\@EveryShipout@Output ...@Org@Shipout \box \@cclv 
                                                  
l.204 
       <../plots/ir_resid_acf.png (PNG copy)>]
<../plots/cpi_log10_tend.png, id=200, 677.53125pt x 526.96875pt>
File: ../plots/cpi_log10_tend.png Graphic file (type png)
<use ../plots/cpi_log10_tend.png>
Package pdftex.def Info: ../plots/cpi_log10_tend.png  used on input line 211.
(pdftex.def)             Requested size: 276.00105pt x 214.67555pt.
 [10pdfTeX warning (ext4): destination with the same identifier (name{figure.8}
) has been already used, duplicate ignored

\@EveryShipout@Output ...@Org@Shipout \box \@cclv 
                                                  
l.217 
      pdfTeX warning (ext4): destination with the same identifier (name{figure.
9}) has been already used, duplicate ignored

\@EveryShipout@Output ...@Org@Shipout \box \@cclv 
                                                  
l.217 
       <../plots/cpi_orig.png> <../plots/cpi_log10_tend.png (PNG copy)>]
<../plots/cpi_log10_cntr_pre.png, id=208, 451.6875pt x 451.6875pt>
File: ../plots/cpi_log10_cntr_pre.png Graphic file (type png)
<use ../plots/cpi_log10_cntr_pre.png>
Package pdftex.def Info: ../plots/cpi_log10_cntr_pre.png  used on input line 22
0.
(pdftex.def)             Requested size: 169.0519pt x 169.05156pt.
<../plots/cpi_log10_cntr_post.png, id=209, 451.6875pt x 451.6875pt>
File: ../plots/cpi_log10_cntr_post.png Graphic file (type png)
<use ../plots/cpi_log10_cntr_post.png>
Package pdftex.def Info: ../plots/cpi_log10_cntr_post.png  used on input line 2
21.
(pdftex.def)             Requested size: 169.0519pt x 169.05156pt.
<../plots/cpi_fft_pre1900.png, id=211, 677.53125pt x 526.96875pt>
File: ../plots/cpi_fft_pre1900.png Graphic file (type png)
<use ../plots/cpi_fft_pre1900.png>
Package pdftex.def Info: ../plots/cpi_fft_pre1900.png  used on input line 230.
(pdftex.def)             Requested size: 169.0519pt x 131.48454pt.
<../plots/cpi_fft_post1900.png, id=212, 677.53125pt x 526.96875pt>
File: ../plots/cpi_fft_post1900.png Graphic file (type png)
<use ../plots/cpi_fft_post1900.png>
Package pdftex.def Info: ../plots/cpi_fft_post1900.png  used on input line 231.

(pdftex.def)             Requested size: 169.0519pt x 131.48454pt.

[11pdfTeX warning (ext4): destination with the same identifier (name{figure.10}
) has been already used, duplicate ignored

\@EveryShipout@Output ...@Org@Shipout \box \@cclv 
                                                  
l.237 
      pdfTeX warning (ext4): destination with the same identifier (name{figure.
11}) has been already used, duplicate ignored

\@EveryShipout@Output ...@Org@Shipout \box \@cclv 
                                                  
l.237 
       <../plots/cpi_log10_cntr_pre.png> <../plots/cpi_log10_cntr_post.png> <..
/plots/cpi_fft_pre1900.png> <../plots/cpi_fft_post1900.png>]
<../plots/cpi_antifft_pre1900.png, id=230, 677.53125pt x 526.96875pt>
File: ../plots/cpi_antifft_pre1900.png Graphic file (type png)
<use ../plots/cpi_antifft_pre1900.png>
Package pdftex.def Info: ../plots/cpi_antifft_pre1900.png  used on input line 2
40.
(pdftex.def)             Requested size: 169.0519pt x 131.48454pt.
<../plots/cpi_antifft_post1900.png, id=231, 677.53125pt x 526.96875pt>
File: ../plots/cpi_antifft_post1900.png Graphic file (type png)
<use ../plots/cpi_antifft_post1900.png>
Package pdftex.def Info: ../plots/cpi_antifft_post1900.png  used on input line 
241.
(pdftex.def)             Requested size: 169.0519pt x 131.48454pt.
<../plots/cpi_acf_pre1900.png, id=232, 677.53125pt x 526.96875pt>
File: ../plots/cpi_acf_pre1900.png Graphic file (type png)
<use ../plots/cpi_acf_pre1900.png>
Package pdftex.def Info: ../plots/cpi_acf_pre1900.png  used on input line 248.
(pdftex.def)             Requested size: 169.0519pt x 131.48454pt.
<../plots/cpi_acf_post1900.png, id=233, 677.53125pt x 526.96875pt>
File: ../plots/cpi_acf_post1900.png Graphic file (type png)
<use ../plots/cpi_acf_post1900.png>
Package pdftex.def Info: ../plots/cpi_acf_post1900.png  used on input line 249.

(pdftex.def)             Requested size: 169.0519pt x 131.48454pt.
 [12pdfTeX warning (ext4): destination with the same identifier (name{figure.12
}) has been already used, duplicate ignored

\@EveryShipout@Output ...@Org@Shipout \box \@cclv 
                                                  
l.256 
      pdfTeX warning (ext4): destination with the same identifier (name{figure.
13}) has been already used, duplicate ignored

\@EveryShipout@Output ...@Org@Shipout \box \@cclv 
                                                  
l.256 
       <../plots/cpi_antifft_pre1900.png (PNG copy)> <../plots/cpi_antifft_post
1900.png (PNG copy)> <../plots/cpi_acf_pre1900.png (PNG copy)> <../plots/cpi_ac
f_post1900.png (PNG copy)>]
<../plots/PBI.png, id=245, 677.53125pt x 451.6875pt>
File: ../plots/PBI.png Graphic file (type png)
<use ../plots/PBI.png>
Package pdftex.def Info: ../plots/PBI.png  used on input line 259.
(pdftex.def)             Requested size: 169.0519pt x 112.70103pt.
<../plots/PBI_log_tend.png, id=246, 677.53125pt x 451.6875pt>
File: ../plots/PBI_log_tend.png Graphic file (type png)
<use ../plots/PBI_log_tend.png>
Package pdftex.def Info: ../plots/PBI_log_tend.png  used on input line 260.
(pdftex.def)             Requested size: 169.0519pt x 112.70103pt.
<../plots/PBI_centrado.png, id=248, 677.53125pt x 451.6875pt>
File: ../plots/PBI_centrado.png Graphic file (type png)
<use ../plots/PBI_centrado.png>
Package pdftex.def Info: ../plots/PBI_centrado.png  used on input line 269.
(pdftex.def)             Requested size: 276.00105pt x 184.00761pt.
<../plots/PBI_centrado_fft.png, id=250, 677.53125pt x 451.6875pt>
File: ../plots/PBI_centrado_fft.png Graphic file (type png)
<use ../plots/PBI_centrado_fft.png>
Package pdftex.def Info: ../plots/PBI_centrado_fft.png  used on input line 279.

(pdftex.def)             Requested size: 276.00105pt x 184.00761pt.
 [13pdfTeX warning (ext4): destination with the same identifier (name{figure.14
}) has been already used, duplicate ignored

\@EveryShipout@Output ...@Org@Shipout \box \@cclv 
                                                  
l.283 
      pdfTeX warning (ext4): destination with the same identifier (name{figure.
15}) has been already used, duplicate ignored

\@EveryShipout@Output ...@Org@Shipout \box \@cclv 
                                                  
l.283 
       <../plots/PBI.png> <../plots/PBI_log_tend.png> <../plots/PBI_centrado.pn
g>]
<../plots/PBI_centrado_antifft.png, id=265, 677.53125pt x 451.6875pt>
File: ../plots/PBI_centrado_antifft.png Graphic file (type png)
<use ../plots/PBI_centrado_antifft.png>
Package pdftex.def Info: ../plots/PBI_centrado_antifft.png  used on input line 
288.
(pdftex.def)             Requested size: 276.00105pt x 184.00761pt.
<../plots/PBI_fft_resid.png, id=267, 677.53125pt x 526.96875pt>
File: ../plots/PBI_fft_resid.png Graphic file (type png)
<use ../plots/PBI_fft_resid.png>
Package pdftex.def Info: ../plots/PBI_fft_resid.png  used on input line 297.
(pdftex.def)             Requested size: 169.0519pt x 131.48454pt.
<../plots/PBI_resid_acf.png, id=268, 677.53125pt x 526.96875pt>
File: ../plots/PBI_resid_acf.png Graphic file (type png)
<use ../plots/PBI_resid_acf.png>
Package pdftex.def Info: ../plots/PBI_resid_acf.png  used on input line 298.
(pdftex.def)             Requested size: 169.0519pt x 131.48454pt.
 [14pdfTeX warning (ext4): destination with the same identifier (name{figure.16
}) has been already used, duplicate ignored

\@EveryShipout@Output ...@Org@Shipout \box \@cclv 
                                                  
l.303 
      pdfTeX warning (ext4): destination with the same identifier (name{figure.
17}) has been already used, duplicate ignored

\@EveryShipout@Output ...@Org@Shipout \box \@cclv 
                                                  
l.303 
       <../plots/PBI_centrado_fft.png> <../plots/PBI_centrado_antifft.png (PNG 
copy)>]
<../plots/Autocorrelacion_gdp.png, id=279, 526.8483pt x 325.215pt>
File: ../plots/Autocorrelacion_gdp.png Graphic file (type png)
<use ../plots/Autocorrelacion_gdp.png>
Package pdftex.def Info: ../plots/Autocorrelacion_gdp.png  used on input line 3
12.
(pdftex.def)             Requested size: 258.75pt x 159.719pt.
<../plots/Autocorrelacion_wg.png, id=280, 526.8483pt x 325.215pt>
File: ../plots/Autocorrelacion_wg.png Graphic file (type png)
<use ../plots/Autocorrelacion_wg.png>
Package pdftex.def Info: ../plots/Autocorrelacion_wg.png  used on input line 31
3.
(pdftex.def)             Requested size: 258.75pt x 159.719pt.
 [15pdfTeX warning (ext4): destination with the same identifier (name{figure.18
}) has been already used, duplicate ignored

\@EveryShipout@Output ...@Org@Shipout \box \@cclv 
                                                  
l.316 
       <../plots/PBI_fft_resid.png (PNG copy)> <../plots/PBI_resid_acf.png (PNG
 copy)>]
<../plots/Autocorrelacion_gdp_pre71.png, id=289, 526.8483pt x 325.215pt>
File: ../plots/Autocorrelacion_gdp_pre71.png Graphic file (type png)
<use ../plots/Autocorrelacion_gdp_pre71.png>
Package pdftex.def Info: ../plots/Autocorrelacion_gdp_pre71.png  used on input 
line 322.
(pdftex.def)             Requested size: 169.0519pt x 104.34882pt.
<../plots/Autocorrelacion_gdp_post71.png, id=290, 526.8483pt x 325.215pt>
File: ../plots/Autocorrelacion_gdp_post71.png Graphic file (type png)
<use ../plots/Autocorrelacion_gdp_post71.png>
Package pdftex.def Info: ../plots/Autocorrelacion_gdp_post71.png  used on input
 line 323.
(pdftex.def)             Requested size: 169.0519pt x 104.34882pt.
<../plots/Autocorrelacion_wg_pre71.png, id=291, 526.8483pt x 325.215pt>
File: ../plots/Autocorrelacion_wg_pre71.png Graphic file (type png)
<use ../plots/Autocorrelacion_wg_pre71.png>
Package pdftex.def Info: ../plots/Autocorrelacion_wg_pre71.png  used on input l
ine 324.
(pdftex.def)             Requested size: 169.0519pt x 104.34882pt.
<../plots/Autocorrelacion_wg_post71.png, id=292, 526.8483pt x 325.215pt>
File: ../plots/Autocorrelacion_wg_post71.png Graphic file (type png)
<use ../plots/Autocorrelacion_wg_post71.png>
Package pdftex.def Info: ../plots/Autocorrelacion_wg_post71.png  used on input 
line 325.
(pdftex.def)             Requested size: 169.0519pt x 104.34882pt.
 [16pdfTeX warning (ext4): destination with the same identifier (name{figure.19
}) has been already used, duplicate ignored

\@EveryShipout@Output ...@Org@Shipout \box \@cclv 
                                                  
l.328 
       <../plots/Autocorrelacion_gdp.png (PNG copy)> <../plots/Autocorrelacion_
wg.png (PNG copy)>]
<../plots/arima_tot.png, id=302, 526.8483pt x 325.215pt>
File: ../plots/arima_tot.png Graphic file (type png)
<use ../plots/arima_tot.png>
Package pdftex.def Info: ../plots/arima_tot.png  used on input line 335.
(pdftex.def)             Requested size: 276.00105pt x 170.36826pt.
<../plots/arima_groups.png, id=303, 526.8483pt x 325.215pt>
File: ../plots/arima_groups.png Graphic file (type png)
<use ../plots/arima_groups.png>
Package pdftex.def Info: ../plots/arima_groups.png  used on input line 337.
(pdftex.def)             Requested size: 276.00105pt x 170.36826pt.
 [17pdfTeX warning (ext4): destination with the same identifier (name{figure.20
}) has been already used, duplicate ignored

\@EveryShipout@Output ...@Org@Shipout \box \@cclv 
                                                  
l.340 
       <../plots/Autocorrelacion_gdp_pre71.png (PNG copy)> <../plots/Autocorrel
acion_gdp_post71.png (PNG copy)> <../plots/Autocorrelacion_wg_pre71.png (PNG co
py)> <../plots/Autocorrelacion_wg_post71.png (PNG copy)>]
Overfull \hbox (28.5098pt too wide) in paragraph at lines 345--355
 [][] 
 []

[18pdfTeX warning (ext4): destination with the same identifier (name{figure.21}
) has been already used, duplicate ignored

\@EveryShipout@Output ...@Org@Shipout \box \@cclv 
                                                  
l.362 
       <../plots/arima_tot.png (PNG copy)> <../plots/arima_groups.png (PNG copy
)>] [19]
<../plots/morelt.png, id=340, 526.8483pt x 325.215pt>
File: ../plots/morelt.png Graphic file (type png)
<use ../plots/morelt.png>
Package pdftex.def Info: ../plots/morelt.png  used on input line 394.
(pdftex.def)             Requested size: 345.0pt x 212.96031pt.
 [20pdfTeX warning (ext4): destination with the same identifier (name{figure.22
}) has been already used, duplicate ignored

\@EveryShipout@Output ...@Org@Shipout \box \@cclv 
                                                  
l.402 	\item \textbf
                    {impulso}: Una serie con un valor constante de 50, que e...
 <../plots/morelt.png (PNG copy)>]
LaTeX Font Info:    Try loading font information for OMS+cmr on input line 402.


(/usr/share/texlive/texmf-dist/tex/latex/base/omscmr.fd
File: omscmr.fd 2014/09/29 v2.5h Standard LaTeX font definitions
)
LaTeX Font Info:    Font shape `OMS/cmr/m/n' in size <10> not available
(Font)              Font shape `OMS/cmsy/m/n' tried instead on input line 402.

Overfull \hbox (46.13828pt too wide) in paragraph at lines 420--421
[][][][][][][][][][][][][][][][][][][][][][][][][][][][][][] 
 []

<../plots/serie_teorica.PNG, id=354, 526.8483pt x 325.215pt>
File: ../plots/serie_teorica.PNG Graphic file (type png)
<use ../plots/serie_teorica.PNG>
Package pdftex.def Info: ../plots/serie_teorica.PNG  used on input line 426.
(pdftex.def)             Requested size: 345.0pt x 212.96031pt.
[21pdfTeX warning (ext4): destination with the same identifier (name{figure.23}
) has been already used, duplicate ignored

\@EveryShipout@Output ...@Org@Shipout \box \@cclv 
                                                  
l.431 
       <../plots/serie_teorica.PNG>]
<../plots/espectograma_teorico_impulso.png, id=374, 1606.0pt x 1003.75pt>
File: ../plots/espectograma_teorico_impulso.png Graphic file (type png)
<use ../plots/espectograma_teorico_impulso.png>
Package pdftex.def Info: ../plots/espectograma_teorico_impulso.png  used on inp
ut line 434.
(pdftex.def)             Requested size: 169.0519pt x 105.64957pt.
<../plots/espectograma_teorico_tendencia.png, id=375, 1606.0pt x 1003.75pt>
File: ../plots/espectograma_teorico_tendencia.png Graphic file (type png)
<use ../plots/espectograma_teorico_tendencia.png>
Package pdftex.def Info: ../plots/espectograma_teorico_tendencia.png  used on i
nput line 436.
(pdftex.def)             Requested size: 169.0519pt x 105.64957pt.
<../plots/espectograma_teorico_ciclo_3.png, id=376, 1606.0pt x 1003.75pt>
File: ../plots/espectograma_teorico_ciclo_3.png Graphic file (type png)
<use ../plots/espectograma_teorico_ciclo_3.png>
Package pdftex.def Info: ../plots/espectograma_teorico_ciclo_3.png  used on inp
ut line 438.
(pdftex.def)             Requested size: 169.0519pt x 105.64957pt.
<../plots/espectograma_teorico_ciclo_10.png, id=377, 1606.0pt x 1003.75pt>
File: ../plots/espectograma_teorico_ciclo_10.png Graphic file (type png)
<use ../plots/espectograma_teorico_ciclo_10.png>
Package pdftex.def Info: ../plots/espectograma_teorico_ciclo_10.png  used on in
put line 440.
(pdftex.def)             Requested size: 169.0519pt x 105.64957pt.
<../plots/espectograma_teorico_ciclo_50.png, id=378, 1606.0pt x 1003.75pt>
File: ../plots/espectograma_teorico_ciclo_50.png Graphic file (type png)
<use ../plots/espectograma_teorico_ciclo_50.png>
Package pdftex.def Info: ../plots/espectograma_teorico_ciclo_50.png  used on in
put line 442.
(pdftex.def)             Requested size: 169.0519pt x 105.64957pt.
<../plots/espectograma_teorico_ruido.png, id=379, 1606.0pt x 1003.75pt>
File: ../plots/espectograma_teorico_ruido.png Graphic file (type png)
<use ../plots/espectograma_teorico_ruido.png>
Package pdftex.def Info: ../plots/espectograma_teorico_ruido.png  used on input
 line 444.
(pdftex.def)             Requested size: 169.0519pt x 105.64957pt.
<../plots/espectograma_teorico_composicion_series.png, id=380, 1606.0pt x 1003.
75pt>
File: ../plots/espectograma_teorico_composicion_series.png Graphic file (type p
ng)
<use ../plots/espectograma_teorico_composicion_series.png>
Package pdftex.def Info: ../plots/espectograma_teorico_composicion_series.png  
used on input line 446.
(pdftex.def)             Requested size: 258.75pt x 161.72134pt.
 [22pdfTeX warning (ext4): destination with the same identifier (name{figure.24
}) has been already used, duplicate ignored

\@EveryShipout@Output ...@Org@Shipout \box \@cclv 
                                                  
l.451 
       <../plots/espectograma_teorico_impulso.png (PNG copy)> <../plots/especto
grama_teorico_tendencia.png (PNG copy)> <../plots/espectograma_teorico_ciclo_3.
png (PNG copy)> <../plots/espectograma_teorico_ciclo_10.png (PNG copy)> <../plo
ts/espectograma_teorico_ciclo_50.png (PNG copy)> <../plots/espectograma_teorico
_ruido.png (PNG copy)> <../plots/espectograma_teorico_composicion_series.png (P
NG copy)>]
<../plots/espectograma_gdp.png, id=402, 1606.0pt x 1003.75pt>
File: ../plots/espectograma_gdp.png Graphic file (type png)
<use ../plots/espectograma_gdp.png>
Package pdftex.def Info: ../plots/espectograma_gdp.png  used on input line 465.

(pdftex.def)             Requested size: 258.75pt x 161.72134pt.
<../plots/espectograma_log_gdp.png, id=403, 1606.0pt x 1003.75pt>
File: ../plots/espectograma_log_gdp.png Graphic file (type png)
<use ../plots/espectograma_log_gdp.png>
Package pdftex.def Info: ../plots/espectograma_log_gdp.png  used on input line 
467.
(pdftex.def)             Requested size: 258.75pt x 161.72134pt.
 [23]
<../plots/espectograma_wg.png, id=415, 1606.0pt x 1003.75pt>
File: ../plots/espectograma_wg.png Graphic file (type png)
<use ../plots/espectograma_wg.png>
Package pdftex.def Info: ../plots/espectograma_wg.png  used on input line 476.
(pdftex.def)             Requested size: 258.75pt x 161.72134pt.
<../plots/espectograma_log_wg.png, id=416, 1606.0pt x 1003.75pt>
File: ../plots/espectograma_log_wg.png Graphic file (type png)
<use ../plots/espectograma_log_wg.png>
Package pdftex.def Info: ../plots/espectograma_log_wg.png  used on input line 4
78.
(pdftex.def)             Requested size: 258.75pt x 161.72134pt.
 [24pdfTeX warning (ext4): destination with the same identifier (name{figure.25
}) has been already used, duplicate ignored

\@EveryShipout@Output ...@Org@Shipout \box \@cclv 
                                                  
l.481 
       <../plots/espectograma_gdp.png (PNG copy)> <../plots/espectograma_log_gd
p.png (PNG copy)>] [25pdfTeX warning (ext4): destination with the same identifi
er (name{figure.26}) has been already used, duplicate ignored

\@EveryShipout@Output ...@Org@Shipout \box \@cclv 
                                                  
l.491 
       <../plots/espectograma_wg.png (PNG copy)> <../plots/espectograma_log_wg.
png (PNG copy)>] (./series_ciclo.bbl [26]
Underfull \hbox (badness 1910) in paragraph at lines 101--104
[]\T1/cmr/m/n/10 Angi Roesch and Har-ald Schmid-bauer.  \T1/cmr/m/it/10 Wavelet
-Comp: Com-pu-ta-tional
 []

[27]) [28]
Package atveryend Info: Empty hook `BeforeClearDocument' on input line 503.
Package atveryend Info: Empty hook `AfterLastShipout' on input line 503.
 (./series_ciclo.aux)
Package atveryend Info: Executing hook `AtVeryEndDocument' on input line 503.
Package atveryend Info: Executing hook `AtEndAfterFileList' on input line 503.
Package rerunfilecheck Info: File `series_ciclo.out' has not changed.
(rerunfilecheck)             Checksum: C2CF3923E0EF63ECDCD6412C4767CE3D;692.
Package atveryend Info: Empty hook `AtVeryVeryEnd' on input line 503.
 ) 
Here is how much of TeX's memory you used:
 21002 strings out of 492641
 370801 string characters out of 6131786
 483470 words of memory out of 5000000
 24342 multiletter control sequences out of 15000+600000
 18358 words of font info for 44 fonts, out of 8000000 for 9000
 1141 hyphenation exceptions out of 8191
 62i,8n,72p,1350b,1745s stack positions out of 5000i,500n,10000p,200000b,80000s
{/usr/share/texmf/fonts/enc/dvips/cm-super/cm-super-t1.enc}</usr/share/texliv
e/texmf-dist/fonts/type1/public/amsfonts/cm/cmex10.pfb></usr/share/texlive/texm
f-dist/fonts/type1/public/amsfonts/cm/cmmi10.pfb></usr/share/texlive/texmf-dist
/fonts/type1/public/amsfonts/cm/cmmi5.pfb></usr/share/texlive/texmf-dist/fonts/
type1/public/amsfonts/cm/cmmi7.pfb></usr/share/texlive/texmf-dist/fonts/type1/p
ublic/amsfonts/cm/cmmi8.pfb></usr/share/texlive/texmf-dist/fonts/type1/public/a
msfonts/cm/cmr10.pfb></usr/share/texlive/texmf-dist/fonts/type1/public/amsfonts
/cm/cmr5.pfb></usr/share/texlive/texmf-dist/fonts/type1/public/amsfonts/cm/cmr7
.pfb></usr/share/texlive/texmf-dist/fonts/type1/public/amsfonts/cm/cmr8.pfb></u
sr/share/texlive/texmf-dist/fonts/type1/public/amsfonts/cm/cmsy10.pfb></usr/sha
re/texlive/texmf-dist/fonts/type1/public/amsfonts/cm/cmsy5.pfb></usr/share/texl
ive/texmf-dist/fonts/type1/public/amsfonts/cm/cmsy7.pfb></usr/share/texmf/fonts
/type1/public/cm-super/sfbx0900.pfb></usr/share/texmf/fonts/type1/public/cm-sup
er/sfbx1000.pfb></usr/share/texmf/fonts/type1/public/cm-super/sfbx1200.pfb></us
r/share/texmf/fonts/type1/public/cm-super/sfbx1440.pfb></usr/share/texmf/fonts/
type1/public/cm-super/sfrm0600.pfb></usr/share/texmf/fonts/type1/public/cm-supe
r/sfrm0700.pfb></usr/share/texmf/fonts/type1/public/cm-super/sfrm0800.pfb></usr
/share/texmf/fonts/type1/public/cm-super/sfrm0900.pfb></usr/share/texmf/fonts/t
ype1/public/cm-super/sfrm1000.pfb></usr/share/texmf/fonts/type1/public/cm-super
/sfrm1200.pfb></usr/share/texmf/fonts/type1/public/cm-super/sfrm1728.pfb></usr/
share/texmf/fonts/type1/public/cm-super/sfti1000.pfb></usr/share/texmf/fonts/ty
pe1/public/cm-super/sftt0800.pfb></usr/share/texmf/fonts/type1/public/cm-super/
sftt0900.pfb></usr/share/texmf/fonts/type1/public/cm-super/sftt1000.pfb>
Output written on series_ciclo.pdf (28 pages, 3570492 bytes).
PDF statistics:
 565 PDF objects out of 1000 (max. 8388607)
 443 compressed objects within 5 object streams
 136 named destinations out of 1000 (max. 500000)
 328 words of extra memory for PDF output out of 10000 (max. 10000000)

